#
# There is insufficient memory for the Java Runtime Environment to continue.
# Native memory allocation (mmap) failed to map 65536 bytes. Error detail: Failed to commit metaspace.
# Possible reasons:
#   The system is out of physical RAM or swap space
#   This process is running with CompressedOops enabled, and the Java Heap may be blocking the growth of the native heap
# Possible solutions:
#   Reduce memory load on the system
#   Increase physical memory or swap space
#   Check if swap backing store is full
#   Decrease Java heap size (-Xmx/-Xms)
#   Decrease number of Java threads
#   Decrease Java thread stack sizes (-Xss)
#   Set larger code cache with -XX:ReservedCodeCacheSize=
#   JVM is running with Unscaled Compressed Oops mode in which the Java heap is
#     placed in the first 4GB address space. The Java Heap base address is the
#     maximum limit for the native heap growth. Please use -XX:HeapBaseMinAddress
#     to set the Java Heap base and to place the Java Heap above 4GB virtual address.
# This output file may be truncated or incomplete.
#
#  Out of Memory Error (virtualSpaceNode.cpp:110), pid=4532, tid=6564
#
# JRE version: OpenJDK Runtime Environment Microsoft-10376486 (17.0.13+11) (build 17.0.13+11-LTS)
# Java VM: OpenJDK 64-Bit Server VM Microsoft-10376486 (17.0.13+11-LTS, mixed mode, sharing, tiered, compressed oops, compressed class ptrs, g1 gc, windows-amd64)
# No core dump will be written. Minidumps are not enabled by default on client versions of Windows
#

---------------  S U M M A R Y ------------

Command Line: -Xmx64m -Xms64m -Dorg.gradle.appname=gradlew org.gradle.wrapper.GradleWrapperMain app:installDebug -PreactNativeDevServerPort=8081

Host: Intel(R) Core(TM) i7-6600U CPU @ 2.60GHz, 4 cores, 7G,  Windows 11 , 64 bit Build 22000 (10.0.22000.2538)
Time: Thu Apr 24 22:57:07 2025 Pakistan Standard Time elapsed time: 234.509142 seconds (0d 0h 3m 54s)

---------------  T H R E A D  ---------------

Current thread (0x000002986ada1db0):  JavaThread "C1 CompilerThread0" daemon [_thread_in_vm, id=6564, stack(0x000000a634700000,0x000000a634800000)]


Current CompileTask:
C1: 234509 1991       3       java.util.ArrayList::rangeCheckForAdd (26 bytes)

Stack: [0x000000a634700000,0x000000a634800000]
Native frames: (J=compiled Java code, j=interpreted, Vv=VM code, C=native code)
V  [jvm.dll+0x687fc9]
V  [jvm.dll+0x83eeb8]
V  [jvm.dll+0x840963]
V  [jvm.dll+0x840fd3]
V  [jvm.dll+0x24951f]
V  [jvm.dll+0x83ac6d]
V  [jvm.dll+0x62c3ce]
V  [jvm.dll+0x62c43a]
V  [jvm.dll+0x62ec63]
V  [jvm.dll+0x62cd76]
V  [jvm.dll+0x63e22a]
V  [jvm.dll+0x636eba]
V  [jvm.dll+0x1cd8f0]
V  [jvm.dll+0x1cdae0]
V  [jvm.dll+0x1480b1]
V  [jvm.dll+0x147ef5]
V  [jvm.dll+0x13fba1]
V  [jvm.dll+0x141e3a]
V  [jvm.dll+0x140435]
V  [jvm.dll+0x13a543]
V  [jvm.dll+0x149b86]
V  [jvm.dll+0x135cb5]
V  [jvm.dll+0x136030]
V  [jvm.dll+0x136308]
V  [jvm.dll+0x135771]
V  [jvm.dll+0x13746d]
V  [jvm.dll+0x22a1ca]
V  [jvm.dll+0x22830b]
V  [jvm.dll+0x7f4708]
V  [jvm.dll+0x7eea6c]
V  [jvm.dll+0x686ea7]
C  [ucrtbase.dll+0x26c0c]
C  [KERNEL32.DLL+0x153e0]
C  [ntdll.dll+0x485b]


---------------  P R O C E S S  ---------------

Threads class SMR info:
_java_thread_list=0x000002986fe91650, length=13, elements={
0x0000029851bfc060, 0x000002986ad7b980, 0x000002986ad7cfa0, 0x000002986ad993e0,
0x000002986ad99da0, 0x000002986ad9cf40, 0x000002986ad9e0a0, 0x000002986ad9c020,
0x000002986ada1db0, 0x000002986adaf380, 0x000002986f050650, 0x000002986f0573a0,
0x000002986fa5ce60
}

Java Threads: ( => current thread )
  0x0000029851bfc060 JavaThread "main" [_thread_in_native, id=5636, stack(0x000000a633900000,0x000000a633a00000)]
  0x000002986ad7b980 JavaThread "Reference Handler" daemon [_thread_blocked, id=19520, stack(0x000000a634000000,0x000000a634100000)]
  0x000002986ad7cfa0 JavaThread "Finalizer" daemon [_thread_blocked, id=4848, stack(0x000000a634100000,0x000000a634200000)]
  0x000002986ad993e0 JavaThread "Signal Dispatcher" daemon [_thread_blocked, id=22400, stack(0x000000a634200000,0x000000a634300000)]
  0x000002986ad99da0 JavaThread "Attach Listener" daemon [_thread_blocked, id=7268, stack(0x000000a634300000,0x000000a634400000)]
  0x000002986ad9cf40 JavaThread "Service Thread" daemon [_thread_blocked, id=13896, stack(0x000000a634400000,0x000000a634500000)]
  0x000002986ad9e0a0 JavaThread "Monitor Deflation Thread" daemon [_thread_blocked, id=12712, stack(0x000000a634500000,0x000000a634600000)]
  0x000002986ad9c020 JavaThread "C2 CompilerThread0" daemon [_thread_blocked, id=1036, stack(0x000000a634600000,0x000000a634700000)]
=>0x000002986ada1db0 JavaThread "C1 CompilerThread0" daemon [_thread_in_vm, id=6564, stack(0x000000a634700000,0x000000a634800000)]
  0x000002986adaf380 JavaThread "Sweeper thread" daemon [_thread_blocked, id=8724, stack(0x000000a634800000,0x000000a634900000)]
  0x000002986f050650 JavaThread "Notification Thread" daemon [_thread_blocked, id=21168, stack(0x000000a634900000,0x000000a634a00000)]
  0x000002986f0573a0 JavaThread "Common-Cleaner" daemon [_thread_blocked, id=11792, stack(0x000000a634b00000,0x000000a634c00000)]
  0x000002986fa5ce60 JavaThread "pool-1-thread-1" [_thread_blocked, id=13136, stack(0x000000a635000000,0x000000a635100000)]

Other Threads:
  0x000002986ad77b50 VMThread "VM Thread" [stack: 0x000000a633f00000,0x000000a634000000] [id=6328]
  0x000002986f052f40 WatcherThread [stack: 0x000000a634a00000,0x000000a634b00000] [id=20284]
  0x0000029851c1bcb0 GCTaskThread "GC Thread#0" [stack: 0x000000a633a00000,0x000000a633b00000] [id=12172]
  0x000002986f256550 GCTaskThread "GC Thread#1" [stack: 0x000000a634c00000,0x000000a634d00000] [id=19628]
  0x000002986f2550d0 GCTaskThread "GC Thread#2" [stack: 0x000000a634d00000,0x000000a634e00000] [id=18460]
  0x000002986f255390 GCTaskThread "GC Thread#3" [stack: 0x000000a634e00000,0x000000a634f00000] [id=15164]
  0x0000029851c1e410 ConcurrentGCThread "G1 Main Marker" [stack: 0x000000a633b00000,0x000000a633c00000] [id=6004]
  0x0000029851c1ee30 ConcurrentGCThread "G1 Conc#0" [stack: 0x000000a633c00000,0x000000a633d00000] [id=10952]
  0x0000029851c6ce10 ConcurrentGCThread "G1 Refine#0" [stack: 0x000000a633d00000,0x000000a633e00000] [id=13768]
  0x0000029851c6d840 ConcurrentGCThread "G1 Service" [stack: 0x000000a633e00000,0x000000a633f00000] [id=776]

Threads with active compile tasks:
C1 CompilerThread0   234586 1991       3       java.util.ArrayList::rangeCheckForAdd (26 bytes)

VM state: not at safepoint (normal execution)

VM Mutex/Monitor currently owned by a thread:  ([mutex/lock_event])
[0x0000029851bf85b0] Metaspace_lock - owner thread: 0x000002986ada1db0
[0x0000029851bf7560] MethodData_lock - owner thread: 0x000002986ada1db0

Heap address: 0x00000000fc000000, size: 64 MB, Compressed Oops mode: 32-bit

CDS archive(s) mapped at: [0x0000029800000000-0x0000029800bb0000-0x0000029800bb0000), size 12255232, SharedBaseAddress: 0x0000029800000000, ArchiveRelocationMode: 1.
Compressed class space mapped at: 0x0000029801000000-0x0000029841000000, reserved size: 1073741824
Narrow klass base: 0x0000029800000000, Narrow klass shift: 0, Narrow klass range: 0x100000000

GC Precious Log:
 CPUs: 4 total, 4 available
 Memory: 8072M
 Large Page Support: Disabled
 NUMA Support: Disabled
 Compressed Oops: Enabled (32-bit)
 Heap Region Size: 1M
 Heap Min Capacity: 64M
 Heap Initial Capacity: 64M
 Heap Max Capacity: 64M
 Pre-touch: Disabled
 Parallel Workers: 4
 Concurrent Workers: 1
 Concurrent Refinement Workers: 4
 Periodic GC: Disabled

Heap:
 garbage-first heap   total 65536K, used 43795K [0x00000000fc000000, 0x0000000100000000)
  region size 1024K, 37 young (37888K), 3 survivors (3072K)
 Metaspace       used 9599K, committed 9792K, reserved 1114112K
  class space    used 1259K, committed 1344K, reserved 1048576K

Heap Regions: E=young(eden), S=young(survivor), O=old, HS=humongous(starts), HC=humongous(continues), CS=collection set, F=free, OA=open archive, CA=closed archive, TAMS=top-at-mark-start (previous, next)
|   0|0x00000000fc000000, 0x00000000fc100000, 0x00000000fc100000|100%|HS|  |TAMS 0x00000000fc000000, 0x00000000fc000000| Complete 
|   1|0x00000000fc100000, 0x00000000fc200000, 0x00000000fc200000|100%|HC|  |TAMS 0x00000000fc100000, 0x00000000fc100000| Complete 
|   2|0x00000000fc200000, 0x00000000fc300000, 0x00000000fc300000|100%|HC|  |TAMS 0x00000000fc200000, 0x00000000fc200000| Complete 
|   3|0x00000000fc300000, 0x00000000fc400000, 0x00000000fc400000|100%| O|  |TAMS 0x00000000fc300000, 0x00000000fc300000| Untracked 
|   4|0x00000000fc400000, 0x00000000fc500000, 0x00000000fc500000|100%| O|  |TAMS 0x00000000fc400000, 0x00000000fc400000| Untracked 
|   5|0x00000000fc500000, 0x00000000fc600000, 0x00000000fc600000|100%| O|  |TAMS 0x00000000fc500000, 0x00000000fc500000| Untracked 
|   6|0x00000000fc600000, 0x00000000fc6c4c00, 0x00000000fc700000| 76%| O|  |TAMS 0x00000000fc600000, 0x00000000fc600000| Untracked 
|   7|0x00000000fc700000, 0x00000000fc700000, 0x00000000fc800000|  0%| F|  |TAMS 0x00000000fc700000, 0x00000000fc700000| Untracked 
|   8|0x00000000fc800000, 0x00000000fc800000, 0x00000000fc900000|  0%| F|  |TAMS 0x00000000fc800000, 0x00000000fc800000| Untracked 
|   9|0x00000000fc900000, 0x00000000fc900000, 0x00000000fca00000|  0%| F|  |TAMS 0x00000000fc900000, 0x00000000fc900000| Untracked 
|  10|0x00000000fca00000, 0x00000000fca00000, 0x00000000fcb00000|  0%| F|  |TAMS 0x00000000fca00000, 0x00000000fca00000| Untracked 
|  11|0x00000000fcb00000, 0x00000000fcb00000, 0x00000000fcc00000|  0%| F|  |TAMS 0x00000000fcb00000, 0x00000000fcb00000| Untracked 
|  12|0x00000000fcc00000, 0x00000000fcc00000, 0x00000000fcd00000|  0%| F|  |TAMS 0x00000000fcc00000, 0x00000000fcc00000| Untracked 
|  13|0x00000000fcd00000, 0x00000000fcd00000, 0x00000000fce00000|  0%| F|  |TAMS 0x00000000fcd00000, 0x00000000fcd00000| Untracked 
|  14|0x00000000fce00000, 0x00000000fce00000, 0x00000000fcf00000|  0%| F|  |TAMS 0x00000000fce00000, 0x00000000fce00000| Untracked 
|  15|0x00000000fcf00000, 0x00000000fcf00000, 0x00000000fd000000|  0%| F|  |TAMS 0x00000000fcf00000, 0x00000000fcf00000| Untracked 
|  16|0x00000000fd000000, 0x00000000fd000000, 0x00000000fd100000|  0%| F|  |TAMS 0x00000000fd000000, 0x00000000fd000000| Untracked 
|  17|0x00000000fd100000, 0x00000000fd100000, 0x00000000fd200000|  0%| F|  |TAMS 0x00000000fd100000, 0x00000000fd100000| Untracked 
|  18|0x00000000fd200000, 0x00000000fd200000, 0x00000000fd300000|  0%| F|  |TAMS 0x00000000fd200000, 0x00000000fd200000| Untracked 
|  19|0x00000000fd300000, 0x00000000fd300000, 0x00000000fd400000|  0%| F|  |TAMS 0x00000000fd300000, 0x00000000fd300000| Untracked 
|  20|0x00000000fd400000, 0x00000000fd400000, 0x00000000fd500000|  0%| F|  |TAMS 0x00000000fd400000, 0x00000000fd400000| Untracked 
|  21|0x00000000fd500000, 0x00000000fd500000, 0x00000000fd600000|  0%| F|  |TAMS 0x00000000fd500000, 0x00000000fd500000| Untracked 
|  22|0x00000000fd600000, 0x00000000fd600000, 0x00000000fd700000|  0%| F|  |TAMS 0x00000000fd600000, 0x00000000fd600000| Untracked 
|  23|0x00000000fd700000, 0x00000000fd700000, 0x00000000fd800000|  0%| F|  |TAMS 0x00000000fd700000, 0x00000000fd700000| Untracked 
|  24|0x00000000fd800000, 0x00000000fd800000, 0x00000000fd900000|  0%| F|  |TAMS 0x00000000fd800000, 0x00000000fd800000| Untracked 
|  25|0x00000000fd900000, 0x00000000fd900000, 0x00000000fda00000|  0%| F|  |TAMS 0x00000000fd900000, 0x00000000fd900000| Untracked 
|  26|0x00000000fda00000, 0x00000000fda00000, 0x00000000fdb00000|  0%| F|  |TAMS 0x00000000fda00000, 0x00000000fda00000| Untracked 
|  27|0x00000000fdb00000, 0x00000000fdb599b0, 0x00000000fdc00000| 35%| E|  |TAMS 0x00000000fdb00000, 0x00000000fdb00000| Complete 
|  28|0x00000000fdc00000, 0x00000000fdd00000, 0x00000000fdd00000|100%| E|CS|TAMS 0x00000000fdc00000, 0x00000000fdc00000| Complete 
|  29|0x00000000fdd00000, 0x00000000fde00000, 0x00000000fde00000|100%| E|CS|TAMS 0x00000000fdd00000, 0x00000000fdd00000| Complete 
|  30|0x00000000fde00000, 0x00000000fdf00000, 0x00000000fdf00000|100%| E|CS|TAMS 0x00000000fde00000, 0x00000000fde00000| Complete 
|  31|0x00000000fdf00000, 0x00000000fe000000, 0x00000000fe000000|100%| E|CS|TAMS 0x00000000fdf00000, 0x00000000fdf00000| Complete 
|  32|0x00000000fe000000, 0x00000000fe100000, 0x00000000fe100000|100%| E|CS|TAMS 0x00000000fe000000, 0x00000000fe000000| Complete 
|  33|0x00000000fe100000, 0x00000000fe200000, 0x00000000fe200000|100%| E|CS|TAMS 0x00000000fe100000, 0x00000000fe100000| Complete 
|  34|0x00000000fe200000, 0x00000000fe300000, 0x00000000fe300000|100%| E|CS|TAMS 0x00000000fe200000, 0x00000000fe200000| Complete 
|  35|0x00000000fe300000, 0x00000000fe400000, 0x00000000fe400000|100%| E|CS|TAMS 0x00000000fe300000, 0x00000000fe300000| Complete 
|  36|0x00000000fe400000, 0x00000000fe500000, 0x00000000fe500000|100%| E|CS|TAMS 0x00000000fe400000, 0x00000000fe400000| Complete 
|  37|0x00000000fe500000, 0x00000000fe600000, 0x00000000fe600000|100%| E|CS|TAMS 0x00000000fe500000, 0x00000000fe500000| Complete 
|  38|0x00000000fe600000, 0x00000000fe700000, 0x00000000fe700000|100%| E|CS|TAMS 0x00000000fe600000, 0x00000000fe600000| Complete 
|  39|0x00000000fe700000, 0x00000000fe800000, 0x00000000fe800000|100%| E|CS|TAMS 0x00000000fe700000, 0x00000000fe700000| Complete 
|  40|0x00000000fe800000, 0x00000000fe900000, 0x00000000fe900000|100%| E|CS|TAMS 0x00000000fe800000, 0x00000000fe800000| Complete 
|  41|0x00000000fe900000, 0x00000000fea00000, 0x00000000fea00000|100%| S|CS|TAMS 0x00000000fe900000, 0x00000000fe900000| Complete 
|  42|0x00000000fea00000, 0x00000000feb00000, 0x00000000feb00000|100%| S|CS|TAMS 0x00000000fea00000, 0x00000000fea00000| Complete 
|  43|0x00000000feb00000, 0x00000000fec00000, 0x00000000fec00000|100%| S|CS|TAMS 0x00000000feb00000, 0x00000000feb00000| Complete 
|  44|0x00000000fec00000, 0x00000000fed00000, 0x00000000fed00000|100%| E|CS|TAMS 0x00000000fec00000, 0x00000000fec00000| Complete 
|  45|0x00000000fed00000, 0x00000000fee00000, 0x00000000fee00000|100%| E|CS|TAMS 0x00000000fed00000, 0x00000000fed00000| Complete 
|  46|0x00000000fee00000, 0x00000000fef00000, 0x00000000fef00000|100%| E|CS|TAMS 0x00000000fee00000, 0x00000000fee00000| Complete 
|  47|0x00000000fef00000, 0x00000000ff000000, 0x00000000ff000000|100%| E|CS|TAMS 0x00000000fef00000, 0x00000000fef00000| Complete 
|  48|0x00000000ff000000, 0x00000000ff100000, 0x00000000ff100000|100%| E|CS|TAMS 0x00000000ff000000, 0x00000000ff000000| Complete 
|  49|0x00000000ff100000, 0x00000000ff200000, 0x00000000ff200000|100%| E|CS|TAMS 0x00000000ff100000, 0x00000000ff100000| Complete 
|  50|0x00000000ff200000, 0x00000000ff300000, 0x00000000ff300000|100%| E|CS|TAMS 0x00000000ff200000, 0x00000000ff200000| Complete 
|  51|0x00000000ff300000, 0x00000000ff400000, 0x00000000ff400000|100%| E|CS|TAMS 0x00000000ff300000, 0x00000000ff300000| Complete 
|  52|0x00000000ff400000, 0x00000000ff500000, 0x00000000ff500000|100%| E|CS|TAMS 0x00000000ff400000, 0x00000000ff400000| Complete 
|  53|0x00000000ff500000, 0x00000000ff600000, 0x00000000ff600000|100%| E|CS|TAMS 0x00000000ff500000, 0x00000000ff500000| Complete 
|  54|0x00000000ff600000, 0x00000000ff700000, 0x00000000ff700000|100%| E|CS|TAMS 0x00000000ff600000, 0x00000000ff600000| Complete 
|  55|0x00000000ff700000, 0x00000000ff800000, 0x00000000ff800000|100%| E|CS|TAMS 0x00000000ff700000, 0x00000000ff700000| Complete 
|  56|0x00000000ff800000, 0x00000000ff900000, 0x00000000ff900000|100%| E|CS|TAMS 0x00000000ff800000, 0x00000000ff800000| Complete 
|  57|0x00000000ff900000, 0x00000000ffa00000, 0x00000000ffa00000|100%| E|CS|TAMS 0x00000000ff900000, 0x00000000ff900000| Complete 
|  58|0x00000000ffa00000, 0x00000000ffb00000, 0x00000000ffb00000|100%| E|CS|TAMS 0x00000000ffa00000, 0x00000000ffa00000| Complete 
|  59|0x00000000ffb00000, 0x00000000ffc00000, 0x00000000ffc00000|100%| E|CS|TAMS 0x00000000ffb00000, 0x00000000ffb00000| Complete 
|  60|0x00000000ffc00000, 0x00000000ffd00000, 0x00000000ffd00000|100%| E|CS|TAMS 0x00000000ffc00000, 0x00000000ffc00000| Complete 
|  61|0x00000000ffd00000, 0x00000000ffe00000, 0x00000000ffe00000|100%| E|CS|TAMS 0x00000000ffd00000, 0x00000000ffd00000| Complete 
|  62|0x00000000ffe00000, 0x00000000fff00000, 0x00000000fff00000|100%| E|CS|TAMS 0x00000000ffe00000, 0x00000000ffe00000| Complete 
|  63|0x00000000fff00000, 0x0000000100000000, 0x0000000100000000|100%| E|CS|TAMS 0x00000000fff00000, 0x00000000fff00000| Complete 

Card table byte_map: [0x0000029851a20000,0x0000029851a40000] _byte_map_base: 0x0000029851240000

Marking Bits (Prev, Next): (CMBitMap*) 0x0000029851c1c2d0, (CMBitMap*) 0x0000029851c1c310
 Prev Bits: [0x0000029851a60000, 0x0000029851b60000)
 Next Bits: [0x0000029868740000, 0x0000029868840000)

Polling page: 0x000002984fb00000

Metaspace:

Usage:
  Non-class:      8.14 MB used.
      Class:      1.23 MB used.
       Both:      9.37 MB used.

Virtual space:
  Non-class space:       64.00 MB reserved,       8.25 MB ( 13%) committed,  1 nodes.
      Class space:        1.00 GB reserved,       1.31 MB ( <1%) committed,  1 nodes.
             Both:        1.06 GB reserved,       9.56 MB ( <1%) committed. 

Chunk freelists:
   Non-Class:  7.67 MB
       Class:  14.63 MB
        Both:  22.30 MB

MaxMetaspaceSize: unlimited
CompressedClassSpaceSize: 1.00 GB
Initial GC threshold: 21.00 MB
Current GC threshold: 21.00 MB
CDS: on
MetaspaceReclaimPolicy: balanced
 - commit_granule_bytes: 65536.
 - commit_granule_words: 8192.
 - virtual_space_node_default_size: 8388608.
 - enlarge_chunks_in_place: 1.
 - new_chunks_are_fully_committed: 0.
 - uncommit_free_chunks: 1.
 - use_allocation_guard: 0.
 - handle_deallocations: 1.


Internal statistics:

num_allocs_failed_limit: 0.
num_arena_births: 80.
num_arena_deaths: 0.
num_vsnodes_births: 2.
num_vsnodes_deaths: 0.
num_space_committed: 153.
num_space_uncommitted: 0.
num_chunks_returned_to_freelist: 0.
num_chunks_taken_from_freelist: 344.
num_chunk_merges: 0.
num_chunk_splits: 227.
num_chunks_enlarged: 184.
num_inconsistent_stats: 0.

CodeHeap 'non-profiled nmethods': size=120000Kb used=953Kb max_used=953Kb free=119046Kb
 bounds [0x0000029861210000, 0x0000029861480000, 0x0000029868740000]
CodeHeap 'profiled nmethods': size=120000Kb used=3725Kb max_used=3725Kb free=116274Kb
 bounds [0x0000029859740000, 0x0000029859af0000, 0x0000029860c70000]
CodeHeap 'non-nmethods': size=5760Kb used=1172Kb max_used=1222Kb free=4587Kb
 bounds [0x0000029860c70000, 0x0000029860ee0000, 0x0000029861210000]
 total_blobs=2457 nmethods=1989 adapters=381
 compilation: enabled
              stopped_count=0, restarted_count=0
 full_count=0

Compilation events (20 events):
Event: 230.398 Thread 0x000002986ada1db0 nmethod 1981 0x0000029859aded10 code [0x0000029859adeea0, 0x0000029859adefd8]
Event: 230.398 Thread 0x000002986ada1db0 1982       3       org.gradle.internal.logging.text.AbstractLineChoppingStyledTextOutput$1::execute (9 bytes)
Event: 230.398 Thread 0x000002986ada1db0 nmethod 1982 0x0000029859adf090 code [0x0000029859adf240, 0x0000029859adf468]
Event: 230.398 Thread 0x000002986ada1db0 1983       3       org.gradle.internal.logging.text.AbstractLineChoppingStyledTextOutput$1::execute (140 bytes)
Event: 230.400 Thread 0x000002986ada1db0 nmethod 1983 0x0000029859adf510 code [0x0000029859adf840, 0x0000029859ae08d8]
Event: 230.400 Thread 0x000002986ada1db0 1984       3       org.gradle.internal.logging.text.AbstractLineChoppingStyledTextOutput$SeenFromEol::all (18 bytes)
Event: 230.400 Thread 0x000002986ada1db0 nmethod 1984 0x0000029859ae0f90 code [0x0000029859ae1120, 0x0000029859ae1298]
Event: 230.400 Thread 0x000002986ada1db0 1985       3       org.gradle.internal.logging.text.AbstractLineChoppingStyledTextOutput$SeenFromEol::none (13 bytes)
Event: 230.400 Thread 0x000002986ada1db0 nmethod 1985 0x0000029859ae1390 code [0x0000029859ae1520, 0x0000029859ae1678]
Event: 230.400 Thread 0x000002986ada1db0 1986       3       org.gradle.internal.logging.text.AbstractLineChoppingStyledTextOutput::access$800 (4 bytes)
Event: 230.400 Thread 0x000002986ada1db0 nmethod 1986 0x0000029859ae1710 code [0x0000029859ae18a0, 0x0000029859ae1998]
Event: 230.401 Thread 0x000002986ada1db0 1987       3       org.gradle.internal.logging.text.AbstractLineChoppingStyledTextOutput$2::execute (9 bytes)
Event: 230.401 Thread 0x000002986ada1db0 nmethod 1987 0x0000029859ae1a10 code [0x0000029859ae1bc0, 0x0000029859ae1de8]
Event: 230.401 Thread 0x000002986ada1db0 1988       3       org.gradle.internal.logging.text.AbstractLineChoppingStyledTextOutput$2::execute (77 bytes)
Event: 230.402 Thread 0x000002986ada1db0 nmethod 1988 0x0000029859ae1e90 code [0x0000029859ae2120, 0x0000029859ae2c08]
Event: 230.402 Thread 0x000002986ada1db0 1989       3       org.gradle.internal.logging.text.AbstractLineChoppingStyledTextOutput$StateContext::next (11 bytes)
Event: 230.402 Thread 0x000002986ada1db0 nmethod 1989 0x0000029859ae3090 code [0x0000029859ae3220, 0x0000029859ae3338]
Event: 230.402 Thread 0x000002986ada1db0 1990       3       org.gradle.internal.logging.text.AbstractLineChoppingStyledTextOutput::access$900 (4 bytes)
Event: 230.402 Thread 0x000002986ada1db0 nmethod 1990 0x0000029859ae3410 code [0x0000029859ae35a0, 0x0000029859ae3698]
Event: 234.504 Thread 0x000002986ada1db0 1991       3       java.util.ArrayList::rangeCheckForAdd (26 bytes)

GC Heap History (4 events):
Event: 0.326 GC heap before
{Heap before GC invocations=0 (full 0):
 garbage-first heap   total 65536K, used 12288K [0x00000000fc000000, 0x0000000100000000)
  region size 1024K, 13 young (13312K), 0 survivors (0K)
 Metaspace       used 1667K, committed 1792K, reserved 1114112K
  class space    used 159K, committed 192K, reserved 1048576K
}
Event: 0.330 GC heap after
{Heap after GC invocations=1 (full 0):
 garbage-first heap   total 65536K, used 1488K [0x00000000fc000000, 0x0000000100000000)
  region size 1024K, 2 young (2048K), 2 survivors (2048K)
 Metaspace       used 1667K, committed 1792K, reserved 1114112K
  class space    used 159K, committed 192K, reserved 1048576K
}
Event: 0.640 GC heap before
{Heap before GC invocations=1 (full 0):
 garbage-first heap   total 65536K, used 21968K [0x00000000fc000000, 0x0000000100000000)
  region size 1024K, 20 young (20480K), 2 survivors (2048K)
 Metaspace       used 2124K, committed 2304K, reserved 1114112K
  class space    used 194K, committed 256K, reserved 1048576K
}
Event: 0.647 GC heap after
{Heap after GC invocations=2 (full 0):
 garbage-first heap   total 65536K, used 10003K [0x00000000fc000000, 0x0000000100000000)
  region size 1024K, 3 young (3072K), 3 survivors (3072K)
 Metaspace       used 2124K, committed 2304K, reserved 1114112K
  class space    used 194K, committed 256K, reserved 1048576K
}

Dll operation events (13 events):
Event: 0.012 Loaded shared library C:\Program Files\Microsoft\jdk-17.0.13.11-hotspot\bin\java.dll
Event: 0.031 Loaded shared library C:\Program Files\Microsoft\jdk-17.0.13.11-hotspot\bin\jsvml.dll
Event: 0.066 Loaded shared library C:\Program Files\Microsoft\jdk-17.0.13.11-hotspot\bin\net.dll
Event: 0.067 Loaded shared library C:\Program Files\Microsoft\jdk-17.0.13.11-hotspot\bin\nio.dll
Event: 0.069 Loaded shared library C:\Program Files\Microsoft\jdk-17.0.13.11-hotspot\bin\zip.dll
Event: 0.073 Loaded shared library C:\Program Files\Microsoft\jdk-17.0.13.11-hotspot\bin\verify.dll
Event: 0.413 Loaded shared library C:\Program Files\Microsoft\jdk-17.0.13.11-hotspot\bin\jimage.dll
Event: 0.843 Loaded shared library C:\Program Files\Microsoft\jdk-17.0.13.11-hotspot\bin\management.dll
Event: 0.845 Loaded shared library C:\Program Files\Microsoft\jdk-17.0.13.11-hotspot\bin\management_ext.dll
Event: 0.900 Loaded shared library C:\Users\Kasher Shahzad\.gradle\native\1def1411415f61bf3af743bc5b6707747c0891f09f0c88961ee8f79bc544acac\windows-amd64\native-platform.dll
Event: 0.958 Loaded shared library C:\Users\Kasher Shahzad\.gradle\native\jansi\1.18\windows64\jansi.dll
Event: 1.221 Loaded shared library C:\Program Files\Microsoft\jdk-17.0.13.11-hotspot\bin\extnet.dll
Event: 1.449 Loaded shared library C:\Program Files\Microsoft\jdk-17.0.13.11-hotspot\bin\sunmscapi.dll

Deoptimization events (20 events):
Event: 230.395 Thread 0x000002986fa5ce60 Uncommon trap: trap_request=0xffffffde fr.pc=0x00000298612d228c relative=0x0000000000001e6c
Event: 230.395 Thread 0x000002986fa5ce60 Uncommon trap: reason=class_check action=maybe_recompile pc=0x00000298612d228c method=org.gradle.internal.logging.sink.GroupingProgressLogEventGenerator.onOutput(Lorg/gradle/internal/logging/events/OutputEvent;)V @ 27 c2
Event: 230.395 Thread 0x000002986fa5ce60 DEOPT PACKING pc=0x00000298612d228c sp=0x000000a6350feba0
Event: 230.395 Thread 0x000002986fa5ce60 DEOPT UNPACKING pc=0x0000029860cc69a3 sp=0x000000a6350fea80 mode 2
Event: 230.395 Thread 0x000002986fa5ce60 Uncommon trap: trap_request=0xffffffde fr.pc=0x00000298612d228c relative=0x0000000000001e6c
Event: 230.395 Thread 0x000002986fa5ce60 Uncommon trap: reason=class_check action=maybe_recompile pc=0x00000298612d228c method=org.gradle.internal.logging.sink.GroupingProgressLogEventGenerator.onOutput(Lorg/gradle/internal/logging/events/OutputEvent;)V @ 27 c2
Event: 230.395 Thread 0x000002986fa5ce60 DEOPT PACKING pc=0x00000298612d228c sp=0x000000a6350feba0
Event: 230.395 Thread 0x000002986fa5ce60 DEOPT UNPACKING pc=0x0000029860cc69a3 sp=0x000000a6350fea80 mode 2
Event: 230.395 Thread 0x000002986fa5ce60 Uncommon trap: trap_request=0xffffffde fr.pc=0x00000298612d228c relative=0x0000000000001e6c
Event: 230.395 Thread 0x000002986fa5ce60 Uncommon trap: reason=class_check action=maybe_recompile pc=0x00000298612d228c method=org.gradle.internal.logging.sink.GroupingProgressLogEventGenerator.onOutput(Lorg/gradle/internal/logging/events/OutputEvent;)V @ 27 c2
Event: 230.395 Thread 0x000002986fa5ce60 DEOPT PACKING pc=0x00000298612d228c sp=0x000000a6350feba0
Event: 230.395 Thread 0x000002986fa5ce60 DEOPT UNPACKING pc=0x0000029860cc69a3 sp=0x000000a6350fea80 mode 2
Event: 230.395 Thread 0x000002986fa5ce60 Uncommon trap: trap_request=0xffffffde fr.pc=0x00000298612d228c relative=0x0000000000001e6c
Event: 230.395 Thread 0x000002986fa5ce60 Uncommon trap: reason=class_check action=maybe_recompile pc=0x00000298612d228c method=org.gradle.internal.logging.sink.GroupingProgressLogEventGenerator.onOutput(Lorg/gradle/internal/logging/events/OutputEvent;)V @ 27 c2
Event: 230.395 Thread 0x000002986fa5ce60 DEOPT PACKING pc=0x00000298612d228c sp=0x000000a6350feba0
Event: 230.395 Thread 0x000002986fa5ce60 DEOPT UNPACKING pc=0x0000029860cc69a3 sp=0x000000a6350fea80 mode 2
Event: 230.395 Thread 0x000002986fa5ce60 Uncommon trap: trap_request=0xffffffde fr.pc=0x00000298612d5354 relative=0x0000000000001254
Event: 230.395 Thread 0x000002986fa5ce60 Uncommon trap: reason=class_check action=maybe_recompile pc=0x00000298612d5354 method=org.gradle.internal.logging.sink.GroupingProgressLogEventGenerator.onOutput(Lorg/gradle/internal/logging/events/OutputEvent;)V @ 27 c2
Event: 230.395 Thread 0x000002986fa5ce60 DEOPT PACKING pc=0x00000298612d5354 sp=0x000000a6350feb30
Event: 230.395 Thread 0x000002986fa5ce60 DEOPT UNPACKING pc=0x0000029860cc69a3 sp=0x000000a6350fea70 mode 2

Classes loaded (20 events):
Event: 230.323 Loading class jdk/internal/logger/LazyLoggers$LazyLoggerFactories
Event: 230.324 Loading class jdk/internal/logger/LazyLoggers$LazyLoggerFactories done
Event: 230.343 Loading class jdk/internal/logger/LoggerFinderLoader
Event: 230.353 Loading class jdk/internal/logger/LoggerFinderLoader done
Event: 230.357 Loading class jdk/internal/logger/LoggerFinderLoader$TemporaryLoggerFinder
Event: 230.357 Loading class jdk/internal/logger/LoggerFinderLoader$TemporaryLoggerFinder done
Event: 230.360 Loading class sun/util/logging/internal/LoggingProviderImpl$JULWrapper
Event: 230.360 Loading class sun/util/logging/PlatformLogger$ConfigurableBridge$LoggerConfiguration
Event: 230.360 Loading class sun/util/logging/PlatformLogger$ConfigurableBridge$LoggerConfiguration done
Event: 230.360 Loading class sun/util/logging/internal/LoggingProviderImpl$JULWrapper done
Event: 230.361 Loading class java/io/ObjectInputFilter
Event: 230.361 Loading class java/io/ObjectInputFilter done
Event: 230.362 Loading class java/io/ObjectInputFilter$Config$BuiltinFilterFactory
Event: 230.362 Loading class java/io/ObjectInputFilter$Config$BuiltinFilterFactory done
Event: 230.362 Loading class jdk/internal/access/JavaObjectInputFilterAccess
Event: 230.362 Loading class jdk/internal/access/JavaObjectInputFilterAccess done
Event: 230.363 Loading class java/lang/System$Logger$Level
Event: 230.364 Loading class java/lang/System$Logger$Level done
Event: 230.364 Loading class java/io/Bits
Event: 230.365 Loading class java/io/Bits done

Classes unloaded (0 events):
No events

Classes redefined (0 events):
No events

Internal exceptions (20 events):
Event: 0.842 Thread 0x0000029851bfc060 Exception <a 'java/lang/NoSuchMethodError'{0x00000000ff9191b8}: 'java.lang.Object java.lang.invoke.DirectMethodHandle$Holder.invokeStaticInit(java.lang.Object)'> (0x00000000ff9191b8) 
thrown [s\src\hotspot\share\interpreter\linkResolver.cpp, line 759]
Event: 0.850 Thread 0x0000029851bfc060 Exception <a 'java/lang/NoSuchMethodError'{0x00000000ff933ea8}: 'int java.lang.invoke.DirectMethodHandle$Holder.invokeSpecial(java.lang.Object, java.lang.Object, java.lang.Object)'> (0x00000000ff933ea8) 
thrown [s\src\hotspot\share\interpreter\linkResolver.cpp, line 759]
Event: 0.858 Thread 0x0000029851bfc060 Exception <a 'java/lang/NoSuchMethodError'{0x00000000ff970b40}: 'void java.lang.invoke.DirectMethodHandle$Holder.invokeStatic(java.lang.Object, java.lang.Object)'> (0x00000000ff970b40) 
thrown [s\src\hotspot\share\interpreter\linkResolver.cpp, line 759]
Event: 0.859 Thread 0x0000029851bfc060 Implicit null exception at 0x000002986127c58f to 0x000002986127cb00
Event: 0.859 Thread 0x0000029851bfc060 Implicit null exception at 0x0000029861257b8f to 0x0000029861258118
Event: 0.859 Thread 0x0000029851bfc060 Implicit null exception at 0x0000029861242a8f to 0x0000029861242b09
Event: 0.876 Thread 0x0000029851bfc060 Exception <a 'java/lang/NoClassDefFoundError'{0x00000000ff9f1b40}: org/slf4j/impl/StaticMarkerBinder> (0x00000000ff9f1b40) 
thrown [s\src\hotspot\share\classfile\systemDictionary.cpp, line 245]
Event: 0.912 Thread 0x0000029851bfc060 Exception <a 'java/lang/NoSuchMethodError'{0x00000000ff720940}: 'java.lang.Object java.lang.invoke.Invokers$Holder.invoker(java.lang.Object, java.lang.Object, java.lang.Object)'> (0x00000000ff720940) 
thrown [s\src\hotspot\share\interpreter\linkResolver.cpp, line 759]
Event: 0.913 Thread 0x0000029851bfc060 Exception <a 'java/lang/NoSuchMethodError'{0x00000000ff729a98}: 'java.lang.Object java.lang.invoke.DirectMethodHandle$Holder.invokeStatic(java.lang.Object, java.lang.Object, int)'> (0x00000000ff729a98) 
thrown [s\src\hotspot\share\interpreter\linkResolver.cpp, line 759]
Event: 0.915 Thread 0x0000029851bfc060 Exception <a 'java/lang/NoSuchMethodError'{0x00000000ff735788}: 'void java.lang.invoke.DelegatingMethodHandle$Holder.delegate(java.lang.Object, java.lang.Object, int, java.lang.Object)'> (0x00000000ff735788) 
thrown [s\src\hotspot\share\interpreter\linkResolver.cpp, line 759]
Event: 0.919 Thread 0x0000029851bfc060 Exception <a 'java/lang/NoSuchMethodError'{0x00000000ff748dd0}: 'java.lang.Object java.lang.invoke.Invokers$Holder.invokeExact_MT(java.lang.Object, java.lang.Object, java.lang.Object, java.lang.Object)'> (0x00000000ff748dd0) 
thrown [s\src\hotspot\share\interpreter\linkResolver.cpp, line 759]
Event: 0.931 Thread 0x0000029851bfc060 Exception <a 'java/lang/NoSuchMethodError'{0x00000000ff774420}: 'java.lang.Object java.lang.invoke.DirectMethodHandle$Holder.invokeVirtual(java.lang.Object, java.lang.Object, java.lang.Object)'> (0x00000000ff774420) 
thrown [s\src\hotspot\share\interpreter\linkResolver.cpp, line 759]
Event: 1.041 Thread 0x0000029851bfc060 Exception <a 'java/lang/NoSuchMethodError'{0x00000000ff3b6c80}: 'java.lang.Object java.lang.invoke.DirectMethodHandle$Holder.newInvokeSpecial(java.lang.Object, java.lang.Object, java.lang.Object, java.lang.Object, java.lang.Object)'> (0x00000000ff3b6c80) 
thrown [s\src\hotspot\share\interpreter\linkResolver.cpp, line 759]
Event: 1.065 Thread 0x0000029851bfc060 Exception <a 'java/lang/NoSuchMethodError'{0x00000000ff2dbcb0}: 'void java.lang.invoke.DirectMethodHandle$Holder.invokeSpecial(java.lang.Object, java.lang.Object, java.lang.Object)'> (0x00000000ff2dbcb0) 
thrown [s\src\hotspot\share\interpreter\linkResolver.cpp, line 759]
Event: 1.223 Thread 0x0000029851bfc060 Exception <a 'java/lang/NoSuchMethodError'{0x00000000fef60fd0}: 'void java.lang.invoke.DirectMethodHandle$Holder.invokeStatic(java.lang.Object, java.lang.Object, java.lang.Object)'> (0x00000000fef60fd0) 
thrown [s\src\hotspot\share\interpreter\linkResolver.cpp, line 759]
Event: 1.269 Thread 0x0000029851bfc060 Exception <a 'java/lang/NoSuchMethodError'{0x00000000fedf69d8}: 'java.lang.Object java.lang.invoke.DirectMethodHandle$Holder.newInvokeSpecial(java.lang.Object, java.lang.Object, java.lang.Object, java.lang.Object, java.lang.Object, java.lang.Object, java.lang.Object, java.lang.Object, java.lang.Object, java.lang.Object, java.lang.Object, java.lang.Object, java.lang.Object, java.lang.Object, java.lang.Object, java.lang.Object, java.lang.Object, java.lang.Object, java.lang.Object, java.lang.Object, java.lang
Event: 1.270 Thread 0x0000029851bfc060 Exception <a 'java/lang/NoSuchMethodError'{0x00000000fec03250}: 'java.lang.Object java.lang.invoke.Invokers$Holder.linkToTargetMethod(java.lang.Object, java.lang.Object, java.lang.Object, java.lang.Object, java.lang.Object, java.lang.Object, java.lang.Object, java.lang.Object, java.lang.Object, java.lang.Object, java.lang.Object, java.lang.Object, java.lang.Object, java.lang.Object, java.lang.Object, java.lang.Object, java.lang.Object, java.lang.Object, java.lang.Object, java.lang.Object, java.lang.Object,
Event: 1.321 Thread 0x0000029851bfc060 Exception <a 'java/lang/NoSuchMethodError'{0x00000000fe761f40}: 'java.lang.Object java.lang.invoke.DirectMethodHandle$Holder.invokeStaticInit(java.lang.Object, int, int, int, int)'> (0x00000000fe761f40) 
thrown [s\src\hotspot\share\interpreter\linkResolver.cpp, line 759]
Event: 1.376 Thread 0x0000029851bfc060 Exception <a 'java/lang/NoSuchMethodError'{0x00000000fe6504c0}: 'java.lang.Object java.lang.invoke.DirectMethodHandle$Holder.invokeStaticInit(java.lang.Object, java.lang.Object, int, int, int, int)'> (0x00000000fe6504c0) 
thrown [s\src\hotspot\share\interpreter\linkResolver.cpp, line 759]
Event: 1.396 Thread 0x0000029851bfc060 Implicit null exception at 0x000002986125d4f2 to 0x000002986125db0c

VM Operations (20 events):
Event: 98.473 Executing VM operation: Cleanup
Event: 98.473 Executing VM operation: Cleanup done
Event: 99.473 Executing VM operation: Cleanup
Event: 99.473 Executing VM operation: Cleanup done
Event: 124.633 Executing VM operation: Cleanup
Event: 124.633 Executing VM operation: Cleanup done
Event: 125.637 Executing VM operation: Cleanup
Event: 125.637 Executing VM operation: Cleanup done
Event: 143.768 Executing VM operation: Cleanup
Event: 143.768 Executing VM operation: Cleanup done
Event: 166.031 Executing VM operation: Cleanup
Event: 166.031 Executing VM operation: Cleanup done
Event: 178.178 Executing VM operation: Cleanup
Event: 178.178 Executing VM operation: Cleanup done
Event: 180.506 Executing VM operation: HandshakeAllThreads
Event: 180.506 Executing VM operation: HandshakeAllThreads done
Event: 182.529 Executing VM operation: Cleanup
Event: 182.529 Executing VM operation: Cleanup done
Event: 230.951 Executing VM operation: Cleanup
Event: 230.951 Executing VM operation: Cleanup done

Memory protections (0 events):
No events

Nmethod flushes (0 events):
No events

Events (15 events):
Event: 0.032 Thread 0x0000029851bfc060 Thread added: 0x0000029851bfc060
Event: 0.034 Thread 0x0000029851bfc060 Thread added: 0x000002986ad7b980
Event: 0.035 Thread 0x0000029851bfc060 Thread added: 0x000002986ad7cfa0
Event: 0.044 Thread 0x0000029851bfc060 Thread added: 0x000002986ad993e0
Event: 0.044 Thread 0x0000029851bfc060 Thread added: 0x000002986ad99da0
Event: 0.044 Thread 0x0000029851bfc060 Thread added: 0x000002986ad9cf40
Event: 0.044 Thread 0x0000029851bfc060 Thread added: 0x000002986ad9e0a0
Event: 0.044 Thread 0x0000029851bfc060 Thread added: 0x000002986ad9c020
Event: 0.044 Thread 0x0000029851bfc060 Thread added: 0x000002986ada1db0
Event: 0.045 Thread 0x0000029851bfc060 Thread added: 0x000002986adaf380
Event: 0.061 Thread 0x0000029851bfc060 Thread added: 0x000002986f050650
Event: 0.063 Thread 0x0000029851bfc060 Thread added: 0x000002986f0573a0
Event: 0.405 Thread 0x000002986ada1db0 Thread added: 0x000002986f251080
Event: 0.991 Thread 0x0000029851bfc060 Thread added: 0x000002986fa5ce60
Event: 1.229 Thread 0x000002986f251080 Thread exited: 0x000002986f251080


Dynamic libraries:
0x00007ff7e46e0000 - 0x00007ff7e46ee000 	C:\Program Files\Microsoft\jdk-17.0.13.11-hotspot\bin\java.exe
0x00007ff9a06c0000 - 0x00007ff9a08c9000 	C:\Windows\SYSTEM32\ntdll.dll
0x00007ff99fc30000 - 0x00007ff99fced000 	C:\Windows\System32\KERNEL32.DLL
0x00007ff99e100000 - 0x00007ff99e484000 	C:\Windows\System32\KERNELBASE.dll
0x00007ff99dcc0000 - 0x00007ff99ddd1000 	C:\Windows\System32\ucrtbase.dll
0x00007ff98e840000 - 0x00007ff98e85d000 	C:\Program Files\Microsoft\jdk-17.0.13.11-hotspot\bin\VCRUNTIME140.dll
0x00007ff990a80000 - 0x00007ff990a97000 	C:\Program Files\Microsoft\jdk-17.0.13.11-hotspot\bin\jli.dll
0x00007ff99f8c0000 - 0x00007ff99fa6d000 	C:\Windows\System32\USER32.dll
0x00007ff98b0a0000 - 0x00007ff98b345000 	C:\Windows\WinSxS\amd64_microsoft.windows.common-controls_6595b64144ccf1df_6.0.22000.120_none_9d947278b86cc467\COMCTL32.dll
0x00007ff99e0d0000 - 0x00007ff99e0f6000 	C:\Windows\System32\win32u.dll
0x00007ff99f800000 - 0x00007ff99f8a3000 	C:\Windows\System32\msvcrt.dll
0x00007ff99ece0000 - 0x00007ff99ed0a000 	C:\Windows\System32\GDI32.dll
0x00007ff99df10000 - 0x00007ff99e02e000 	C:\Windows\System32\gdi32full.dll
0x00007ff99e030000 - 0x00007ff99e0cd000 	C:\Windows\System32\msvcp_win.dll
0x00007ff9a0560000 - 0x00007ff9a0591000 	C:\Windows\System32\IMM32.DLL
0x00007ff9995d0000 - 0x00007ff9995dc000 	C:\Program Files\Microsoft\jdk-17.0.13.11-hotspot\bin\vcruntime140_1.dll
0x00007ff977510000 - 0x00007ff97759d000 	C:\Program Files\Microsoft\jdk-17.0.13.11-hotspot\bin\msvcp140.dll
0x00007ff94a100000 - 0x00007ff94ad71000 	C:\Program Files\Microsoft\jdk-17.0.13.11-hotspot\bin\server\jvm.dll
0x00007ff99ebd0000 - 0x00007ff99ec7e000 	C:\Windows\System32\ADVAPI32.dll
0x00007ff99fb90000 - 0x00007ff99fc2e000 	C:\Windows\System32\sechost.dll
0x00007ff99e9a0000 - 0x00007ff99eac1000 	C:\Windows\System32\RPCRT4.dll
0x00007ff99fb20000 - 0x00007ff99fb8f000 	C:\Windows\System32\WS2_32.dll
0x00007ff995ad0000 - 0x00007ff995b03000 	C:\Windows\SYSTEM32\WINMM.dll
0x00007ff990460000 - 0x00007ff99046a000 	C:\Windows\SYSTEM32\VERSION.dll
0x00007ff99da20000 - 0x00007ff99da6d000 	C:\Windows\SYSTEM32\POWRPROF.dll
0x00007ff99da00000 - 0x00007ff99da13000 	C:\Windows\SYSTEM32\UMPDC.dll
0x00007ff99cbc0000 - 0x00007ff99cbd8000 	C:\Windows\SYSTEM32\kernel.appcore.dll
0x00007ff98fd40000 - 0x00007ff98fd4a000 	C:\Program Files\Microsoft\jdk-17.0.13.11-hotspot\bin\jimage.dll
0x00007ff99b200000 - 0x00007ff99b421000 	C:\Windows\SYSTEM32\DBGHELP.DLL
0x00007ff9844b0000 - 0x00007ff9844e1000 	C:\Windows\SYSTEM32\dbgcore.DLL
0x00007ff99e490000 - 0x00007ff99e50f000 	C:\Windows\System32\bcryptPrimitives.dll
0x00007ff98dc40000 - 0x00007ff98dc65000 	C:\Program Files\Microsoft\jdk-17.0.13.11-hotspot\bin\java.dll
0x00007ff977430000 - 0x00007ff977507000 	C:\Program Files\Microsoft\jdk-17.0.13.11-hotspot\bin\jsvml.dll
0x00007ff99ef40000 - 0x00007ff99f705000 	C:\Windows\System32\SHELL32.dll
0x00007ff99bc20000 - 0x00007ff99c482000 	C:\Windows\SYSTEM32\windows.storage.dll
0x00007ff9a01e0000 - 0x00007ff9a0556000 	C:\Windows\System32\combase.dll
0x00007ff99bab0000 - 0x00007ff99bc17000 	C:\Windows\SYSTEM32\wintypes.dll
0x00007ff99eae0000 - 0x00007ff99ebca000 	C:\Windows\System32\SHCORE.dll
0x00007ff99ec80000 - 0x00007ff99ecdd000 	C:\Windows\System32\shlwapi.dll
0x00007ff99da80000 - 0x00007ff99daa5000 	C:\Windows\SYSTEM32\profapi.dll
0x00007ff98dc20000 - 0x00007ff98dc3a000 	C:\Program Files\Microsoft\jdk-17.0.13.11-hotspot\bin\net.dll
0x00007ff996480000 - 0x00007ff996594000 	C:\Windows\SYSTEM32\WINHTTP.dll
0x00007ff99d070000 - 0x00007ff99d0d7000 	C:\Windows\system32\mswsock.dll
0x00007ff98db40000 - 0x00007ff98db56000 	C:\Program Files\Microsoft\jdk-17.0.13.11-hotspot\bin\nio.dll
0x00007ff98c510000 - 0x00007ff98c528000 	C:\Program Files\Microsoft\jdk-17.0.13.11-hotspot\bin\zip.dll
0x00007ff98f810000 - 0x00007ff98f820000 	C:\Program Files\Microsoft\jdk-17.0.13.11-hotspot\bin\verify.dll
0x00007ff98db30000 - 0x00007ff98db3a000 	C:\Program Files\Microsoft\jdk-17.0.13.11-hotspot\bin\management.dll
0x00007ff98d880000 - 0x00007ff98d88b000 	C:\Program Files\Microsoft\jdk-17.0.13.11-hotspot\bin\management_ext.dll
0x00007ff99ed10000 - 0x00007ff99ed18000 	C:\Windows\System32\PSAPI.DLL
0x00007ff98a9c0000 - 0x00007ff98a9e7000 	C:\Users\Kasher Shahzad\.gradle\native\1def1411415f61bf3af743bc5b6707747c0891f09f0c88961ee8f79bc544acac\windows-amd64\native-platform.dll
0x00007ff99a940000 - 0x00007ff99a94a000 	C:\Users\Kasher Shahzad\.gradle\native\jansi\1.18\windows64\jansi.dll
0x00007ff99c6e0000 - 0x00007ff99c70d000 	C:\Windows\SYSTEM32\IPHLPAPI.DLL
0x00007ff99f8b0000 - 0x00007ff99f8b9000 	C:\Windows\System32\NSI.dll
0x00007ff9960e0000 - 0x00007ff9960f9000 	C:\Windows\SYSTEM32\dhcpcsvc6.DLL
0x00007ff998250000 - 0x00007ff99826e000 	C:\Windows\SYSTEM32\dhcpcsvc.DLL
0x00007ff99c710000 - 0x00007ff99c7f7000 	C:\Windows\SYSTEM32\DNSAPI.dll
0x00007ff98d090000 - 0x00007ff98d099000 	C:\Program Files\Microsoft\jdk-17.0.13.11-hotspot\bin\extnet.dll
0x00007ff99d2b0000 - 0x00007ff99d2c8000 	C:\Windows\SYSTEM32\CRYPTSP.dll
0x00007ff99cb20000 - 0x00007ff99cb55000 	C:\Windows\system32\rsaenh.dll
0x00007ff99d160000 - 0x00007ff99d18c000 	C:\Windows\SYSTEM32\USERENV.dll
0x00007ff99d430000 - 0x00007ff99d457000 	C:\Windows\SYSTEM32\bcrypt.dll
0x00007ff99d2d0000 - 0x00007ff99d2dc000 	C:\Windows\SYSTEM32\CRYPTBASE.dll
0x00007ff98c500000 - 0x00007ff98c50e000 	C:\Program Files\Microsoft\jdk-17.0.13.11-hotspot\bin\sunmscapi.dll
0x00007ff99db50000 - 0x00007ff99dcb2000 	C:\Windows\System32\CRYPT32.dll
0x00007ff99d400000 - 0x00007ff99d428000 	C:\Windows\SYSTEM32\ncrypt.dll
0x00007ff99d3c0000 - 0x00007ff99d3f7000 	C:\Windows\SYSTEM32\NTASN1.dll
0x00007ff98fce0000 - 0x00007ff98fce8000 	C:\Windows\system32\wshunix.dll

dbghelp: loaded successfully - version: 4.0.5 - missing functions: none
symbol engine: initialized successfully - sym options: 0x614 - pdb path: .;C:\Program Files\Microsoft\jdk-17.0.13.11-hotspot\bin;C:\Windows\SYSTEM32;C:\Windows\WinSxS\amd64_microsoft.windows.common-controls_6595b64144ccf1df_6.0.22000.120_none_9d947278b86cc467;C:\Program Files\Microsoft\jdk-17.0.13.11-hotspot\bin\server;C:\Users\Kasher Shahzad\.gradle\native\1def1411415f61bf3af743bc5b6707747c0891f09f0c88961ee8f79bc544acac\windows-amd64;C:\Users\Kasher Shahzad\.gradle\native\jansi\1.18\windows64

VM Arguments:
jvm_args: -Xmx64m -Xms64m -Dorg.gradle.appname=gradlew 
java_command: org.gradle.wrapper.GradleWrapperMain app:installDebug -PreactNativeDevServerPort=8081
java_class_path (initial): D:\Backup\Projects\React Native\tailwind config\tailwind\android\\gradle\wrapper\gradle-wrapper.jar
Launcher Type: SUN_STANDARD

[Global flags]
     intx CICompilerCount                          = 3                                         {product} {ergonomic}
     uint ConcGCThreads                            = 1                                         {product} {ergonomic}
     uint G1ConcRefinementThreads                  = 4                                         {product} {ergonomic}
   size_t G1HeapRegionSize                         = 1048576                                   {product} {ergonomic}
    uintx GCDrainStackTargetSize                   = 64                                        {product} {ergonomic}
   size_t InitialHeapSize                          = 67108864                                  {product} {command line}
   size_t MarkStackSize                            = 4194304                                   {product} {ergonomic}
   size_t MaxHeapSize                              = 67108864                                  {product} {command line}
   size_t MaxNewSize                               = 39845888                                  {product} {ergonomic}
   size_t MinHeapDeltaBytes                        = 1048576                                   {product} {ergonomic}
   size_t MinHeapSize                              = 67108864                                  {product} {command line}
    uintx NonNMethodCodeHeapSize                   = 5832780                                {pd product} {ergonomic}
    uintx NonProfiledCodeHeapSize                  = 122912730                              {pd product} {ergonomic}
    uintx ProfiledCodeHeapSize                     = 122912730                              {pd product} {ergonomic}
    uintx ReservedCodeCacheSize                    = 251658240                              {pd product} {ergonomic}
     bool SegmentedCodeCache                       = true                                      {product} {ergonomic}
   size_t SoftMaxHeapSize                          = 67108864                               {manageable} {ergonomic}
     bool UseCompressedClassPointers               = true                           {product lp64_product} {ergonomic}
     bool UseCompressedOops                        = true                           {product lp64_product} {ergonomic}
     bool UseG1GC                                  = true                                      {product} {ergonomic}
     bool UseLargePagesIndividualAllocation        = false                                  {pd product} {ergonomic}

Logging:
Log output configuration:
 #0: stdout all=warning uptime,level,tags
 #1: stderr all=off uptime,level,tags

Environment Variables:
JAVA_HOME=C:\Program Files\Microsoft\jdk-17.0.13.11-hotspot\
CLASSPATH=D:\Backup\Projects\React Native\tailwind config\tailwind\android\\gradle\wrapper\gradle-wrapper.jar
PATH=D:\Backup\Projects\React Native\tailwind config\tailwind\node_modules\.bin;D:\Backup\Projects\React Native\tailwind config\tailwind\node_modules\.bin;D:\Backup\Projects\React Native\tailwind config\node_modules\.bin;D:\Backup\Projects\React Native\node_modules\.bin;D:\Backup\Projects\node_modules\.bin;D:\Backup\node_modules\.bin;D:\node_modules\.bin;C:\Users\Kasher Shahzad\AppData\Roaming\npm\node_modules\npm\node_modules\@npmcli\run-script\lib\node-gyp-bin;C:\Program Files\Microsoft\jdk-17.0.13.11-hotspot\bin;C:\Windows\system32;C:\Windows;C:\Windows\System32\Wbem;C:\Windows\System32\WindowsPowerShell\v1.0\;C:\Windows\System32\OpenSSH\;C:\Program Files\dotnet\;C:\Program Files (x86)\Intel\Intel(R) Management Engine Components\DAL;C:\Program Files\Intel\Intel(R) Management Engine Components\DAL;C:\ProgramData\chocolatey\bin;C:\Program Files (x86)\Git\cmd;C:\Users\Kasher Shahzad\AppData\Local\Android\Sdk;C:\Users\Kasher Shahzad\AppData\Local\Android\Sdk\platforms;C:\Users\Kasher Shahzad\AppData\Local\Android\Sdk\platform-tools;C:\Users\Kasher Shahzad\AppData\Local\Android\Sdk\emulator;C:\Users\Kasher Shahzad\AppData\Roaming\nvm;C:\Program Files\nodejs;C:\Program Files (x86)\dotnet\;C:\Users\Kasher Shahzad\AppData\Local\Android\Sdk\ndk\27.1.12297006;C:\Users\Kasher Shahzad\AppData\Local\Android\Sdk\tools;C:\Users\Kasher Shahzad\AppData\Local\Microsoft\WindowsApps;C:\Users\Kasher Shahzad\AppData\Roaming\npm;C:\Users\Kasher Shahzad\AppData\Local\Android\Sdk;C:\Users\Kasher Shahzad\AppData\Local\Android\Sdk\platforms;C:\Users\Kasher Shahzad\AppData\Local\Android\Sdk\emulator;C:\Users\Kasher Shahzad\AppData\Local\Android\Sdk\platform-tools;C:\Users\Kasher Shahzad\AppData\Local\Programs\Microsoft VS Code\bin;C:\Users\Kasher Shahzad\AppData\Roaming\nvm;C:\Program Files\nodejs;C:\Users\Kasher Shahzad\AppData\Local\Android\Sdk\ndk\27.1.12297006;
USERNAME=Kasher Shahzad
OS=Windows_NT
PROCESSOR_IDENTIFIER=Intel64 Family 6 Model 78 Stepping 3, GenuineIntel
TMP=C:\Users\KASHER~1\AppData\Local\Temp
TEMP=C:\Users\KASHER~1\AppData\Local\Temp



Periodic native trim disabled


---------------  S Y S T E M  ---------------

OS:
 Windows 11 , 64 bit Build 22000 (10.0.22000.2538)
OS uptime: 4 days 20:41 hours

CPU: total 4 (initial active 4) (2 cores per cpu, 2 threads per core) family 6 model 78 stepping 3 microcode 0xec, cx8, cmov, fxsr, ht, mmx, 3dnowpref, sse, sse2, sse3, ssse3, sse4.1, sse4.2, popcnt, lzcnt, tsc, tscinvbit, avx, avx2, aes, erms, clmul, bmi1, bmi2, rtm, adx, fma, vzeroupper, clflush, clflushopt
Processor Information for the first 4 processors :
  Max Mhz: 2808, Current Mhz: 2607, Mhz Limit: 2583

Memory: 4k page, system-wide physical 8072M (265M free)
TotalPageFile size 24456M (AvailPageFile size 0M)
current process WorkingSet (physical memory assigned to process): 50M, peak: 104M
current process commit charge ("private bytes"): 157M, peak: 178M

vm_info: OpenJDK 64-Bit Server VM (17.0.13+11-LTS) for windows-amd64 JRE (17.0.13+11-LTS), built on Oct 11 2024 23:25:05 by "MicrosoftCorporation" with unknown MS VC++:1939

END.
