#
# There is insufficient memory for the Java Runtime Environment to continue.
# Native memory allocation (mmap) failed to map 297795584 bytes. Error detail: G1 virtual space
# Possible reasons:
#   The system is out of physical RAM or swap space
#   This process is running with CompressedOops enabled, and the Java Heap may be blocking the growth of the native heap
# Possible solutions:
#   Reduce memory load on the system
#   Increase physical memory or swap space
#   Check if swap backing store is full
#   Decrease Java heap size (-Xmx/-Xms)
#   Decrease number of Java threads
#   Decrease Java thread stack sizes (-Xss)
#   Set larger code cache with -XX:ReservedCodeCacheSize=
#   JVM is running with Zero Based Compressed Oops mode in which the Java heap is
#     placed in the first 32GB address space. The Java Heap base address is the
#     maximum limit for the native heap growth. Please use -XX:HeapBaseMinAddress
#     to set the Java Heap base and to place the Java Heap above 32GB virtual address.
# This output file may be truncated or incomplete.
#
#  Out of Memory Error (os_windows.cpp:3679), pid=14848, tid=19524
#
# JRE version: OpenJDK Runtime Environment Microsoft-10376486 (17.0.13+11) (build 17.0.13+11-LTS)
# Java VM: OpenJDK 64-Bit Server VM Microsoft-10376486 (17.0.13+11-LTS, mixed mode, sharing, tiered, compressed oops, compressed class ptrs, g1 gc, windows-amd64)
# No core dump will be written. Minidumps are not enabled by default on client versions of Windows
#

---------------  S U M M A R Y ------------

Command Line: --add-opens=java.base/java.lang=ALL-UNNAMED --add-opens=java.base/java.lang.invoke=ALL-UNNAMED --add-opens=java.base/java.util=ALL-UNNAMED --add-opens=java.prefs/java.util.prefs=ALL-UNNAMED --add-exports=jdk.compiler/com.sun.tools.javac.api=ALL-UNNAMED --add-exports=jdk.compiler/com.sun.tools.javac.util=ALL-UNNAMED --add-opens=java.base/java.util=ALL-UNNAMED --add-opens=java.prefs/java.util.prefs=ALL-UNNAMED --add-opens=java.base/java.nio.charset=ALL-UNNAMED --add-opens=java.base/java.net=ALL-UNNAMED --add-opens=java.base/java.util.concurrent.atomic=ALL-UNNAMED --add-opens=java.xml/javax.xml.namespace=ALL-UNNAMED -Xmx4096m -Dfile.encoding=windows-1252 -Duser.country=US -Duser.language=en -Duser.variant -javaagent:C:\Users\Kasher Shahzad\.gradle\wrapper\dists\gradle-8.13-bin\5xuhj0ry160q40clulazy9h7d\gradle-8.13\lib\agents\gradle-instrumentation-agent-8.13.jar org.gradle.launcher.daemon.bootstrap.GradleDaemon 8.13

Host: Intel(R) Core(TM) i7-6600U CPU @ 2.60GHz, 4 cores, 7G,  Windows 11 , 64 bit Build 22000 (10.0.22000.2538)
Time: Thu Apr 24 23:18:47 2025 Pakistan Standard Time elapsed time: 33.874295 seconds (0d 0h 0m 33s)

---------------  T H R E A D  ---------------

Current thread (0x00000266ec6354e0):  VMThread "VM Thread" [stack: 0x0000008ea2200000,0x0000008ea2300000] [id=19524]

Stack: [0x0000008ea2200000,0x0000008ea2300000]
Native frames: (J=compiled Java code, j=interpreted, Vv=VM code, C=native code)
V  [jvm.dll+0x687fc9]
V  [jvm.dll+0x83eeb8]
V  [jvm.dll+0x840963]
V  [jvm.dll+0x840fd3]
V  [jvm.dll+0x24951f]
V  [jvm.dll+0x684f89]
V  [jvm.dll+0x6794aa]
V  [jvm.dll+0x30ad27]
V  [jvm.dll+0x312296]
V  [jvm.dll+0x362bde]
V  [jvm.dll+0x362e1d]
V  [jvm.dll+0x2e1fbc]
V  [jvm.dll+0x2e0369]
V  [jvm.dll+0x2dfacc]
V  [jvm.dll+0x32267b]
V  [jvm.dll+0x84580d]
V  [jvm.dll+0x846543]
V  [jvm.dll+0x846a6f]
V  [jvm.dll+0x846e54]
V  [jvm.dll+0x846f1e]
V  [jvm.dll+0x7eea6c]
V  [jvm.dll+0x686ea7]
C  [ucrtbase.dll+0x26c0c]
C  [KERNEL32.DLL+0x153e0]
C  [ntdll.dll+0x485b]

VM_Operation (0x0000008ea3af5d00): G1CollectForAllocation, mode: safepoint, requested by thread 0x00000266f10249c0


---------------  P R O C E S S  ---------------

Threads class SMR info:
_java_thread_list=0x00000266f6e1b240, length=91, elements={
0x00000266c9e3fda0, 0x00000266ec63a730, 0x00000266ec63b5b0, 0x00000266ec654120,
0x00000266ec655a00, 0x00000266ec6563c0, 0x00000266ec656d80, 0x00000266ec6594f0,
0x00000266ec68c510, 0x00000266ec65abb0, 0x00000266ec625750, 0x00000266ec840d60,
0x00000266ec68ea40, 0x00000266f1e964e0, 0x00000266f26161e0, 0x00000266f2781df0,
0x00000266f27c1a80, 0x00000266f28cd820, 0x00000266f1022650, 0x00000266f10249c0,
0x00000266f1023070, 0x00000266f10258f0, 0x00000266f1023fa0, 0x00000266f1023a90,
0x00000266f1024ed0, 0x00000266f10253e0, 0x00000266f3282d00, 0x00000266f3283210,
0x00000266f3280ea0, 0x00000266f3284b60, 0x00000266f3281dd0, 0x00000266f327f550,
0x00000266f327e620, 0x00000266f327ff70, 0x00000266f3280480, 0x00000266f3284650,
0x00000266f32827f0, 0x00000266f3285070, 0x00000266f3285a90, 0x00000266f270b410,
0x00000266f2709ac0, 0x00000266f27044b0, 0x00000266f2707750, 0x00000266f270af00,
0x00000266f2708b90, 0x00000266f2709fd0, 0x00000266f2707c60, 0x00000266f2708170,
0x00000266f27053e0, 0x00000266f2703fa0, 0x00000266f27049c0, 0x00000266f270a9f0,
0x00000266f2706d30, 0x00000266f2708680, 0x00000266f27095b0, 0x00000266f27058f0,
0x00000266f2707240, 0x00000266f2705e00, 0x00000266f2706310, 0x00000266f27090a0,
0x00000266f1022b60, 0x00000266f10244b0, 0x00000266f4a45570, 0x00000266f4a48810,
0x00000266f4a45a80, 0x00000266f4a45060, 0x00000266f4a473d0, 0x00000266f4a45f90,
0x00000266f4a478e0, 0x00000266f4a48300, 0x00000266f4a469b0, 0x00000266f4a46ec0,
0x00000266f4a47df0, 0x00000266f6e2c6b0, 0x00000266f6e2a850, 0x00000266f6e2b780,
0x00000266f6e2c1a0, 0x00000266f6e2d0d0, 0x00000266f6e312a0, 0x00000266f6e2ad60,
0x00000266f6e30d90, 0x00000266f6e2f440, 0x00000266f6e2b270, 0x00000266f6e2daf0,
0x00000266f6e2bc90, 0x00000266f6e2d5e0, 0x00000266f6e2e510, 0x00000266f6e2cbc0,
0x00000266f6e30880, 0x00000266f6bf3300, 0x00000266f6bf14a0
}

Java Threads: ( => current thread )
  0x00000266c9e3fda0 JavaThread "main" [_thread_blocked, id=10992, stack(0x0000008ea1c00000,0x0000008ea1d00000)]
  0x00000266ec63a730 JavaThread "Reference Handler" daemon [_thread_blocked, id=19280, stack(0x0000008ea2300000,0x0000008ea2400000)]
  0x00000266ec63b5b0 JavaThread "Finalizer" daemon [_thread_blocked, id=15924, stack(0x0000008ea2400000,0x0000008ea2500000)]
  0x00000266ec654120 JavaThread "Signal Dispatcher" daemon [_thread_blocked, id=9760, stack(0x0000008ea2500000,0x0000008ea2600000)]
  0x00000266ec655a00 JavaThread "Attach Listener" daemon [_thread_blocked, id=18904, stack(0x0000008ea2600000,0x0000008ea2700000)]
  0x00000266ec6563c0 JavaThread "Service Thread" daemon [_thread_blocked, id=15784, stack(0x0000008ea2700000,0x0000008ea2800000)]
  0x00000266ec656d80 JavaThread "Monitor Deflation Thread" daemon [_thread_blocked, id=22440, stack(0x0000008ea2800000,0x0000008ea2900000)]
  0x00000266ec6594f0 JavaThread "C2 CompilerThread0" daemon [_thread_blocked, id=10524, stack(0x0000008ea2900000,0x0000008ea2a00000)]
  0x00000266ec68c510 JavaThread "C1 CompilerThread0" daemon [_thread_blocked, id=1916, stack(0x0000008ea2a00000,0x0000008ea2b00000)]
  0x00000266ec65abb0 JavaThread "Sweeper thread" daemon [_thread_blocked, id=20044, stack(0x0000008ea2b00000,0x0000008ea2c00000)]
  0x00000266ec625750 JavaThread "Common-Cleaner" daemon [_thread_blocked, id=16432, stack(0x0000008ea2c00000,0x0000008ea2d00000)]
  0x00000266ec840d60 JavaThread "Notification Thread" daemon [_thread_blocked, id=18332, stack(0x0000008ea2d00000,0x0000008ea2e00000)]
  0x00000266ec68ea40 JavaThread "C2 CompilerThread1" daemon [_thread_blocked, id=3184, stack(0x0000008ea3300000,0x0000008ea3400000)]
  0x00000266f1e964e0 JavaThread "Daemon health stats" [_thread_blocked, id=12916, stack(0x0000008ea3400000,0x0000008ea3500000)]
  0x00000266f26161e0 JavaThread "Incoming local TCP Connector on port 52471" [_thread_in_native, id=22260, stack(0x0000008ea3500000,0x0000008ea3600000)]
  0x00000266f2781df0 JavaThread "Daemon periodic checks" [_thread_blocked, id=2244, stack(0x0000008ea3600000,0x0000008ea3700000)]
  0x00000266f27c1a80 JavaThread "Daemon" [_thread_blocked, id=11008, stack(0x0000008ea3700000,0x0000008ea3800000)]
  0x00000266f28cd820 JavaThread "Handler for socket connection from /127.0.0.1:52471 to /127.0.0.1:52472" [_thread_in_native, id=11568, stack(0x0000008ea3800000,0x0000008ea3900000)]
  0x00000266f1022650 JavaThread "Cancel handler" [_thread_blocked, id=1848, stack(0x0000008ea3900000,0x0000008ea3a00000)]
  0x00000266f10249c0 JavaThread "Daemon worker" [_thread_blocked, id=6860, stack(0x0000008ea3a00000,0x0000008ea3b00000)]
  0x00000266f1023070 JavaThread "Asynchronous log dispatcher for DefaultDaemonConnection: socket connection from /127.0.0.1:52471 to /127.0.0.1:52472" [_thread_blocked, id=7688, stack(0x0000008ea3b00000,0x0000008ea3c00000)]
  0x00000266f10258f0 JavaThread "Stdin handler" [_thread_blocked, id=6964, stack(0x0000008ea3c00000,0x0000008ea3d00000)]
  0x00000266f1023fa0 JavaThread "Daemon client event forwarder" [_thread_blocked, id=13412, stack(0x0000008ea3d00000,0x0000008ea3e00000)]
  0x00000266f1023a90 JavaThread "Cache worker for journal cache (C:\Users\Kasher Shahzad\.gradle\caches\journal-1)" [_thread_blocked, id=16820, stack(0x0000008ea3e00000,0x0000008ea3f00000)]
  0x00000266f1024ed0 JavaThread "File lock request listener" [_thread_in_native, id=19032, stack(0x0000008ea3f00000,0x0000008ea4000000)]
  0x00000266f10253e0 JavaThread "Cache worker for file hash cache (C:\Users\Kasher Shahzad\.gradle\caches\8.13\fileHashes)" [_thread_blocked, id=6664, stack(0x0000008ea4000000,0x0000008ea4100000)]
  0x00000266f3282d00 JavaThread "Cache worker for file hash cache (D:\Backup\Projects\React Native\tailwind config\tailwind\android\.gradle\8.13\fileHashes)" [_thread_blocked, id=19688, stack(0x0000008ea4100000,0x0000008ea4200000)]
  0x00000266f3283210 JavaThread "Cache worker for Build Output Cleanup Cache (D:\Backup\Projects\React Native\tailwind config\tailwind\android\.gradle\buildOutputCleanup)" [_thread_blocked, id=4724, stack(0x0000008ea4200000,0x0000008ea4300000)]
  0x00000266f3280ea0 JavaThread "File watcher server" daemon [_thread_in_native, id=12284, stack(0x0000008ea4300000,0x0000008ea4400000)]
  0x00000266f3284b60 JavaThread "File watcher consumer" daemon [_thread_blocked, id=11104, stack(0x0000008ea4400000,0x0000008ea4500000)]
  0x00000266f3281dd0 JavaThread "jar transforms" [_thread_blocked, id=18516, stack(0x0000008ea4500000,0x0000008ea4600000)]
  0x00000266f327f550 JavaThread "Cache worker for checksums cache (D:\Backup\Projects\React Native\tailwind config\tailwind\android\.gradle\8.13\checksums)" [_thread_blocked, id=13160, stack(0x0000008ea4600000,0x0000008ea4700000)]
  0x00000266f327e620 JavaThread "Cache worker for file content cache (C:\Users\Kasher Shahzad\.gradle\caches\8.13\fileContent)" [_thread_blocked, id=12848, stack(0x0000008ea4700000,0x0000008ea4800000)]
  0x00000266f327ff70 JavaThread "Cache worker for cache directory md-supplier (C:\Users\Kasher Shahzad\.gradle\caches\8.13\md-supplier)" [_thread_blocked, id=14396, stack(0x0000008ea4800000,0x0000008ea4900000)]
  0x00000266f3280480 JavaThread "Cache worker for cache directory md-rule (C:\Users\Kasher Shahzad\.gradle\caches\8.13\md-rule)" [_thread_blocked, id=6980, stack(0x0000008ea4900000,0x0000008ea4a00000)]
  0x00000266f3284650 JavaThread "Cache worker for Build Output Cleanup Cache (D:\Backup\Projects\React Native\tailwind config\tailwind\node_modules\@react-native\gradle-plugin\.gradle\buildOutputCleanup)" [_thread_blocked, id=1256, stack(0x0000008ea4a00000,0x0000008ea4b00000)]
  0x00000266f32827f0 JavaThread "Unconstrained build operations" [_thread_blocked, id=3888, stack(0x0000008ea4b00000,0x0000008ea4c00000)]
  0x00000266f3285070 JavaThread "Unconstrained build operations Thread 2" [_thread_blocked, id=20912, stack(0x0000008ea4c00000,0x0000008ea4d00000)]
  0x00000266f3285a90 JavaThread "Unconstrained build operations Thread 3" [_thread_blocked, id=21172, stack(0x0000008ea4d00000,0x0000008ea4e00000)]
  0x00000266f270b410 JavaThread "Unconstrained build operations Thread 4" [_thread_blocked, id=12044, stack(0x0000008ea4e00000,0x0000008ea4f00000)]
  0x00000266f2709ac0 JavaThread "Unconstrained build operations Thread 5" [_thread_blocked, id=19496, stack(0x0000008ea4f00000,0x0000008ea5000000)]
  0x00000266f27044b0 JavaThread "Unconstrained build operations Thread 6" [_thread_blocked, id=6656, stack(0x0000008ea5000000,0x0000008ea5100000)]
  0x00000266f2707750 JavaThread "Unconstrained build operations Thread 7" [_thread_blocked, id=5784, stack(0x0000008ea5100000,0x0000008ea5200000)]
  0x00000266f270af00 JavaThread "Unconstrained build operations Thread 8" [_thread_blocked, id=15332, stack(0x0000008ea5200000,0x0000008ea5300000)]
  0x00000266f2708b90 JavaThread "Unconstrained build operations Thread 9" [_thread_blocked, id=19952, stack(0x0000008ea5300000,0x0000008ea5400000)]
  0x00000266f2709fd0 JavaThread "Unconstrained build operations Thread 10" [_thread_blocked, id=15800, stack(0x0000008ea5400000,0x0000008ea5500000)]
  0x00000266f2707c60 JavaThread "Unconstrained build operations Thread 11" [_thread_blocked, id=5928, stack(0x0000008ea5500000,0x0000008ea5600000)]
  0x00000266f2708170 JavaThread "Unconstrained build operations Thread 12" [_thread_blocked, id=15980, stack(0x0000008ea5600000,0x0000008ea5700000)]
  0x00000266f27053e0 JavaThread "Unconstrained build operations Thread 13" [_thread_blocked, id=10856, stack(0x0000008ea5700000,0x0000008ea5800000)]
  0x00000266f2703fa0 JavaThread "Unconstrained build operations Thread 14" [_thread_blocked, id=13316, stack(0x0000008ea5800000,0x0000008ea5900000)]
  0x00000266f27049c0 JavaThread "Unconstrained build operations Thread 15" [_thread_blocked, id=18008, stack(0x0000008ea5900000,0x0000008ea5a00000)]
  0x00000266f270a9f0 JavaThread "build event listener" [_thread_blocked, id=15644, stack(0x0000008ea5a00000,0x0000008ea5b00000)]
  0x00000266f2706d30 JavaThread "Memory manager" [_thread_blocked, id=19536, stack(0x0000008ea5b00000,0x0000008ea5c00000)]
  0x00000266f2708680 JavaThread "ForkJoinPool.commonPool-worker-1" daemon [_thread_blocked, id=17228, stack(0x0000008ea5c00000,0x0000008ea5d00000)]
  0x00000266f27095b0 JavaThread "ForkJoinPool.commonPool-worker-2" daemon [_thread_blocked, id=17648, stack(0x0000008ea5d00000,0x0000008ea5e00000)]
  0x00000266f27058f0 JavaThread "ForkJoinPool.commonPool-worker-3" daemon [_thread_blocked, id=13104, stack(0x0000008ea5e00000,0x0000008ea5f00000)]
  0x00000266f2707240 JavaThread "included builds" [_thread_blocked, id=17636, stack(0x0000008ea5f00000,0x0000008ea6000000)]
  0x00000266f2705e00 JavaThread "Execution worker" [_thread_blocked, id=17744, stack(0x0000008ea6000000,0x0000008ea6100000)]
  0x00000266f2706310 JavaThread "Execution worker Thread 2" [_thread_blocked, id=5528, stack(0x0000008ea6100000,0x0000008ea6200000)]
  0x00000266f27090a0 JavaThread "Execution worker Thread 3" [_thread_blocked, id=4308, stack(0x0000008ea6200000,0x0000008ea6300000)]
  0x00000266f1022b60 JavaThread "Cache worker for execution history cache (D:\Backup\Projects\React Native\tailwind config\tailwind\node_modules\@react-native\gradle-plugin\.gradle\8.13\executionHistory)" [_thread_blocked, id=17884, stack(0x0000008ea6300000,0x0000008ea6400000)]
  0x00000266f10244b0 JavaThread "Unconstrained build operations Thread 16" [_thread_blocked, id=16660, stack(0x0000008ea6400000,0x0000008ea6500000)]
  0x00000266f4a45570 JavaThread "Unconstrained build operations Thread 17" [_thread_blocked, id=8700, stack(0x0000008ea6500000,0x0000008ea6600000)]
  0x00000266f4a48810 JavaThread "Unconstrained build operations Thread 18" [_thread_blocked, id=9092, stack(0x0000008ea6600000,0x0000008ea6700000)]
  0x00000266f4a45a80 JavaThread "Unconstrained build operations Thread 19" [_thread_blocked, id=18484, stack(0x0000008ea6700000,0x0000008ea6800000)]
  0x00000266f4a45060 JavaThread "Unconstrained build operations Thread 20" [_thread_blocked, id=17748, stack(0x0000008ea6800000,0x0000008ea6900000)]
  0x00000266f4a473d0 JavaThread "Unconstrained build operations Thread 21" [_thread_blocked, id=20832, stack(0x0000008ea6900000,0x0000008ea6a00000)]
  0x00000266f4a45f90 JavaThread "Unconstrained build operations Thread 22" [_thread_blocked, id=9964, stack(0x0000008ea6a00000,0x0000008ea6b00000)]
  0x00000266f4a478e0 JavaThread "Unconstrained build operations Thread 23" [_thread_blocked, id=13816, stack(0x0000008ea6b00000,0x0000008ea6c00000)]
  0x00000266f4a48300 JavaThread "Unconstrained build operations Thread 24" [_thread_blocked, id=6344, stack(0x0000008ea6c00000,0x0000008ea6d00000)]
  0x00000266f4a469b0 JavaThread "Unconstrained build operations Thread 25" [_thread_blocked, id=9196, stack(0x0000008ea6d00000,0x0000008ea6e00000)]
  0x00000266f4a46ec0 JavaThread "Unconstrained build operations Thread 26" [_thread_blocked, id=13656, stack(0x0000008ea6e00000,0x0000008ea6f00000)]
  0x00000266f4a47df0 JavaThread "Unconstrained build operations Thread 27" [_thread_blocked, id=12268, stack(0x0000008ea6f00000,0x0000008ea7000000)]
  0x00000266f6e2c6b0 JavaThread "Unconstrained build operations Thread 28" [_thread_blocked, id=20760, stack(0x0000008ea7000000,0x0000008ea7100000)]
  0x00000266f6e2a850 JavaThread "Unconstrained build operations Thread 29" [_thread_blocked, id=9160, stack(0x0000008ea7100000,0x0000008ea7200000)]
  0x00000266f6e2b780 JavaThread "Unconstrained build operations Thread 30" [_thread_blocked, id=9168, stack(0x0000008ea7200000,0x0000008ea7300000)]
  0x00000266f6e2c1a0 JavaThread "Unconstrained build operations Thread 31" [_thread_blocked, id=9640, stack(0x0000008ea7300000,0x0000008ea7400000)]
  0x00000266f6e2d0d0 JavaThread "Unconstrained build operations Thread 32" [_thread_blocked, id=20640, stack(0x0000008ea7400000,0x0000008ea7500000)]
  0x00000266f6e312a0 JavaThread "Unconstrained build operations Thread 33" [_thread_blocked, id=21316, stack(0x0000008ea7500000,0x0000008ea7600000)]
  0x00000266f6e2ad60 JavaThread "Unconstrained build operations Thread 34" [_thread_blocked, id=14384, stack(0x0000008ea7600000,0x0000008ea7700000)]
  0x00000266f6e30d90 JavaThread "Unconstrained build operations Thread 35" [_thread_blocked, id=21972, stack(0x0000008ea7700000,0x0000008ea7800000)]
  0x00000266f6e2f440 JavaThread "Unconstrained build operations Thread 36" [_thread_blocked, id=11344, stack(0x0000008ea7800000,0x0000008ea7900000)]
  0x00000266f6e2b270 JavaThread "Unconstrained build operations Thread 37" [_thread_blocked, id=10272, stack(0x0000008ea7900000,0x0000008ea7a00000)]
  0x00000266f6e2daf0 JavaThread "jar transforms Thread 2" [_thread_blocked, id=6952, stack(0x0000008ea7a00000,0x0000008ea7b00000)]
  0x00000266f6e2bc90 JavaThread "jar transforms Thread 3" [_thread_blocked, id=17020, stack(0x0000008ea7b00000,0x0000008ea7c00000)]
  0x00000266f6e2d5e0 JavaThread "Unconstrained build operations Thread 38" [_thread_blocked, id=13788, stack(0x0000008ea7c00000,0x0000008ea7d00000)]
  0x00000266f6e2e510 JavaThread "Unconstrained build operations Thread 39" [_thread_blocked, id=19120, stack(0x0000008ea7d00000,0x0000008ea7e00000)]
  0x00000266f6e2cbc0 JavaThread "Unconstrained build operations Thread 40" [_thread_blocked, id=7068, stack(0x0000008ea7e00000,0x0000008ea7f00000)]
  0x00000266f6e30880 JavaThread "jar transforms Thread 4" [_thread_blocked, id=17600, stack(0x0000008ea7f00000,0x0000008ea8000000)]
  0x00000266f6bf3300 JavaThread "Problems report writer" [_thread_blocked, id=16132, stack(0x0000008ea8000000,0x0000008ea8100000)]
  0x00000266f6bf14a0 JavaThread "build event listener" [_thread_blocked, id=17040, stack(0x0000008ea8100000,0x0000008ea8200000)]

Other Threads:
=>0x00000266ec6354e0 VMThread "VM Thread" [stack: 0x0000008ea2200000,0x0000008ea2300000] [id=19524]
  0x00000266c9e40c20 WatcherThread [stack: 0x0000008ea2e00000,0x0000008ea2f00000] [id=3244]
  0x00000266c9eac060 GCTaskThread "GC Thread#0" [stack: 0x0000008ea1d00000,0x0000008ea1e00000] [id=18784]
  0x00000266ec8ec820 GCTaskThread "GC Thread#1" [stack: 0x0000008ea2f00000,0x0000008ea3000000] [id=1172]
  0x00000266ec94d4f0 GCTaskThread "GC Thread#2" [stack: 0x0000008ea3000000,0x0000008ea3100000] [id=7824]
  0x00000266f1d62390 GCTaskThread "GC Thread#3" [stack: 0x0000008ea3100000,0x0000008ea3200000] [id=1532]
  0x00000266c9ec0fd0 ConcurrentGCThread "G1 Main Marker" [stack: 0x0000008ea1e00000,0x0000008ea1f00000] [id=17340]
  0x00000266c9ec2190 ConcurrentGCThread "G1 Conc#0" [stack: 0x0000008ea1f00000,0x0000008ea2000000] [id=16216]
  0x00000266c9efd840 ConcurrentGCThread "G1 Refine#0" [stack: 0x0000008ea2000000,0x0000008ea2100000] [id=9996]
  0x00000266f1722f40 ConcurrentGCThread "G1 Refine#1" [stack: 0x0000008ea3200000,0x0000008ea3300000] [id=1776]
  0x00000266c9efe270 ConcurrentGCThread "G1 Service" [stack: 0x0000008ea2100000,0x0000008ea2200000] [id=11088]

Threads with active compile tasks:
C2 CompilerThread0    33915 14098       4       com.google.common.collect.AbstractListMultimap::get (9 bytes)
C2 CompilerThread1    33916 14049       4       sun.reflect.generics.visitor.Reifier::visitClassTypeSignature (381 bytes)

VM state: at safepoint (normal execution)

VM Mutex/Monitor currently owned by a thread:  ([mutex/lock_event])
[0x00000266c9e3ccc0] Threads_lock - owner thread: 0x00000266ec6354e0
[0x00000266c9e3c210] Heap_lock - owner thread: 0x00000266f10249c0

Heap address: 0x0000000700000000, size: 4096 MB, Compressed Oops mode: Zero based, Oop shift amount: 3

CDS archive(s) mapped at: [0x0000026680000000-0x0000026680bb0000-0x0000026680bb0000), size 12255232, SharedBaseAddress: 0x0000026680000000, ArchiveRelocationMode: 1.
Compressed class space mapped at: 0x0000026681000000-0x00000266c1000000, reserved size: 1073741824
Narrow klass base: 0x0000026680000000, Narrow klass shift: 0, Narrow klass range: 0x100000000

GC Precious Log:
 CPUs: 4 total, 4 available
 Memory: 8072M
 Large Page Support: Disabled
 NUMA Support: Disabled
 Compressed Oops: Enabled (Zero based)
 Heap Region Size: 2M
 Heap Min Capacity: 8M
 Heap Initial Capacity: 128M
 Heap Max Capacity: 4G
 Pre-touch: Disabled
 Parallel Workers: 4
 Concurrent Workers: 1
 Concurrent Refinement Workers: 4
 Periodic GC: Disabled

Heap:
 garbage-first heap   total 290816K, used 147560K [0x0000000700000000, 0x0000000800000000)
  region size 2048K, 4 young (8192K), 4 survivors (8192K)
 Metaspace       used 105510K, committed 106624K, reserved 1179648K
  class space    used 14833K, committed 15360K, reserved 1048576K

Heap Regions: E=young(eden), S=young(survivor), O=old, HS=humongous(starts), HC=humongous(continues), CS=collection set, F=free, OA=open archive, CA=closed archive, TAMS=top-at-mark-start (previous, next)
|   0|0x0000000700000000, 0x0000000700200000, 0x0000000700200000|100%| O|  |TAMS 0x0000000700200000, 0x0000000700000000| Untracked 
|   1|0x0000000700200000, 0x0000000700400000, 0x0000000700400000|100%|HS|  |TAMS 0x0000000700400000, 0x0000000700200000| Complete 
|   2|0x0000000700400000, 0x0000000700600000, 0x0000000700600000|100%|HC|  |TAMS 0x0000000700600000, 0x0000000700400000| Complete 
|   3|0x0000000700600000, 0x0000000700800000, 0x0000000700800000|100%| O|  |TAMS 0x0000000700800000, 0x0000000700600000| Untracked 
|   4|0x0000000700800000, 0x0000000700a00000, 0x0000000700a00000|100%| O|  |TAMS 0x0000000700a00000, 0x0000000700800000| Untracked 
|   5|0x0000000700a00000, 0x0000000700c00000, 0x0000000700c00000|100%| O|  |TAMS 0x0000000700c00000, 0x0000000700a00000| Untracked 
|   6|0x0000000700c00000, 0x0000000700e00000, 0x0000000700e00000|100%| O|  |TAMS 0x0000000700e00000, 0x0000000700c00000| Untracked 
|   7|0x0000000700e00000, 0x0000000701000000, 0x0000000701000000|100%| O|  |TAMS 0x0000000701000000, 0x0000000700e00000| Untracked 
|   8|0x0000000701000000, 0x0000000701200000, 0x0000000701200000|100%| O|  |TAMS 0x0000000701200000, 0x0000000701000000| Untracked 
|   9|0x0000000701200000, 0x0000000701400000, 0x0000000701400000|100%| O|  |TAMS 0x0000000701400000, 0x0000000701200000| Untracked 
|  10|0x0000000701400000, 0x0000000701600000, 0x0000000701600000|100%| O|  |TAMS 0x0000000701600000, 0x0000000701400000| Untracked 
|  11|0x0000000701600000, 0x0000000701800000, 0x0000000701800000|100%| O|  |TAMS 0x0000000701800000, 0x0000000701600000| Untracked 
|  12|0x0000000701800000, 0x0000000701a00000, 0x0000000701a00000|100%| O|  |TAMS 0x0000000701a00000, 0x0000000701800000| Untracked 
|  13|0x0000000701a00000, 0x0000000701c00000, 0x0000000701c00000|100%| O|  |TAMS 0x0000000701c00000, 0x0000000701a00000| Untracked 
|  14|0x0000000701c00000, 0x0000000701e00000, 0x0000000701e00000|100%| O|  |TAMS 0x0000000701e00000, 0x0000000701c00000| Untracked 
|  15|0x0000000701e00000, 0x0000000702000000, 0x0000000702000000|100%| O|  |TAMS 0x0000000702000000, 0x0000000701e00000| Untracked 
|  16|0x0000000702000000, 0x0000000702200000, 0x0000000702200000|100%| O|  |TAMS 0x0000000702200000, 0x0000000702000000| Untracked 
|  17|0x0000000702200000, 0x0000000702400000, 0x0000000702400000|100%|HS|  |TAMS 0x0000000702400000, 0x0000000702200000| Complete 
|  18|0x0000000702400000, 0x0000000702600000, 0x0000000702600000|100%|HS|  |TAMS 0x0000000702600000, 0x0000000702400000| Complete 
|  19|0x0000000702600000, 0x0000000702800000, 0x0000000702800000|100%| O|  |TAMS 0x0000000702800000, 0x0000000702600000| Untracked 
|  20|0x0000000702800000, 0x0000000702a00000, 0x0000000702a00000|100%| O|  |TAMS 0x0000000702a00000, 0x0000000702800000| Untracked 
|  21|0x0000000702a00000, 0x0000000702c00000, 0x0000000702c00000|100%|HS|  |TAMS 0x0000000702c00000, 0x0000000702a00000| Complete 
|  22|0x0000000702c00000, 0x0000000702e00000, 0x0000000702e00000|100%|HC|  |TAMS 0x0000000702e00000, 0x0000000702c00000| Complete 
|  23|0x0000000702e00000, 0x0000000703000000, 0x0000000703000000|100%| O|  |TAMS 0x0000000703000000, 0x0000000702e00000| Untracked 
|  24|0x0000000703000000, 0x0000000703200000, 0x0000000703200000|100%| O|  |TAMS 0x0000000703200000, 0x0000000703000000| Untracked 
|  25|0x0000000703200000, 0x0000000703400000, 0x0000000703400000|100%| O|  |TAMS 0x0000000703200000, 0x0000000703200000| Untracked 
|  26|0x0000000703400000, 0x0000000703600000, 0x0000000703600000|100%| O|  |TAMS 0x0000000703600000, 0x0000000703400000| Untracked 
|  27|0x0000000703600000, 0x0000000703800000, 0x0000000703800000|100%| O|  |TAMS 0x0000000703800000, 0x0000000703600000| Untracked 
|  28|0x0000000703800000, 0x0000000703a00000, 0x0000000703a00000|100%|HS|  |TAMS 0x0000000703a00000, 0x0000000703800000| Complete 
|  29|0x0000000703a00000, 0x0000000703c00000, 0x0000000703c00000|100%|HC|  |TAMS 0x0000000703c00000, 0x0000000703a00000| Complete 
|  30|0x0000000703c00000, 0x0000000703e00000, 0x0000000703e00000|100%| O|  |TAMS 0x0000000703e00000, 0x0000000703c00000| Untracked 
|  31|0x0000000703e00000, 0x0000000704000000, 0x0000000704000000|100%| O|  |TAMS 0x0000000704000000, 0x0000000703e00000| Untracked 
|  32|0x0000000704000000, 0x0000000704200000, 0x0000000704200000|100%| O|  |TAMS 0x0000000704200000, 0x0000000704000000| Untracked 
|  33|0x0000000704200000, 0x0000000704400000, 0x0000000704400000|100%|HS|  |TAMS 0x0000000704200000, 0x0000000704200000| Complete 
|  34|0x0000000704400000, 0x0000000704600000, 0x0000000704600000|100%| O|  |TAMS 0x0000000704600000, 0x0000000704400000| Untracked 
|  35|0x0000000704600000, 0x0000000704800000, 0x0000000704800000|100%| O|  |TAMS 0x0000000704800000, 0x0000000704600000| Untracked 
|  36|0x0000000704800000, 0x0000000704a00000, 0x0000000704a00000|100%| O|  |TAMS 0x0000000704a00000, 0x0000000704800000| Untracked 
|  37|0x0000000704a00000, 0x0000000704c00000, 0x0000000704c00000|100%| O|  |TAMS 0x0000000704c00000, 0x0000000704a00000| Untracked 
|  38|0x0000000704c00000, 0x0000000704e00000, 0x0000000704e00000|100%| O|  |TAMS 0x0000000704e00000, 0x0000000704c00000| Untracked 
|  39|0x0000000704e00000, 0x0000000705000000, 0x0000000705000000|100%| O|  |TAMS 0x0000000704edc400, 0x0000000704e00000| Untracked 
|  40|0x0000000705000000, 0x0000000705200000, 0x0000000705200000|100%| O|  |TAMS 0x0000000705000000, 0x0000000705000000| Untracked 
|  41|0x0000000705200000, 0x0000000705400000, 0x0000000705400000|100%| O|  |TAMS 0x0000000705200000, 0x0000000705200000| Untracked 
|  42|0x0000000705400000, 0x0000000705600000, 0x0000000705600000|100%| O|  |TAMS 0x0000000705400000, 0x0000000705400000| Untracked 
|  43|0x0000000705600000, 0x0000000705800000, 0x0000000705800000|100%| O|  |TAMS 0x0000000705600000, 0x0000000705600000| Untracked 
|  44|0x0000000705800000, 0x0000000705a00000, 0x0000000705a00000|100%| O|  |TAMS 0x0000000705800000, 0x0000000705800000| Untracked 
|  45|0x0000000705a00000, 0x0000000705c00000, 0x0000000705c00000|100%| O|  |TAMS 0x0000000705a00000, 0x0000000705a00000| Untracked 
|  46|0x0000000705c00000, 0x0000000705e00000, 0x0000000705e00000|100%| O|  |TAMS 0x0000000705c00000, 0x0000000705c00000| Untracked 
|  47|0x0000000705e00000, 0x0000000706000000, 0x0000000706000000|100%| O|  |TAMS 0x0000000705e00000, 0x0000000705e00000| Untracked 
|  48|0x0000000706000000, 0x0000000706200000, 0x0000000706200000|100%| O|  |TAMS 0x0000000706000000, 0x0000000706000000| Untracked 
|  49|0x0000000706200000, 0x0000000706400000, 0x0000000706400000|100%| O|  |TAMS 0x0000000706200000, 0x0000000706200000| Untracked 
|  50|0x0000000706400000, 0x0000000706600000, 0x0000000706600000|100%| O|  |TAMS 0x0000000706400000, 0x0000000706400000| Untracked 
|  51|0x0000000706600000, 0x0000000706800000, 0x0000000706800000|100%| O|  |TAMS 0x0000000706600000, 0x0000000706600000| Untracked 
|  52|0x0000000706800000, 0x0000000706a00000, 0x0000000706a00000|100%| O|  |TAMS 0x0000000706800000, 0x0000000706800000| Untracked 
|  53|0x0000000706a00000, 0x0000000706c00000, 0x0000000706c00000|100%| O|  |TAMS 0x0000000706a00000, 0x0000000706a00000| Untracked 
|  54|0x0000000706c00000, 0x0000000706e00000, 0x0000000706e00000|100%| O|  |TAMS 0x0000000706c00000, 0x0000000706c00000| Untracked 
|  55|0x0000000706e00000, 0x0000000707000000, 0x0000000707000000|100%| O|  |TAMS 0x0000000706e00000, 0x0000000706e00000| Untracked 
|  56|0x0000000707000000, 0x0000000707200000, 0x0000000707200000|100%| O|  |TAMS 0x0000000707000000, 0x0000000707000000| Untracked 
|  57|0x0000000707200000, 0x0000000707400000, 0x0000000707400000|100%| O|  |TAMS 0x0000000707200000, 0x0000000707200000| Untracked 
|  58|0x0000000707400000, 0x0000000707600000, 0x0000000707600000|100%| O|  |TAMS 0x0000000707400000, 0x0000000707400000| Untracked 
|  59|0x0000000707600000, 0x0000000707800000, 0x0000000707800000|100%| O|  |TAMS 0x0000000707600000, 0x0000000707600000| Untracked 
|  60|0x0000000707800000, 0x0000000707a00000, 0x0000000707a00000|100%| O|  |TAMS 0x0000000707800000, 0x0000000707800000| Untracked 
|  61|0x0000000707a00000, 0x0000000707c00000, 0x0000000707c00000|100%| O|  |TAMS 0x0000000707a00000, 0x0000000707a00000| Untracked 
|  62|0x0000000707c00000, 0x0000000707e00000, 0x0000000707e00000|100%| O|  |TAMS 0x0000000707c00000, 0x0000000707c00000| Untracked 
|  63|0x0000000707e00000, 0x0000000708000000, 0x0000000708000000|100%| O|  |TAMS 0x0000000707e00000, 0x0000000707e00000| Untracked 
|  64|0x0000000708000000, 0x0000000708200000, 0x0000000708200000|100%| O|  |TAMS 0x0000000708000000, 0x0000000708000000| Untracked 
|  65|0x0000000708200000, 0x0000000708400000, 0x0000000708400000|100%| O|  |TAMS 0x0000000708200000, 0x0000000708200000| Untracked 
|  66|0x0000000708400000, 0x0000000708600000, 0x0000000708600000|100%| O|  |TAMS 0x0000000708400000, 0x0000000708400000| Untracked 
|  67|0x0000000708600000, 0x0000000708800000, 0x0000000708800000|100%| O|  |TAMS 0x0000000708600000, 0x0000000708600000| Untracked 
|  68|0x0000000708800000, 0x0000000708869a00, 0x0000000708a00000| 20%| O|  |TAMS 0x0000000708800000, 0x0000000708800000| Untracked 
|  69|0x0000000708a00000, 0x0000000708a00000, 0x0000000708c00000|  0%| F|  |TAMS 0x0000000708a00000, 0x0000000708a00000| Untracked 
|  70|0x0000000708c00000, 0x0000000708c00000, 0x0000000708e00000|  0%| F|  |TAMS 0x0000000708c00000, 0x0000000708c00000| Untracked 
|  71|0x0000000708e00000, 0x0000000708e00000, 0x0000000709000000|  0%| F|  |TAMS 0x0000000708e00000, 0x0000000708e00000| Untracked 
|  72|0x0000000709000000, 0x0000000709000000, 0x0000000709200000|  0%| F|  |TAMS 0x0000000709000000, 0x0000000709000000| Untracked 
|  73|0x0000000709200000, 0x0000000709200000, 0x0000000709400000|  0%| F|  |TAMS 0x0000000709200000, 0x0000000709200000| Untracked 
|  74|0x0000000709400000, 0x0000000709400000, 0x0000000709600000|  0%| F|  |TAMS 0x0000000709400000, 0x0000000709400000| Untracked 
|  75|0x0000000709600000, 0x0000000709600000, 0x0000000709800000|  0%| F|  |TAMS 0x0000000709600000, 0x0000000709600000| Untracked 
|  76|0x0000000709800000, 0x0000000709800000, 0x0000000709a00000|  0%| F|  |TAMS 0x0000000709800000, 0x0000000709800000| Untracked 
|  77|0x0000000709a00000, 0x0000000709a00000, 0x0000000709c00000|  0%| F|  |TAMS 0x0000000709a00000, 0x0000000709a00000| Untracked 
|  78|0x0000000709c00000, 0x0000000709c00000, 0x0000000709e00000|  0%| F|  |TAMS 0x0000000709c00000, 0x0000000709c00000| Untracked 
|  79|0x0000000709e00000, 0x0000000709e00000, 0x000000070a000000|  0%| F|  |TAMS 0x0000000709e00000, 0x0000000709e00000| Untracked 
|  80|0x000000070a000000, 0x000000070a000000, 0x000000070a200000|  0%| F|  |TAMS 0x000000070a000000, 0x000000070a000000| Untracked 
|  81|0x000000070a200000, 0x000000070a200000, 0x000000070a400000|  0%| F|  |TAMS 0x000000070a200000, 0x000000070a200000| Untracked 
|  82|0x000000070a400000, 0x000000070a400000, 0x000000070a600000|  0%| F|  |TAMS 0x000000070a400000, 0x000000070a400000| Untracked 
|  83|0x000000070a600000, 0x000000070a600000, 0x000000070a800000|  0%| F|  |TAMS 0x000000070a600000, 0x000000070a600000| Untracked 
|  84|0x000000070a800000, 0x000000070a800000, 0x000000070aa00000|  0%| F|  |TAMS 0x000000070a800000, 0x000000070a800000| Untracked 
|  85|0x000000070aa00000, 0x000000070aa00000, 0x000000070ac00000|  0%| F|  |TAMS 0x000000070aa00000, 0x000000070aa00000| Untracked 
|  86|0x000000070ac00000, 0x000000070ac00000, 0x000000070ae00000|  0%| F|  |TAMS 0x000000070ac00000, 0x000000070ac00000| Untracked 
|  87|0x000000070ae00000, 0x000000070ae00000, 0x000000070b000000|  0%| F|  |TAMS 0x000000070ae00000, 0x000000070ae00000| Untracked 
|  88|0x000000070b000000, 0x000000070b000000, 0x000000070b200000|  0%| F|  |TAMS 0x000000070b000000, 0x000000070b000000| Untracked 
|  89|0x000000070b200000, 0x000000070b200000, 0x000000070b400000|  0%| F|  |TAMS 0x000000070b200000, 0x000000070b200000| Untracked 
|  90|0x000000070b400000, 0x000000070b400000, 0x000000070b600000|  0%| F|  |TAMS 0x000000070b400000, 0x000000070b400000| Untracked 
|  91|0x000000070b600000, 0x000000070b600000, 0x000000070b800000|  0%| F|  |TAMS 0x000000070b600000, 0x000000070b600000| Untracked 
|  92|0x000000070b800000, 0x000000070b800000, 0x000000070ba00000|  0%| F|  |TAMS 0x000000070b800000, 0x000000070b800000| Untracked 
|  93|0x000000070ba00000, 0x000000070ba00000, 0x000000070bc00000|  0%| F|  |TAMS 0x000000070ba00000, 0x000000070ba00000| Untracked 
|  94|0x000000070bc00000, 0x000000070bdb06d8, 0x000000070be00000| 84%| S|CS|TAMS 0x000000070bc00000, 0x000000070bc00000| Complete 
|  95|0x000000070be00000, 0x000000070c000000, 0x000000070c000000|100%| S|CS|TAMS 0x000000070be00000, 0x000000070be00000| Complete 
|  96|0x000000070c000000, 0x000000070c200000, 0x000000070c200000|100%| S|CS|TAMS 0x000000070c000000, 0x000000070c000000| Complete 
|  97|0x000000070c200000, 0x000000070c400000, 0x000000070c400000|100%| S|CS|TAMS 0x000000070c200000, 0x000000070c200000| Complete 
|  98|0x000000070c400000, 0x000000070c400000, 0x000000070c600000|  0%| F|  |TAMS 0x000000070c400000, 0x000000070c400000| Untracked 
|  99|0x000000070c600000, 0x000000070c600000, 0x000000070c800000|  0%| F|  |TAMS 0x000000070c600000, 0x000000070c600000| Untracked 
| 100|0x000000070c800000, 0x000000070c800000, 0x000000070ca00000|  0%| F|  |TAMS 0x000000070c800000, 0x000000070c800000| Untracked 
| 101|0x000000070ca00000, 0x000000070ca00000, 0x000000070cc00000|  0%| F|  |TAMS 0x000000070ca00000, 0x000000070ca00000| Untracked 
| 102|0x000000070cc00000, 0x000000070cc00000, 0x000000070ce00000|  0%| F|  |TAMS 0x000000070cc00000, 0x000000070cc00000| Untracked 
| 103|0x000000070ce00000, 0x000000070ce00000, 0x000000070d000000|  0%| F|  |TAMS 0x000000070ce00000, 0x000000070ce00000| Untracked 
| 104|0x000000070d000000, 0x000000070d000000, 0x000000070d200000|  0%| F|  |TAMS 0x000000070d000000, 0x000000070d000000| Untracked 
| 105|0x000000070d200000, 0x000000070d200000, 0x000000070d400000|  0%| F|  |TAMS 0x000000070d200000, 0x000000070d200000| Untracked 
| 106|0x000000070d400000, 0x000000070d400000, 0x000000070d600000|  0%| F|  |TAMS 0x000000070d400000, 0x000000070d400000| Untracked 
| 107|0x000000070d600000, 0x000000070d600000, 0x000000070d800000|  0%| F|  |TAMS 0x000000070d600000, 0x000000070d600000| Untracked 
| 108|0x000000070d800000, 0x000000070d800000, 0x000000070da00000|  0%| F|  |TAMS 0x000000070d800000, 0x000000070d800000| Untracked 
| 109|0x000000070da00000, 0x000000070da00000, 0x000000070dc00000|  0%| F|  |TAMS 0x000000070da00000, 0x000000070da00000| Untracked 
| 110|0x000000070dc00000, 0x000000070dc00000, 0x000000070de00000|  0%| F|  |TAMS 0x000000070dc00000, 0x000000070dc00000| Untracked 
| 111|0x000000070de00000, 0x000000070de00000, 0x000000070e000000|  0%| F|  |TAMS 0x000000070de00000, 0x000000070de00000| Untracked 
| 112|0x000000070e000000, 0x000000070e000000, 0x000000070e200000|  0%| F|  |TAMS 0x000000070e000000, 0x000000070e000000| Untracked 
| 113|0x000000070e200000, 0x000000070e200000, 0x000000070e400000|  0%| F|  |TAMS 0x000000070e200000, 0x000000070e200000| Untracked 
| 114|0x000000070e400000, 0x000000070e400000, 0x000000070e600000|  0%| F|  |TAMS 0x000000070e400000, 0x000000070e400000| Untracked 
| 115|0x000000070e600000, 0x000000070e600000, 0x000000070e800000|  0%| F|  |TAMS 0x000000070e600000, 0x000000070e600000| Untracked 
| 116|0x000000070e800000, 0x000000070e800000, 0x000000070ea00000|  0%| F|  |TAMS 0x000000070e800000, 0x000000070e800000| Untracked 
| 117|0x000000070ea00000, 0x000000070ea00000, 0x000000070ec00000|  0%| F|  |TAMS 0x000000070ea00000, 0x000000070ea00000| Untracked 
| 118|0x000000070ec00000, 0x000000070ec00000, 0x000000070ee00000|  0%| F|  |TAMS 0x000000070ec00000, 0x000000070ec00000| Untracked 
| 119|0x000000070ee00000, 0x000000070ee00000, 0x000000070f000000|  0%| F|  |TAMS 0x000000070ee00000, 0x000000070ee00000| Untracked 
| 120|0x000000070f000000, 0x000000070f000000, 0x000000070f200000|  0%| F|  |TAMS 0x000000070f000000, 0x000000070f000000| Untracked 
| 121|0x000000070f200000, 0x000000070f200000, 0x000000070f400000|  0%| F|  |TAMS 0x000000070f200000, 0x000000070f200000| Untracked 
| 122|0x000000070f400000, 0x000000070f400000, 0x000000070f600000|  0%| F|  |TAMS 0x000000070f400000, 0x000000070f400000| Untracked 
| 123|0x000000070f600000, 0x000000070f600000, 0x000000070f800000|  0%| F|  |TAMS 0x000000070f600000, 0x000000070f600000| Untracked 
| 124|0x000000070f800000, 0x000000070f800000, 0x000000070fa00000|  0%| F|  |TAMS 0x000000070f800000, 0x000000070f800000| Untracked 
| 125|0x000000070fa00000, 0x000000070fa00000, 0x000000070fc00000|  0%| F|  |TAMS 0x000000070fa00000, 0x000000070fa00000| Untracked 
| 126|0x000000070fc00000, 0x000000070fc00000, 0x000000070fe00000|  0%| F|  |TAMS 0x000000070fc00000, 0x000000070fc00000| Untracked 
| 127|0x000000070fe00000, 0x000000070fe00000, 0x0000000710000000|  0%| F|  |TAMS 0x000000070fe00000, 0x000000070fe00000| Untracked 
| 128|0x0000000710000000, 0x0000000710000000, 0x0000000710200000|  0%| F|  |TAMS 0x0000000710000000, 0x0000000710000000| Untracked 
| 129|0x0000000710200000, 0x0000000710200000, 0x0000000710400000|  0%| F|  |TAMS 0x0000000710200000, 0x0000000710200000| Untracked 
| 130|0x0000000710400000, 0x0000000710400000, 0x0000000710600000|  0%| F|  |TAMS 0x0000000710400000, 0x0000000710400000| Untracked 
| 131|0x0000000710600000, 0x0000000710600000, 0x0000000710800000|  0%| F|  |TAMS 0x0000000710600000, 0x0000000710600000| Untracked 
| 132|0x0000000710800000, 0x0000000710800000, 0x0000000710a00000|  0%| F|  |TAMS 0x0000000710800000, 0x0000000710800000| Untracked 
| 133|0x0000000710a00000, 0x0000000710a00000, 0x0000000710c00000|  0%| F|  |TAMS 0x0000000710a00000, 0x0000000710a00000| Untracked 
| 134|0x0000000710c00000, 0x0000000710c00000, 0x0000000710e00000|  0%| F|  |TAMS 0x0000000710c00000, 0x0000000710c00000| Untracked 
| 135|0x0000000710e00000, 0x0000000710e00000, 0x0000000711000000|  0%| F|  |TAMS 0x0000000710e00000, 0x0000000710e00000| Untracked 
| 136|0x0000000711000000, 0x0000000711000000, 0x0000000711200000|  0%| F|  |TAMS 0x0000000711000000, 0x0000000711000000| Untracked 
| 137|0x0000000711200000, 0x0000000711200000, 0x0000000711400000|  0%| F|  |TAMS 0x0000000711200000, 0x0000000711200000| Untracked 
| 138|0x0000000711400000, 0x0000000711400000, 0x0000000711600000|  0%| F|  |TAMS 0x0000000711400000, 0x0000000711400000| Untracked 
| 139|0x0000000711600000, 0x0000000711600000, 0x0000000711800000|  0%| F|  |TAMS 0x0000000711600000, 0x0000000711600000| Untracked 
| 140|0x0000000711800000, 0x0000000711800000, 0x0000000711a00000|  0%| F|  |TAMS 0x0000000711800000, 0x0000000711800000| Untracked 
| 141|0x0000000711a00000, 0x0000000711a00000, 0x0000000711c00000|  0%| F|  |TAMS 0x0000000711a00000, 0x0000000711a00000| Untracked 

Card table byte_map: [0x00000266e1180000,0x00000266e1980000] _byte_map_base: 0x00000266dd980000

Marking Bits (Prev, Next): (CMBitMap*) 0x00000266c9eac6c0, (CMBitMap*) 0x00000266c9eac680
 Prev Bits: [0x00000266e6180000, 0x00000266ea180000)
 Next Bits: [0x00000266e2180000, 0x00000266e6180000)

Polling page: 0x00000266c7ca0000

Metaspace:

Usage:
  Non-class:     88.55 MB used.
      Class:     14.49 MB used.
       Both:    103.04 MB used.

Virtual space:
  Non-class space:      128.00 MB reserved,      89.12 MB ( 70%) committed,  2 nodes.
      Class space:        1.00 GB reserved,      15.00 MB (  1%) committed,  1 nodes.
             Both:        1.12 GB reserved,     104.12 MB (  9%) committed. 

Chunk freelists:
   Non-Class:  6.84 MB
       Class:  931.00 KB
        Both:  7.75 MB

MaxMetaspaceSize: unlimited
CompressedClassSpaceSize: 1.00 GB
Initial GC threshold: 21.00 MB
Current GC threshold: 120.88 MB
CDS: on
MetaspaceReclaimPolicy: balanced
 - commit_granule_bytes: 65536.
 - commit_granule_words: 8192.
 - virtual_space_node_default_size: 8388608.
 - enlarge_chunks_in_place: 1.
 - new_chunks_are_fully_committed: 0.
 - uncommit_free_chunks: 1.
 - use_allocation_guard: 0.
 - handle_deallocations: 1.


Internal statistics:

num_allocs_failed_limit: 12.
num_arena_births: 1472.
num_arena_deaths: 0.
num_vsnodes_births: 3.
num_vsnodes_deaths: 0.
num_space_committed: 1666.
num_space_uncommitted: 0.
num_chunks_returned_to_freelist: 12.
num_chunks_taken_from_freelist: 6287.
num_chunk_merges: 6.
num_chunk_splits: 4009.
num_chunks_enlarged: 2520.
num_inconsistent_stats: 0.

CodeHeap 'non-profiled nmethods': size=120000Kb used=7898Kb max_used=8197Kb free=112102Kb
 bounds [0x00000266d9450000, 0x00000266d9c70000, 0x00000266e0980000]
CodeHeap 'profiled nmethods': size=120000Kb used=22656Kb max_used=23214Kb free=97343Kb
 bounds [0x00000266d1980000, 0x00000266d3030000, 0x00000266d8eb0000]
CodeHeap 'non-nmethods': size=5760Kb used=2434Kb max_used=2537Kb free=3325Kb
 bounds [0x00000266d8eb0000, 0x00000266d9140000, 0x00000266d9450000]
 total_blobs=12567 nmethods=11593 adapters=886
 compilation: enabled
              stopped_count=0, restarted_count=0
 full_count=0

Compilation events (20 events):
Event: 33.836 Thread 0x00000266ec68c510 14095       3       java.util.Arrays$ArrayList::toArray (47 bytes)
Event: 33.837 Thread 0x00000266ec68c510 nmethod 14095 0x00000266d1e0b610 code [0x00000266d1e0b800, 0x00000266d1e0bdd8]
Event: 33.838 Thread 0x00000266ec6594f0 nmethod 14008 0x00000266d98c3790 code [0x00000266d98c3980, 0x00000266d98c4618]
Event: 33.839 Thread 0x00000266ec6594f0 14011       4       java.util.Collections$UnmodifiableCollection::size (10 bytes)
Event: 33.839 Thread 0x00000266ec6594f0 nmethod 14011 0x00000266d989b810 code [0x00000266d989b980, 0x00000266d989ba18]
Event: 33.839 Thread 0x00000266ec6594f0 14007       4       com.google.common.collect.AbstractMapBasedMultimap$WrappedCollection::size (14 bytes)
Event: 33.841 Thread 0x00000266ec6594f0 nmethod 14007 0x00000266d98c3290 code [0x00000266d98c3420, 0x00000266d98c35b8]
Event: 33.841 Thread 0x00000266ec6594f0 14002       4       com.google.common.collect.Maps::capacity (36 bytes)
Event: 33.843 Thread 0x00000266ec68c510 14101       3       org.gradle.internal.execution.model.annotations.AbstractInputPropertyAnnotationHandler::validateUnsupportedInputPropertyValueTypes (27 bytes)
Event: 33.843 Thread 0x00000266ec6594f0 nmethod 14002 0x00000266d98c2f90 code [0x00000266d98c3120, 0x00000266d98c31d8]
Event: 33.843 Thread 0x00000266ec6594f0 14098       4       com.google.common.collect.AbstractListMultimap::get (9 bytes)
Event: 33.844 Thread 0x00000266ec68c510 nmethod 14101 0x00000266d2041310 code [0x00000266d20414e0, 0x00000266d2041a38]
Event: 33.844 Thread 0x00000266ec68c510 14102       3       org.gradle.internal.execution.model.annotations.AbstractInputPropertyAnnotationHandler::validateUnsupportedPropertyValueType (44 bytes)
Event: 33.845 Thread 0x00000266ec68c510 nmethod 14102 0x00000266d1f87290 code [0x00000266d1f87520, 0x00000266d1f88248]
Event: 33.845 Thread 0x00000266ec68c510 14103       3       org.gradle.internal.execution.model.annotations.AbstractInputPropertyAnnotationHandler$$Lambda$718/0x00000266815ad938::<init> (10 bytes)
Event: 33.845 Thread 0x00000266ec68c510 nmethod 14103 0x00000266d2988610 code [0x00000266d29887a0, 0x00000266d2988958]
Event: 33.845 Thread 0x00000266ec68c510 14104       1       org.gradle.internal.properties.annotations.DefaultTypeMetadataStore$DefaultTypeMetadata::getTypeAnnotationMetadata (5 bytes)
Event: 33.845 Thread 0x00000266ec68c510 nmethod 14104 0x00000266d98c2c90 code [0x00000266d98c2e20, 0x00000266d98c2ef8]
Event: 33.845 Thread 0x00000266ec68c510 14105       1       org.gradle.api.internal.project.taskfactory.TaskFactory::access$000 (5 bytes)
Event: 33.845 Thread 0x00000266ec68c510 nmethod 14105 0x00000266d98c2990 code [0x00000266d98c2b20, 0x00000266d98c2bd8]

GC Heap History (20 events):
Event: 17.308 GC heap after
{Heap after GC invocations=27 (full 0):
 garbage-first heap   total 145408K, used 79931K [0x0000000700000000, 0x0000000800000000)
  region size 2048K, 3 young (6144K), 3 survivors (6144K)
 Metaspace       used 73062K, committed 73920K, reserved 1114112K
  class space    used 10355K, committed 10752K, reserved 1048576K
}
Event: 17.387 GC heap before
{Heap before GC invocations=27 (full 0):
 garbage-first heap   total 145408K, used 81979K [0x0000000700000000, 0x0000000800000000)
  region size 2048K, 4 young (8192K), 3 survivors (6144K)
 Metaspace       used 73116K, committed 73920K, reserved 1114112K
  class space    used 10356K, committed 10752K, reserved 1048576K
}
Event: 17.403 GC heap after
{Heap after GC invocations=28 (full 0):
 garbage-first heap   total 145408K, used 79645K [0x0000000700000000, 0x0000000800000000)
  region size 2048K, 1 young (2048K), 1 survivors (2048K)
 Metaspace       used 73116K, committed 73920K, reserved 1114112K
  class space    used 10356K, committed 10752K, reserved 1048576K
}
Event: 18.341 GC heap before
{Heap before GC invocations=28 (full 0):
 garbage-first heap   total 145408K, used 114461K [0x0000000700000000, 0x0000000800000000)
  region size 2048K, 19 young (38912K), 1 survivors (2048K)
 Metaspace       used 73357K, committed 74240K, reserved 1114112K
  class space    used 10357K, committed 10752K, reserved 1048576K
}
Event: 18.358 GC heap after
{Heap after GC invocations=29 (full 0):
 garbage-first heap   total 290816K, used 82486K [0x0000000700000000, 0x0000000800000000)
  region size 2048K, 2 young (4096K), 2 survivors (4096K)
 Metaspace       used 73357K, committed 74240K, reserved 1114112K
  class space    used 10357K, committed 10752K, reserved 1048576K
}
Event: 21.413 GC heap before
{Heap before GC invocations=30 (full 0):
 garbage-first heap   total 290816K, used 221750K [0x0000000700000000, 0x0000000800000000)
  region size 2048K, 71 young (145408K), 2 survivors (4096K)
 Metaspace       used 75946K, committed 76800K, reserved 1179648K
  class space    used 10671K, committed 11072K, reserved 1048576K
}
Event: 21.430 GC heap after
{Heap after GC invocations=31 (full 0):
 garbage-first heap   total 290816K, used 97137K [0x0000000700000000, 0x0000000800000000)
  region size 2048K, 9 young (18432K), 9 survivors (18432K)
 Metaspace       used 75946K, committed 76800K, reserved 1179648K
  class space    used 10671K, committed 11072K, reserved 1048576K
}
Event: 21.447 GC heap before
{Heap before GC invocations=31 (full 0):
 garbage-first heap   total 290816K, used 99185K [0x0000000700000000, 0x0000000800000000)
  region size 2048K, 10 young (20480K), 9 survivors (18432K)
 Metaspace       used 76249K, committed 77184K, reserved 1179648K
  class space    used 10686K, committed 11136K, reserved 1048576K
}
Event: 21.458 GC heap after
{Heap after GC invocations=32 (full 0):
 garbage-first heap   total 290816K, used 97812K [0x0000000700000000, 0x0000000800000000)
  region size 2048K, 1 young (2048K), 1 survivors (2048K)
 Metaspace       used 76249K, committed 77184K, reserved 1179648K
  class space    used 10686K, committed 11136K, reserved 1048576K
}
Event: 23.372 GC heap before
{Heap before GC invocations=32 (full 0):
 garbage-first heap   total 290816K, used 224788K [0x0000000700000000, 0x0000000800000000)
  region size 2048K, 62 young (126976K), 1 survivors (2048K)
 Metaspace       used 85206K, committed 86080K, reserved 1179648K
  class space    used 11791K, committed 12224K, reserved 1048576K
}
Event: 23.380 GC heap after
{Heap after GC invocations=33 (full 0):
 garbage-first heap   total 290816K, used 106555K [0x0000000700000000, 0x0000000800000000)
  region size 2048K, 4 young (8192K), 4 survivors (8192K)
 Metaspace       used 85206K, committed 86080K, reserved 1179648K
  class space    used 11791K, committed 12224K, reserved 1048576K
}
Event: 25.990 GC heap before
{Heap before GC invocations=33 (full 0):
 garbage-first heap   total 290816K, used 225339K [0x0000000700000000, 0x0000000800000000)
  region size 2048K, 62 young (126976K), 4 survivors (8192K)
 Metaspace       used 90550K, committed 91520K, reserved 1179648K
  class space    used 12533K, committed 12992K, reserved 1048576K
}
Event: 26.035 GC heap after
{Heap after GC invocations=34 (full 0):
 garbage-first heap   total 290816K, used 112678K [0x0000000700000000, 0x0000000800000000)
  region size 2048K, 7 young (14336K), 7 survivors (14336K)
 Metaspace       used 90550K, committed 91520K, reserved 1179648K
  class space    used 12533K, committed 12992K, reserved 1048576K
}
Event: 28.885 GC heap before
{Heap before GC invocations=34 (full 0):
 garbage-first heap   total 290816K, used 229414K [0x0000000700000000, 0x0000000800000000)
  region size 2048K, 64 young (131072K), 7 survivors (14336K)
 Metaspace       used 97969K, committed 98944K, reserved 1179648K
  class space    used 13674K, committed 14144K, reserved 1048576K
}
Event: 28.909 GC heap after
{Heap after GC invocations=35 (full 0):
 garbage-first heap   total 290816K, used 116274K [0x0000000700000000, 0x0000000800000000)
  region size 2048K, 5 young (10240K), 5 survivors (10240K)
 Metaspace       used 97969K, committed 98944K, reserved 1179648K
  class space    used 13674K, committed 14144K, reserved 1048576K
}
Event: 30.897 GC heap before
{Heap before GC invocations=35 (full 0):
 garbage-first heap   total 290816K, used 235058K [0x0000000700000000, 0x0000000800000000)
  region size 2048K, 63 young (129024K), 5 survivors (10240K)
 Metaspace       used 99895K, committed 100800K, reserved 1179648K
  class space    used 13911K, committed 14336K, reserved 1048576K
}
Event: 30.922 GC heap after
{Heap after GC invocations=36 (full 0):
 garbage-first heap   total 290816K, used 124436K [0x0000000700000000, 0x0000000800000000)
  region size 2048K, 6 young (12288K), 6 survivors (12288K)
 Metaspace       used 99895K, committed 100800K, reserved 1179648K
  class space    used 13911K, committed 14336K, reserved 1048576K
}
Event: 32.577 GC heap before
{Heap before GC invocations=36 (full 0):
 garbage-first heap   total 290816K, used 232980K [0x0000000700000000, 0x0000000800000000)
  region size 2048K, 60 young (122880K), 6 survivors (12288K)
 Metaspace       used 101759K, committed 102848K, reserved 1179648K
  class space    used 14214K, committed 14720K, reserved 1048576K
}
Event: 32.605 GC heap after
{Heap after GC invocations=37 (full 0):
 garbage-first heap   total 290816K, used 138822K [0x0000000700000000, 0x0000000800000000)
  region size 2048K, 8 young (16384K), 8 survivors (16384K)
 Metaspace       used 101759K, committed 102848K, reserved 1179648K
  class space    used 14214K, committed 14720K, reserved 1048576K
}
Event: 33.847 GC heap before
{Heap before GC invocations=37 (full 0):
 garbage-first heap   total 290816K, used 228934K [0x0000000700000000, 0x0000000800000000)
  region size 2048K, 52 young (106496K), 8 survivors (16384K)
 Metaspace       used 105510K, committed 106624K, reserved 1179648K
  class space    used 14833K, committed 15360K, reserved 1048576K
}

Dll operation events (15 events):
Event: 0.010 Loaded shared library C:\Program Files\Microsoft\jdk-17.0.13.11-hotspot\bin\java.dll
Event: 0.027 Loaded shared library C:\Program Files\Microsoft\jdk-17.0.13.11-hotspot\bin\jsvml.dll
Event: 0.079 Loaded shared library C:\Program Files\Microsoft\jdk-17.0.13.11-hotspot\bin\zip.dll
Event: 0.083 Loaded shared library C:\Program Files\Microsoft\jdk-17.0.13.11-hotspot\bin\instrument.dll
Event: 0.087 Loaded shared library C:\Program Files\Microsoft\jdk-17.0.13.11-hotspot\bin\net.dll
Event: 0.089 Loaded shared library C:\Program Files\Microsoft\jdk-17.0.13.11-hotspot\bin\nio.dll
Event: 0.091 Loaded shared library C:\Program Files\Microsoft\jdk-17.0.13.11-hotspot\bin\zip.dll
Event: 0.358 Loaded shared library C:\Program Files\Microsoft\jdk-17.0.13.11-hotspot\bin\jimage.dll
Event: 0.575 Loaded shared library C:\Program Files\Microsoft\jdk-17.0.13.11-hotspot\bin\verify.dll
Event: 0.668 Loaded shared library C:\Users\Kasher Shahzad\.gradle\native\1def1411415f61bf3af743bc5b6707747c0891f09f0c88961ee8f79bc544acac\windows-amd64\native-platform.dll
Event: 0.681 Loaded shared library C:\Users\Kasher Shahzad\.gradle\native\0.2.7\x86_64-windows-gnu\gradle-fileevents.dll
Event: 2.053 Loaded shared library C:\Program Files\Microsoft\jdk-17.0.13.11-hotspot\bin\management.dll
Event: 2.055 Loaded shared library C:\Program Files\Microsoft\jdk-17.0.13.11-hotspot\bin\management_ext.dll
Event: 2.287 Loaded shared library C:\Program Files\Microsoft\jdk-17.0.13.11-hotspot\bin\extnet.dll
Event: 2.575 Loaded shared library C:\Program Files\Microsoft\jdk-17.0.13.11-hotspot\bin\sunmscapi.dll

Deoptimization events (20 events):
Event: 33.568 Thread 0x00000266f10249c0 Uncommon trap: trap_request=0xffffffd6 fr.pc=0x00000266d94e426c relative=0x000000000000072c
Event: 33.568 Thread 0x00000266f10249c0 Uncommon trap: reason=array_check action=maybe_recompile pc=0x00000266d94e426c method=java.util.TimSort.binarySort([Ljava/lang/Object;IIILjava/util/Comparator;)V @ 215 c2
Event: 33.568 Thread 0x00000266f10249c0 DEOPT PACKING pc=0x00000266d94e426c sp=0x0000008ea3af6290
Event: 33.568 Thread 0x00000266f10249c0 DEOPT UNPACKING pc=0x00000266d8f069a3 sp=0x0000008ea3af6248 mode 2
Event: 33.576 Thread 0x00000266f10249c0 Uncommon trap: trap_request=0xffffffd6 fr.pc=0x00000266d94e426c relative=0x000000000000072c
Event: 33.576 Thread 0x00000266f10249c0 Uncommon trap: reason=array_check action=maybe_recompile pc=0x00000266d94e426c method=java.util.TimSort.binarySort([Ljava/lang/Object;IIILjava/util/Comparator;)V @ 215 c2
Event: 33.576 Thread 0x00000266f10249c0 DEOPT PACKING pc=0x00000266d94e426c sp=0x0000008ea3af6290
Event: 33.576 Thread 0x00000266f10249c0 DEOPT UNPACKING pc=0x00000266d8f069a3 sp=0x0000008ea3af6248 mode 2
Event: 33.591 Thread 0x00000266f10249c0 Uncommon trap: trap_request=0xfffffff4 fr.pc=0x00000266d9ad19e0 relative=0x0000000000001260
Event: 33.591 Thread 0x00000266f10249c0 Uncommon trap: reason=null_check action=make_not_entrant pc=0x00000266d9ad19e0 method=org.gradle.internal.instantiation.generator.AbstractClassGenerator$BooleanPropertyDeprecatingValidator.validateProperty(Lorg/gradle/internal/reflect/PropertyDetails;)V @
Event: 33.591 Thread 0x00000266f10249c0 DEOPT PACKING pc=0x00000266d9ad19e0 sp=0x0000008ea3af6360
Event: 33.591 Thread 0x00000266f10249c0 DEOPT UNPACKING pc=0x00000266d8f069a3 sp=0x0000008ea3af6328 mode 2
Event: 33.668 Thread 0x00000266f10249c0 Uncommon trap: trap_request=0xffffffbe fr.pc=0x00000266d9c06ae4 relative=0x00000000000012a4
Event: 33.668 Thread 0x00000266f10249c0 Uncommon trap: reason=profile_predicate action=maybe_recompile pc=0x00000266d9c06ae4 method=com.google.common.collect.MapMakerInternalMap$Segment.expand()V @ 56 c2
Event: 33.668 Thread 0x00000266f10249c0 DEOPT PACKING pc=0x00000266d9c06ae4 sp=0x0000008ea3af1830
Event: 33.668 Thread 0x00000266f10249c0 DEOPT UNPACKING pc=0x00000266d8f069a3 sp=0x0000008ea3af17d8 mode 2
Event: 33.668 Thread 0x00000266f10249c0 Uncommon trap: trap_request=0xffffffbe fr.pc=0x00000266d9c06ae4 relative=0x00000000000012a4
Event: 33.668 Thread 0x00000266f10249c0 Uncommon trap: reason=profile_predicate action=maybe_recompile pc=0x00000266d9c06ae4 method=com.google.common.collect.MapMakerInternalMap$Segment.expand()V @ 56 c2
Event: 33.668 Thread 0x00000266f10249c0 DEOPT PACKING pc=0x00000266d9c06ae4 sp=0x0000008ea3af1830
Event: 33.668 Thread 0x00000266f10249c0 DEOPT UNPACKING pc=0x00000266d8f069a3 sp=0x0000008ea3af17d8 mode 2

Classes loaded (20 events):
Event: 32.530 Loading class java/lang/EnumBeanInfo
Event: 32.530 Loading class java/lang/EnumBeanInfo done
Event: 32.530 Loading class java/lang/EnumCustomizer
Event: 32.530 Loading class java/lang/EnumCustomizer done
Event: 32.531 Loading class java/lang/EnumCustomizer
Event: 32.531 Loading class java/lang/EnumCustomizer done
Event: 32.690 Loading class java/io/FilterReader
Event: 32.690 Loading class java/io/FilterReader done
Event: 33.273 Loading class java/util/AbstractList$RandomAccessSubList
Event: 33.273 Loading class java/util/AbstractList$SubList
Event: 33.274 Loading class java/util/AbstractList$SubList done
Event: 33.274 Loading class java/util/AbstractList$RandomAccessSubList done
Event: 33.274 Loading class java/util/AbstractList$SubList$1
Event: 33.274 Loading class java/util/AbstractList$SubList$1 done
Event: 33.274 Loading class java/util/AbstractList$ListItr
Event: 33.274 Loading class java/util/AbstractList$ListItr done
Event: 33.400 Loading class sun/reflect/generics/scope/DummyScope
Event: 33.401 Loading class sun/reflect/generics/scope/DummyScope done
Event: 33.787 Loading class java/io/NotSerializableException
Event: 33.787 Loading class java/io/NotSerializableException done

Classes unloaded (0 events):
No events

Classes redefined (0 events):
No events

Internal exceptions (20 events):
Event: 32.853 Thread 0x00000266f10249c0 Exception <a 'java/lang/ClassNotFoundException'{0x0000000710b19508}: org/gradle/api/tasks/compile/JavaCompile_DecoratedCustomizer> (0x0000000710b19508) 
thrown [s\src\hotspot\share\classfile\systemDictionary.cpp, line 256]
Event: 33.161 Thread 0x00000266f10249c0 Exception <a 'java/lang/ClassNotFoundException'{0x000000070faff3f8}: com/android/build/gradle/tasks/ExternalNativeBuildJsonTask_DecoratedBeanInfo> (0x000000070faff3f8) 
thrown [s\src\hotspot\share\classfile\systemDictionary.cpp, line 256]
Event: 33.162 Thread 0x00000266f10249c0 Exception <a 'java/lang/ClassNotFoundException'{0x000000070fb0fd08}: com/android/build/gradle/tasks/ExternalNativeBuildJsonTaskBeanInfo> (0x000000070fb0fd08) 
thrown [s\src\hotspot\share\classfile\systemDictionary.cpp, line 256]
Event: 33.163 Thread 0x00000266f10249c0 Exception <a 'java/lang/ClassNotFoundException'{0x000000070fb21218}: com/android/build/gradle/internal/tasks/UnsafeOutputsTaskBeanInfo> (0x000000070fb21218) 
thrown [s\src\hotspot\share\classfile\systemDictionary.cpp, line 256]
Event: 33.163 Thread 0x00000266f10249c0 Exception <a 'java/lang/ClassNotFoundException'{0x000000070fb32c78}: com/android/build/gradle/internal/tasks/AndroidVariantTaskBeanInfo> (0x000000070fb32c78) 
thrown [s\src\hotspot\share\classfile\systemDictionary.cpp, line 256]
Event: 33.164 Thread 0x00000266f10249c0 Exception <a 'java/lang/ClassNotFoundException'{0x000000070fb44520}: com/android/build/gradle/internal/tasks/BaseTaskBeanInfo> (0x000000070fb44520) 
thrown [s\src\hotspot\share\classfile\systemDictionary.cpp, line 256]
Event: 33.165 Thread 0x00000266f10249c0 Exception <a 'java/lang/ClassNotFoundException'{0x000000070fb56080}: com/android/build/gradle/internal/tasks/BaseTaskCustomizer> (0x000000070fb56080) 
thrown [s\src\hotspot\share\classfile\systemDictionary.cpp, line 256]
Event: 33.166 Thread 0x00000266f10249c0 Exception <a 'java/lang/ClassNotFoundException'{0x000000070fb772e8}: com/android/build/gradle/internal/tasks/AndroidVariantTaskCustomizer> (0x000000070fb772e8) 
thrown [s\src\hotspot\share\classfile\systemDictionary.cpp, line 256]
Event: 33.168 Thread 0x00000266f10249c0 Exception <a 'java/lang/ClassNotFoundException'{0x000000070fb966f8}: com/android/build/gradle/internal/tasks/UnsafeOutputsTaskCustomizer> (0x000000070fb966f8) 
thrown [s\src\hotspot\share\classfile\systemDictionary.cpp, line 256]
Event: 33.169 Thread 0x00000266f10249c0 Exception <a 'java/lang/ClassNotFoundException'{0x000000070fbb4728}: com/android/build/gradle/tasks/ExternalNativeBuildJsonTaskCustomizer> (0x000000070fbb4728) 
thrown [s\src\hotspot\share\classfile\systemDictionary.cpp, line 256]
Event: 33.170 Thread 0x00000266f10249c0 Exception <a 'java/lang/ClassNotFoundException'{0x000000070fbdc590}: com/android/build/gradle/tasks/ExternalNativeBuildJsonTask_DecoratedCustomizer> (0x000000070fbdc590) 
thrown [s\src\hotspot\share\classfile\systemDictionary.cpp, line 256]
Event: 33.203 Thread 0x00000266f10249c0 Exception <a 'java/lang/NoSuchMethodError'{0x000000070f98f728}: static Lcom/android/build/gradle/internal/cxx/prefab/PrefabPackagePublication;.<clinit>()V> (0x000000070f98f728) 
thrown [s\src\hotspot\share\prims\jni.cpp, line 1112]
Event: 33.206 Thread 0x00000266f10249c0 Exception <a 'java/lang/NoSuchMethodError'{0x000000070f9b8e38}: static Lcom/android/build/gradle/internal/cxx/prefab/PrefabModulePublication;.<clinit>()V> (0x000000070f9b8e38) 
thrown [s\src\hotspot\share\prims\jni.cpp, line 1112]
Event: 33.208 Thread 0x00000266f10249c0 Exception <a 'java/lang/NoSuchMethodError'{0x000000070f9d21e0}: static Lcom/android/build/gradle/internal/cxx/prefab/PrefabAbiPublication;.<clinit>()V> (0x000000070f9d21e0) 
thrown [s\src\hotspot\share\prims\jni.cpp, line 1112]
Event: 33.258 Thread 0x00000266f10249c0 Exception <a 'java/lang/ClassNotFoundException'{0x000000070f4d2cc8}: com/android/build/gradle/internal/api/LibraryVariantOutputImpl_DecoratedBeanInfo> (0x000000070f4d2cc8) 
thrown [s\src\hotspot\share\classfile\systemDictionary.cpp, line 256]
Event: 33.259 Thread 0x00000266f10249c0 Exception <a 'java/lang/ClassNotFoundException'{0x000000070f4e0518}: com/android/build/gradle/internal/api/LibraryVariantOutputImplBeanInfo> (0x000000070f4e0518) 
thrown [s\src\hotspot\share\classfile\systemDictionary.cpp, line 256]
Event: 33.260 Thread 0x00000266f10249c0 Exception <a 'java/lang/ClassNotFoundException'{0x000000070f4edb50}: com/android/build/gradle/internal/api/LibraryVariantOutputImplCustomizer> (0x000000070f4edb50) 
thrown [s\src\hotspot\share\classfile\systemDictionary.cpp, line 256]
Event: 33.262 Thread 0x00000266f10249c0 Exception <a 'java/lang/ClassNotFoundException'{0x000000070f5043d0}: com/android/build/gradle/internal/api/LibraryVariantOutputImpl_DecoratedCustomizer> (0x000000070f5043d0) 
thrown [s\src\hotspot\share\classfile\systemDictionary.cpp, line 256]
Event: 33.402 Thread 0x00000266f10249c0 Implicit null exception at 0x00000266d97f35d1 to 0x00000266d97f6114
Event: 33.591 Thread 0x00000266f10249c0 Implicit null exception at 0x00000266d9ad0bf7 to 0x00000266d9ad19d0

VM Operations (20 events):
Event: 31.847 Executing VM operation: HandshakeAllThreads done
Event: 31.849 Executing VM operation: HandshakeAllThreads
Event: 31.849 Executing VM operation: HandshakeAllThreads done
Event: 32.053 Executing VM operation: HandshakeAllThreads
Event: 32.053 Executing VM operation: HandshakeAllThreads done
Event: 32.089 Executing VM operation: HandshakeAllThreads
Event: 32.090 Executing VM operation: HandshakeAllThreads done
Event: 32.576 Executing VM operation: G1CollectForAllocation
Event: 32.605 Executing VM operation: G1CollectForAllocation done
Event: 33.179 Executing VM operation: HandshakeAllThreads
Event: 33.179 Executing VM operation: HandshakeAllThreads done
Event: 33.276 Executing VM operation: HandshakeAllThreads
Event: 33.276 Executing VM operation: HandshakeAllThreads done
Event: 33.402 Executing VM operation: HandshakeAllThreads
Event: 33.402 Executing VM operation: HandshakeAllThreads done
Event: 33.524 Executing VM operation: ICBufferFull
Event: 33.525 Executing VM operation: ICBufferFull done
Event: 33.789 Executing VM operation: HandshakeAllThreads
Event: 33.789 Executing VM operation: HandshakeAllThreads done
Event: 33.847 Executing VM operation: G1CollectForAllocation

Memory protections (0 events):
No events

Nmethod flushes (20 events):
Event: 32.072 Thread 0x00000266ec65abb0 flushing  nmethod 0x00000266d2dd3990
Event: 32.072 Thread 0x00000266ec65abb0 flushing  nmethod 0x00000266d2dd5610
Event: 32.072 Thread 0x00000266ec65abb0 flushing  nmethod 0x00000266d2debf10
Event: 32.072 Thread 0x00000266ec65abb0 flushing  nmethod 0x00000266d2decc90
Event: 32.072 Thread 0x00000266ec65abb0 flushing  nmethod 0x00000266d2e02310
Event: 32.073 Thread 0x00000266ec65abb0 flushing  nmethod 0x00000266d2e4dd10
Event: 32.073 Thread 0x00000266ec65abb0 flushing  nmethod 0x00000266d2e4e110
Event: 32.073 Thread 0x00000266ec65abb0 flushing  nmethod 0x00000266d2e4e490
Event: 32.073 Thread 0x00000266ec65abb0 flushing  nmethod 0x00000266d2ee7d90
Event: 32.073 Thread 0x00000266ec65abb0 flushing  nmethod 0x00000266d2f1b710
Event: 32.073 Thread 0x00000266ec65abb0 flushing  nmethod 0x00000266d2f38d10
Event: 32.073 Thread 0x00000266ec65abb0 flushing  nmethod 0x00000266d2f5d390
Event: 32.074 Thread 0x00000266ec65abb0 flushing  nmethod 0x00000266d2fc7e10
Event: 32.074 Thread 0x00000266ec65abb0 flushing  nmethod 0x00000266d2fcb410
Event: 32.074 Thread 0x00000266ec65abb0 flushing  nmethod 0x00000266d2fcca90
Event: 32.074 Thread 0x00000266ec65abb0 flushing  nmethod 0x00000266d2fcd190
Event: 32.074 Thread 0x00000266ec65abb0 flushing  nmethod 0x00000266d2fd3b10
Event: 32.074 Thread 0x00000266ec65abb0 flushing  nmethod 0x00000266d2fda410
Event: 32.074 Thread 0x00000266ec65abb0 flushing  nmethod 0x00000266d2feb910
Event: 32.074 Thread 0x00000266ec65abb0 flushing  nmethod 0x00000266d2fed290

Events (20 events):
Event: 15.767 Thread 0x00000266f2706310 Thread added: 0x00000266f4a46ec0
Event: 15.767 Thread 0x00000266f2706310 Thread added: 0x00000266f4a47df0
Event: 15.768 Thread 0x00000266f2706310 Thread added: 0x00000266f6e2c6b0
Event: 15.917 Thread 0x00000266f10249c0 Thread added: 0x00000266f6e2a850
Event: 15.917 Thread 0x00000266f10249c0 Thread added: 0x00000266f6e2b780
Event: 15.917 Thread 0x00000266f10249c0 Thread added: 0x00000266f6e2c1a0
Event: 15.941 Thread 0x00000266f10249c0 Thread added: 0x00000266f6e2d0d0
Event: 15.942 Thread 0x00000266f10249c0 Thread added: 0x00000266f6e312a0
Event: 15.942 Thread 0x00000266f10249c0 Thread added: 0x00000266f6e2ad60
Event: 16.038 Thread 0x00000266f10249c0 Thread added: 0x00000266f6e30d90
Event: 16.039 Thread 0x00000266f10249c0 Thread added: 0x00000266f6e2f440
Event: 16.046 Thread 0x00000266f10249c0 Thread added: 0x00000266f6e2b270
Event: 16.390 Thread 0x00000266f10249c0 Thread added: 0x00000266f6e2daf0
Event: 16.672 Thread 0x00000266f10249c0 Thread added: 0x00000266f6e2bc90
Event: 17.449 Thread 0x00000266f2706310 Thread added: 0x00000266f6e2d5e0
Event: 17.449 Thread 0x00000266f2706310 Thread added: 0x00000266f6e2e510
Event: 17.449 Thread 0x00000266f2706310 Thread added: 0x00000266f6e2cbc0
Event: 20.517 Thread 0x00000266f10249c0 Thread added: 0x00000266f6e30880
Event: 23.070 Thread 0x00000266f10249c0 Thread added: 0x00000266f6bf3300
Event: 23.412 Thread 0x00000266f10249c0 Thread added: 0x00000266f6bf14a0


Dynamic libraries:
0x00007ff7e46e0000 - 0x00007ff7e46ee000 	C:\Program Files\Microsoft\jdk-17.0.13.11-hotspot\bin\java.exe
0x00007ff9a06c0000 - 0x00007ff9a08c9000 	C:\Windows\SYSTEM32\ntdll.dll
0x00007ff99fc30000 - 0x00007ff99fced000 	C:\Windows\System32\KERNEL32.DLL
0x00007ff99e100000 - 0x00007ff99e484000 	C:\Windows\System32\KERNELBASE.dll
0x00007ff99dcc0000 - 0x00007ff99ddd1000 	C:\Windows\System32\ucrtbase.dll
0x00007ff996260000 - 0x00007ff99627d000 	C:\Program Files\Microsoft\jdk-17.0.13.11-hotspot\bin\VCRUNTIME140.dll
0x00007ff996280000 - 0x00007ff996297000 	C:\Program Files\Microsoft\jdk-17.0.13.11-hotspot\bin\jli.dll
0x00007ff99f8c0000 - 0x00007ff99fa6d000 	C:\Windows\System32\USER32.dll
0x00007ff98b0a0000 - 0x00007ff98b345000 	C:\Windows\WinSxS\amd64_microsoft.windows.common-controls_6595b64144ccf1df_6.0.22000.120_none_9d947278b86cc467\COMCTL32.dll
0x00007ff99e0d0000 - 0x00007ff99e0f6000 	C:\Windows\System32\win32u.dll
0x00007ff99f800000 - 0x00007ff99f8a3000 	C:\Windows\System32\msvcrt.dll
0x00007ff99ece0000 - 0x00007ff99ed0a000 	C:\Windows\System32\GDI32.dll
0x00007ff99df10000 - 0x00007ff99e02e000 	C:\Windows\System32\gdi32full.dll
0x00007ff99e030000 - 0x00007ff99e0cd000 	C:\Windows\System32\msvcp_win.dll
0x00007ff9a0560000 - 0x00007ff9a0591000 	C:\Windows\System32\IMM32.DLL
0x00007ff99a940000 - 0x00007ff99a94c000 	C:\Program Files\Microsoft\jdk-17.0.13.11-hotspot\bin\vcruntime140_1.dll
0x00007ff986b10000 - 0x00007ff986b9d000 	C:\Program Files\Microsoft\jdk-17.0.13.11-hotspot\bin\msvcp140.dll
0x00007ff94a100000 - 0x00007ff94ad71000 	C:\Program Files\Microsoft\jdk-17.0.13.11-hotspot\bin\server\jvm.dll
0x00007ff99ebd0000 - 0x00007ff99ec7e000 	C:\Windows\System32\ADVAPI32.dll
0x00007ff99fb90000 - 0x00007ff99fc2e000 	C:\Windows\System32\sechost.dll
0x00007ff99e9a0000 - 0x00007ff99eac1000 	C:\Windows\System32\RPCRT4.dll
0x00007ff99fb20000 - 0x00007ff99fb8f000 	C:\Windows\System32\WS2_32.dll
0x00007ff99da20000 - 0x00007ff99da6d000 	C:\Windows\SYSTEM32\POWRPROF.dll
0x00007ff990460000 - 0x00007ff99046a000 	C:\Windows\SYSTEM32\VERSION.dll
0x00007ff995ad0000 - 0x00007ff995b03000 	C:\Windows\SYSTEM32\WINMM.dll
0x00007ff99da00000 - 0x00007ff99da13000 	C:\Windows\SYSTEM32\UMPDC.dll
0x00007ff99cbc0000 - 0x00007ff99cbd8000 	C:\Windows\SYSTEM32\kernel.appcore.dll
0x00007ff9995d0000 - 0x00007ff9995da000 	C:\Program Files\Microsoft\jdk-17.0.13.11-hotspot\bin\jimage.dll
0x00007ff99b200000 - 0x00007ff99b421000 	C:\Windows\SYSTEM32\DBGHELP.DLL
0x00007ff9844b0000 - 0x00007ff9844e1000 	C:\Windows\SYSTEM32\dbgcore.DLL
0x00007ff99e490000 - 0x00007ff99e50f000 	C:\Windows\System32\bcryptPrimitives.dll
0x00007ff98e0a0000 - 0x00007ff98e0ae000 	C:\Program Files\Microsoft\jdk-17.0.13.11-hotspot\bin\instrument.dll
0x00007ff990a70000 - 0x00007ff990a95000 	C:\Program Files\Microsoft\jdk-17.0.13.11-hotspot\bin\java.dll
0x00007ff97aa40000 - 0x00007ff97ab17000 	C:\Program Files\Microsoft\jdk-17.0.13.11-hotspot\bin\jsvml.dll
0x00007ff99ef40000 - 0x00007ff99f705000 	C:\Windows\System32\SHELL32.dll
0x00007ff99bc20000 - 0x00007ff99c482000 	C:\Windows\SYSTEM32\windows.storage.dll
0x00007ff9a01e0000 - 0x00007ff9a0556000 	C:\Windows\System32\combase.dll
0x00007ff99bab0000 - 0x00007ff99bc17000 	C:\Windows\SYSTEM32\wintypes.dll
0x00007ff99eae0000 - 0x00007ff99ebca000 	C:\Windows\System32\SHCORE.dll
0x00007ff99ec80000 - 0x00007ff99ecdd000 	C:\Windows\System32\shlwapi.dll
0x00007ff99da80000 - 0x00007ff99daa5000 	C:\Windows\SYSTEM32\profapi.dll
0x00007ff98e720000 - 0x00007ff98e738000 	C:\Program Files\Microsoft\jdk-17.0.13.11-hotspot\bin\zip.dll
0x00007ff98e8c0000 - 0x00007ff98e8da000 	C:\Program Files\Microsoft\jdk-17.0.13.11-hotspot\bin\net.dll
0x00007ff996480000 - 0x00007ff996594000 	C:\Windows\SYSTEM32\WINHTTP.dll
0x00007ff99d070000 - 0x00007ff99d0d7000 	C:\Windows\system32\mswsock.dll
0x00007ff98e840000 - 0x00007ff98e856000 	C:\Program Files\Microsoft\jdk-17.0.13.11-hotspot\bin\nio.dll
0x00007ff996760000 - 0x00007ff996770000 	C:\Program Files\Microsoft\jdk-17.0.13.11-hotspot\bin\verify.dll
0x00007ff98dc40000 - 0x00007ff98dc67000 	C:\Users\Kasher Shahzad\.gradle\native\1def1411415f61bf3af743bc5b6707747c0891f09f0c88961ee8f79bc544acac\windows-amd64\native-platform.dll
0x00007ff980cc0000 - 0x00007ff980d38000 	C:\Users\Kasher Shahzad\.gradle\native\0.2.7\x86_64-windows-gnu\gradle-fileevents.dll
0x00007ff9951b0000 - 0x00007ff9951ba000 	C:\Program Files\Microsoft\jdk-17.0.13.11-hotspot\bin\management.dll
0x00007ff98fd40000 - 0x00007ff98fd4b000 	C:\Program Files\Microsoft\jdk-17.0.13.11-hotspot\bin\management_ext.dll
0x00007ff99ed10000 - 0x00007ff99ed18000 	C:\Windows\System32\PSAPI.DLL
0x00007ff99c6e0000 - 0x00007ff99c70d000 	C:\Windows\SYSTEM32\IPHLPAPI.DLL
0x00007ff99f8b0000 - 0x00007ff99f8b9000 	C:\Windows\System32\NSI.dll
0x00007ff9960e0000 - 0x00007ff9960f9000 	C:\Windows\SYSTEM32\dhcpcsvc6.DLL
0x00007ff998250000 - 0x00007ff99826e000 	C:\Windows\SYSTEM32\dhcpcsvc.DLL
0x00007ff99c710000 - 0x00007ff99c7f7000 	C:\Windows\SYSTEM32\DNSAPI.dll
0x00007ff98e800000 - 0x00007ff98e809000 	C:\Program Files\Microsoft\jdk-17.0.13.11-hotspot\bin\extnet.dll
0x00007ff99d2b0000 - 0x00007ff99d2c8000 	C:\Windows\SYSTEM32\CRYPTSP.dll
0x00007ff99cb20000 - 0x00007ff99cb55000 	C:\Windows\system32\rsaenh.dll
0x00007ff99d160000 - 0x00007ff99d18c000 	C:\Windows\SYSTEM32\USERENV.dll
0x00007ff99d430000 - 0x00007ff99d457000 	C:\Windows\SYSTEM32\bcrypt.dll
0x00007ff99d2d0000 - 0x00007ff99d2dc000 	C:\Windows\SYSTEM32\CRYPTBASE.dll
0x00007ff98e090000 - 0x00007ff98e09e000 	C:\Program Files\Microsoft\jdk-17.0.13.11-hotspot\bin\sunmscapi.dll
0x00007ff99db50000 - 0x00007ff99dcb2000 	C:\Windows\System32\CRYPT32.dll
0x00007ff99d400000 - 0x00007ff99d428000 	C:\Windows\SYSTEM32\ncrypt.dll
0x00007ff99d3c0000 - 0x00007ff99d3f7000 	C:\Windows\SYSTEM32\NTASN1.dll
0x00007ff98fce0000 - 0x00007ff98fce8000 	C:\Windows\system32\wshunix.dll
0x00007ff996780000 - 0x00007ff996797000 	C:\Windows\system32\napinsp.dll
0x00007ff996740000 - 0x00007ff99675b000 	C:\Windows\system32\pnrpnsp.dll
0x00007ff996720000 - 0x00007ff996732000 	C:\Windows\System32\winrnr.dll
0x00007ff990d60000 - 0x00007ff990d75000 	C:\Windows\system32\wshbth.dll
0x00007ff9668d0000 - 0x00007ff9668ef000 	C:\Windows\system32\nlansp_c.dll
0x00007ff98c0a0000 - 0x00007ff98c0aa000 	C:\Windows\System32\rasadhlp.dll
0x00007ff990c60000 - 0x00007ff990ce1000 	C:\Windows\System32\fwpuclnt.dll

dbghelp: loaded successfully - version: 4.0.5 - missing functions: none
symbol engine: initialized successfully - sym options: 0x614 - pdb path: .;C:\Program Files\Microsoft\jdk-17.0.13.11-hotspot\bin;C:\Windows\SYSTEM32;C:\Windows\WinSxS\amd64_microsoft.windows.common-controls_6595b64144ccf1df_6.0.22000.120_none_9d947278b86cc467;C:\Program Files\Microsoft\jdk-17.0.13.11-hotspot\bin\server;C:\Users\Kasher Shahzad\.gradle\native\1def1411415f61bf3af743bc5b6707747c0891f09f0c88961ee8f79bc544acac\windows-amd64;C:\Users\Kasher Shahzad\.gradle\native\0.2.7\x86_64-windows-gnu

VM Arguments:
jvm_args: --add-opens=java.base/java.lang=ALL-UNNAMED --add-opens=java.base/java.lang.invoke=ALL-UNNAMED --add-opens=java.base/java.util=ALL-UNNAMED --add-opens=java.prefs/java.util.prefs=ALL-UNNAMED --add-exports=jdk.compiler/com.sun.tools.javac.api=ALL-UNNAMED --add-exports=jdk.compiler/com.sun.tools.javac.util=ALL-UNNAMED --add-opens=java.base/java.util=ALL-UNNAMED --add-opens=java.prefs/java.util.prefs=ALL-UNNAMED --add-opens=java.base/java.nio.charset=ALL-UNNAMED --add-opens=java.base/java.net=ALL-UNNAMED --add-opens=java.base/java.util.concurrent.atomic=ALL-UNNAMED --add-opens=java.xml/javax.xml.namespace=ALL-UNNAMED -Xmx4096m -Dfile.encoding=windows-1252 -Duser.country=US -Duser.language=en -Duser.variant -javaagent:C:\Users\Kasher Shahzad\.gradle\wrapper\dists\gradle-8.13-bin\5xuhj0ry160q40clulazy9h7d\gradle-8.13\lib\agents\gradle-instrumentation-agent-8.13.jar 
java_command: org.gradle.launcher.daemon.bootstrap.GradleDaemon 8.13
java_class_path (initial): C:\Users\Kasher Shahzad\.gradle\wrapper\dists\gradle-8.13-bin\5xuhj0ry160q40clulazy9h7d\gradle-8.13\lib\gradle-daemon-main-8.13.jar
Launcher Type: SUN_STANDARD

[Global flags]
     intx CICompilerCount                          = 3                                         {product} {ergonomic}
     uint ConcGCThreads                            = 1                                         {product} {ergonomic}
     uint G1ConcRefinementThreads                  = 4                                         {product} {ergonomic}
   size_t G1HeapRegionSize                         = 2097152                                   {product} {ergonomic}
    uintx GCDrainStackTargetSize                   = 64                                        {product} {ergonomic}
   size_t InitialHeapSize                          = 134217728                                 {product} {ergonomic}
   size_t MarkStackSize                            = 4194304                                   {product} {ergonomic}
   size_t MaxHeapSize                              = 4294967296                                {product} {command line}
   size_t MaxNewSize                               = 2575302656                                {product} {ergonomic}
   size_t MinHeapDeltaBytes                        = 2097152                                   {product} {ergonomic}
   size_t MinHeapSize                              = 8388608                                   {product} {ergonomic}
    uintx NonNMethodCodeHeapSize                   = 5832780                                {pd product} {ergonomic}
    uintx NonProfiledCodeHeapSize                  = 122912730                              {pd product} {ergonomic}
    uintx ProfiledCodeHeapSize                     = 122912730                              {pd product} {ergonomic}
    uintx ReservedCodeCacheSize                    = 251658240                              {pd product} {ergonomic}
     bool SegmentedCodeCache                       = true                                      {product} {ergonomic}
   size_t SoftMaxHeapSize                          = 4294967296                             {manageable} {ergonomic}
     bool UseCompressedClassPointers               = true                           {product lp64_product} {ergonomic}
     bool UseCompressedOops                        = true                           {product lp64_product} {ergonomic}
     bool UseG1GC                                  = true                                      {product} {ergonomic}
     bool UseLargePagesIndividualAllocation        = false                                  {pd product} {ergonomic}

Logging:
Log output configuration:
 #0: stdout all=warning uptime,level,tags
 #1: stderr all=off uptime,level,tags

Environment Variables:
JAVA_HOME=C:\Program Files\Microsoft\jdk-17.0.13.11-hotspot\
CLASSPATH=D:\Backup\Projects\React Native\tailwind config\tailwind\android\\gradle\wrapper\gradle-wrapper.jar
PATH=D:\Backup\Projects\React Native\tailwind config\tailwind\node_modules\.bin;D:\Backup\Projects\React Native\tailwind config\tailwind\node_modules\.bin;D:\Backup\Projects\React Native\tailwind config\node_modules\.bin;D:\Backup\Projects\React Native\node_modules\.bin;D:\Backup\Projects\node_modules\.bin;D:\Backup\node_modules\.bin;D:\node_modules\.bin;C:\Users\Kasher Shahzad\AppData\Roaming\npm\node_modules\npm\node_modules\@npmcli\run-script\lib\node-gyp-bin;C:\Program Files\Microsoft\jdk-17.0.13.11-hotspot\bin;C:\Windows\system32;C:\Windows;C:\Windows\System32\Wbem;C:\Windows\System32\WindowsPowerShell\v1.0\;C:\Windows\System32\OpenSSH\;C:\Program Files\dotnet\;C:\Program Files (x86)\Intel\Intel(R) Management Engine Components\DAL;C:\Program Files\Intel\Intel(R) Management Engine Components\DAL;C:\ProgramData\chocolatey\bin;C:\Program Files (x86)\Git\cmd;C:\Users\Kasher Shahzad\AppData\Local\Android\Sdk;C:\Users\Kasher Shahzad\AppData\Local\Android\Sdk\platforms;C:\Users\Kasher Shahzad\AppData\Local\Android\Sdk\platform-tools;C:\Users\Kasher Shahzad\AppData\Local\Android\Sdk\emulator;C:\Users\Kasher Shahzad\AppData\Roaming\nvm;C:\Program Files\nodejs;C:\Program Files (x86)\dotnet\;C:\Users\Kasher Shahzad\AppData\Local\Android\Sdk\ndk\27.1.12297006;C:\Users\Kasher Shahzad\AppData\Local\Android\Sdk\tools;C:\Users\Kasher Shahzad\AppData\Local\Microsoft\WindowsApps;C:\Users\Kasher Shahzad\AppData\Roaming\npm;C:\Users\Kasher Shahzad\AppData\Local\Android\Sdk;C:\Users\Kasher Shahzad\AppData\Local\Android\Sdk\platforms;C:\Users\Kasher Shahzad\AppData\Local\Android\Sdk\emulator;C:\Users\Kasher Shahzad\AppData\Local\Android\Sdk\platform-tools;C:\Users\Kasher Shahzad\AppData\Local\Programs\Microsoft VS Code\bin;C:\Users\Kasher Shahzad\AppData\Roaming\nvm;C:\Program Files\nodejs;C:\Users\Kasher Shahzad\AppData\Local\Android\Sdk\ndk\27.1.12297006;
USERNAME=Kasher Shahzad
OS=Windows_NT
PROCESSOR_IDENTIFIER=Intel64 Family 6 Model 78 Stepping 3, GenuineIntel
TMP=C:\Users\KASHER~1\AppData\Local\Temp
TEMP=C:\Users\KASHER~1\AppData\Local\Temp



Periodic native trim disabled


---------------  S Y S T E M  ---------------

OS:
 Windows 11 , 64 bit Build 22000 (10.0.22000.2538)
OS uptime: 4 days 21:02 hours

CPU: total 4 (initial active 4) (2 cores per cpu, 2 threads per core) family 6 model 78 stepping 3 microcode 0xec, cx8, cmov, fxsr, ht, mmx, 3dnowpref, sse, sse2, sse3, ssse3, sse4.1, sse4.2, popcnt, lzcnt, tsc, tscinvbit, avx, avx2, aes, erms, clmul, bmi1, bmi2, rtm, adx, fma, vzeroupper, clflush, clflushopt
Processor Information for the first 4 processors :
  Max Mhz: 2808, Current Mhz: 2607, Mhz Limit: 2583

Memory: 4k page, system-wide physical 8072M (344M free)
TotalPageFile size 24456M (AvailPageFile size 52M)
current process WorkingSet (physical memory assigned to process): 580M, peak: 581M
current process commit charge ("private bytes"): 617M, peak: 901M

vm_info: OpenJDK 64-Bit Server VM (17.0.13+11-LTS) for windows-amd64 JRE (17.0.13+11-LTS), built on Oct 11 2024 23:25:05 by "MicrosoftCorporation" with unknown MS VC++:1939

END.
