#
# There is insufficient memory for the Java Runtime Environment to continue.
# Native memory allocation (mmap) failed to map 67108864 bytes. Error detail: G1 virtual space
# Possible reasons:
#   The system is out of physical RAM or swap space
#   This process is running with CompressedOops enabled, and the Java Heap may be blocking the growth of the native heap
# Possible solutions:
#   Reduce memory load on the system
#   Increase physical memory or swap space
#   Check if swap backing store is full
#   Decrease Java heap size (-Xmx/-Xms)
#   Decrease number of Java threads
#   Decrease Java thread stack sizes (-Xss)
#   Set larger code cache with -XX:ReservedCodeCacheSize=
#   JVM is running with Unscaled Compressed Oops mode in which the Java heap is
#     placed in the first 4GB address space. The Java Heap base address is the
#     maximum limit for the native heap growth. Please use -XX:HeapBaseMinAddress
#     to set the Java Heap base and to place the Java Heap above 4GB virtual address.
# This output file may be truncated or incomplete.
#
#  Out of Memory Error (os_windows.cpp:3679), pid=8068, tid=13240
#
# JRE version:  (17.0.13+11) (build )
# Java VM: OpenJDK 64-Bit Server VM (17.0.13+11-LTS, mixed mode, sharing, tiered, compressed oops, compressed class ptrs, g1 gc, windows-amd64)
# No core dump will be written. Minidumps are not enabled by default on client versions of Windows
#

---------------  S U M M A R Y ------------

Command Line: -Xmx64m -Xms64m -Dorg.gradle.appname=gradlew org.gradle.wrapper.GradleWrapperMain app:installDebug -PreactNativeDevServerPort=8081

Host: Intel(R) Core(TM) i7-6600U CPU @ 2.60GHz, 4 cores, 7G,  Windows 11 , 64 bit Build 22000 (10.0.22000.2538)
Time: Thu Apr 24 23:24:33 2025 Pakistan Standard Time elapsed time: 0.017912 seconds (0d 0h 0m 0s)

---------------  T H R E A D  ---------------

Current thread (0x0000021840ddc260):  JavaThread "Unknown thread" [_thread_in_vm, id=13240, stack(0x000000f3cc300000,0x000000f3cc400000)]

Stack: [0x000000f3cc300000,0x000000f3cc400000]
Native frames: (J=compiled Java code, j=interpreted, Vv=VM code, C=native code)
V  [jvm.dll+0x687fc9]
V  [jvm.dll+0x83eeb8]
V  [jvm.dll+0x840963]
V  [jvm.dll+0x840fd3]
V  [jvm.dll+0x24951f]
V  [jvm.dll+0x684f89]
V  [jvm.dll+0x6794aa]
V  [jvm.dll+0x30ad27]
V  [jvm.dll+0x312296]
V  [jvm.dll+0x362bde]
V  [jvm.dll+0x362e1d]
V  [jvm.dll+0x2e1fbc]
V  [jvm.dll+0x2e2ed4]
V  [jvm.dll+0x810dbb]
V  [jvm.dll+0x3708f1]
V  [jvm.dll+0x7ef8af]
V  [jvm.dll+0x3f70ef]
V  [jvm.dll+0x3f8c21]
C  [jli.dll+0x52a0]
C  [ucrtbase.dll+0x26c0c]
C  [KERNEL32.DLL+0x153e0]
C  [ntdll.dll+0x485b]


---------------  P R O C E S S  ---------------

Threads class SMR info:
_java_thread_list=0x00007ff94ac3df98, length=0, elements={
}

Java Threads: ( => current thread )

Other Threads:
  0x0000021840dfa880 GCTaskThread "GC Thread#0" [stack: 0x000000f3cc400000,0x000000f3cc500000] [id=21824]
  0x0000021840dfdff0 ConcurrentGCThread "G1 Main Marker" [stack: 0x000000f3cc500000,0x000000f3cc600000] [id=5776]
  0x0000021840dff1b0 ConcurrentGCThread "G1 Conc#0" [stack: 0x000000f3cc600000,0x000000f3cc700000] [id=8284]

[error occurred during error reporting (printing all threads), id 0xc0000005, EXCEPTION_ACCESS_VIOLATION (0xc0000005) at pc=0x00007ff94a3f2b17]

VM state: not at safepoint (not fully initialized)

VM Mutex/Monitor currently owned by a thread:  ([mutex/lock_event])
[0x0000021840dd82a0] Heap_lock - owner thread: 0x0000021840ddc260

Heap address: 0x00000000fc000000, size: 64 MB, Compressed Oops mode: 32-bit

CDS archive(s) mapped at: [0x0000000000000000-0x0000000000000000-0x0000000000000000), size 0, SharedBaseAddress: 0x0000000800000000, ArchiveRelocationMode: 1.
Narrow klass base: 0x0000000000000000, Narrow klass shift: 0, Narrow klass range: 0x0

GC Precious Log:
<Empty>

Heap:
 garbage-first heap   total 0K, used 0K [0x00000000fc000000, 0x0000000100000000)
  region size 1024K, 0 young (0K), 0 survivors (0K)

[error occurred during error reporting (printing heap information), id 0xc0000005, EXCEPTION_ACCESS_VIOLATION (0xc0000005) at pc=0x00007ff94a7e1ba9]

GC Heap History (0 events):
No events

Dll operation events (1 events):
Event: 0.012 Loaded shared library C:\Program Files\Microsoft\jdk-17.0.13.11-hotspot\bin\java.dll

Deoptimization events (0 events):
No events

Classes loaded (0 events):
No events

Classes unloaded (0 events):
No events

Classes redefined (0 events):
No events

Internal exceptions (0 events):
No events

VM Operations (0 events):
No events

Memory protections (0 events):
No events

Nmethod flushes (0 events):
No events

Events (0 events):
No events


Dynamic libraries:
0x00007ff7e46e0000 - 0x00007ff7e46ee000 	C:\Program Files\Microsoft\jdk-17.0.13.11-hotspot\bin\java.exe
0x00007ff9a06c0000 - 0x00007ff9a08c9000 	C:\Windows\SYSTEM32\ntdll.dll
0x00007ff99fc30000 - 0x00007ff99fced000 	C:\Windows\System32\KERNEL32.DLL
0x00007ff99e100000 - 0x00007ff99e484000 	C:\Windows\System32\KERNELBASE.dll
0x00007ff99dcc0000 - 0x00007ff99ddd1000 	C:\Windows\System32\ucrtbase.dll
0x00007ff996280000 - 0x00007ff996297000 	C:\Program Files\Microsoft\jdk-17.0.13.11-hotspot\bin\jli.dll
0x00007ff996260000 - 0x00007ff99627d000 	C:\Program Files\Microsoft\jdk-17.0.13.11-hotspot\bin\VCRUNTIME140.dll
0x00007ff99f8c0000 - 0x00007ff99fa6d000 	C:\Windows\System32\USER32.dll
0x00007ff99e0d0000 - 0x00007ff99e0f6000 	C:\Windows\System32\win32u.dll
0x00007ff98b0a0000 - 0x00007ff98b345000 	C:\Windows\WinSxS\amd64_microsoft.windows.common-controls_6595b64144ccf1df_6.0.22000.120_none_9d947278b86cc467\COMCTL32.dll
0x00007ff99ece0000 - 0x00007ff99ed0a000 	C:\Windows\System32\GDI32.dll
0x00007ff99f800000 - 0x00007ff99f8a3000 	C:\Windows\System32\msvcrt.dll
0x00007ff99df10000 - 0x00007ff99e02e000 	C:\Windows\System32\gdi32full.dll
0x00007ff99e030000 - 0x00007ff99e0cd000 	C:\Windows\System32\msvcp_win.dll
0x00007ff9a0560000 - 0x00007ff9a0591000 	C:\Windows\System32\IMM32.DLL
0x00007ff99a940000 - 0x00007ff99a94c000 	C:\Program Files\Microsoft\jdk-17.0.13.11-hotspot\bin\vcruntime140_1.dll
0x00007ff986b10000 - 0x00007ff986b9d000 	C:\Program Files\Microsoft\jdk-17.0.13.11-hotspot\bin\msvcp140.dll
0x00007ff94a100000 - 0x00007ff94ad71000 	C:\Program Files\Microsoft\jdk-17.0.13.11-hotspot\bin\server\jvm.dll
0x00007ff99ebd0000 - 0x00007ff99ec7e000 	C:\Windows\System32\ADVAPI32.dll
0x00007ff99fb90000 - 0x00007ff99fc2e000 	C:\Windows\System32\sechost.dll
0x00007ff99e9a0000 - 0x00007ff99eac1000 	C:\Windows\System32\RPCRT4.dll
0x00007ff99fb20000 - 0x00007ff99fb8f000 	C:\Windows\System32\WS2_32.dll
0x00007ff99da20000 - 0x00007ff99da6d000 	C:\Windows\SYSTEM32\POWRPROF.dll
0x00007ff995ad0000 - 0x00007ff995b03000 	C:\Windows\SYSTEM32\WINMM.dll
0x00007ff990460000 - 0x00007ff99046a000 	C:\Windows\SYSTEM32\VERSION.dll
0x00007ff99da00000 - 0x00007ff99da13000 	C:\Windows\SYSTEM32\UMPDC.dll
0x00007ff99cbc0000 - 0x00007ff99cbd8000 	C:\Windows\SYSTEM32\kernel.appcore.dll
0x00007ff9995d0000 - 0x00007ff9995da000 	C:\Program Files\Microsoft\jdk-17.0.13.11-hotspot\bin\jimage.dll
0x00007ff99b200000 - 0x00007ff99b421000 	C:\Windows\SYSTEM32\DBGHELP.DLL
0x00007ff9844b0000 - 0x00007ff9844e1000 	C:\Windows\SYSTEM32\dbgcore.DLL
0x00007ff99e490000 - 0x00007ff99e50f000 	C:\Windows\System32\bcryptPrimitives.dll
0x00007ff990a70000 - 0x00007ff990a95000 	C:\Program Files\Microsoft\jdk-17.0.13.11-hotspot\bin\java.dll

dbghelp: loaded successfully - version: 4.0.5 - missing functions: none
symbol engine: initialized successfully - sym options: 0x614 - pdb path: .;C:\Program Files\Microsoft\jdk-17.0.13.11-hotspot\bin;C:\Windows\SYSTEM32;C:\Windows\WinSxS\amd64_microsoft.windows.common-controls_6595b64144ccf1df_6.0.22000.120_none_9d947278b86cc467;C:\Program Files\Microsoft\jdk-17.0.13.11-hotspot\bin\server

VM Arguments:
jvm_args: -Xmx64m -Xms64m -Dorg.gradle.appname=gradlew 
java_command: org.gradle.wrapper.GradleWrapperMain app:installDebug -PreactNativeDevServerPort=8081
java_class_path (initial): D:\Backup\Projects\React Native\tailwind config\tailwind\android\\gradle\wrapper\gradle-wrapper.jar
Launcher Type: SUN_STANDARD

[Global flags]
     intx CICompilerCount                          = 3                                         {product} {ergonomic}
     uint ConcGCThreads                            = 1                                         {product} {ergonomic}
     uint G1ConcRefinementThreads                  = 4                                         {product} {ergonomic}
   size_t G1HeapRegionSize                         = 1048576                                   {product} {ergonomic}
    uintx GCDrainStackTargetSize                   = 64                                        {product} {ergonomic}
   size_t InitialHeapSize                          = 67108864                                  {product} {command line}
   size_t MarkStackSize                            = 4194304                                   {product} {ergonomic}
   size_t MaxHeapSize                              = 67108864                                  {product} {command line}
   size_t MinHeapDeltaBytes                        = 1048576                                   {product} {ergonomic}
   size_t MinHeapSize                              = 67108864                                  {product} {command line}
    uintx NonNMethodCodeHeapSize                   = 5832780                                {pd product} {ergonomic}
    uintx NonProfiledCodeHeapSize                  = 122912730                              {pd product} {ergonomic}
    uintx ProfiledCodeHeapSize                     = 122912730                              {pd product} {ergonomic}
    uintx ReservedCodeCacheSize                    = 251658240                              {pd product} {ergonomic}
     bool SegmentedCodeCache                       = true                                      {product} {ergonomic}
   size_t SoftMaxHeapSize                          = 67108864                               {manageable} {ergonomic}
     bool UseCompressedClassPointers               = true                           {product lp64_product} {ergonomic}
     bool UseCompressedOops                        = true                           {product lp64_product} {ergonomic}
     bool UseG1GC                                  = true                                      {product} {ergonomic}
     bool UseLargePagesIndividualAllocation        = false                                  {pd product} {ergonomic}

Logging:
Log output configuration:
 #0: stdout all=warning uptime,level,tags
 #1: stderr all=off uptime,level,tags

Environment Variables:
JAVA_HOME=C:\Program Files\Microsoft\jdk-17.0.13.11-hotspot\
CLASSPATH=D:\Backup\Projects\React Native\tailwind config\tailwind\android\\gradle\wrapper\gradle-wrapper.jar
PATH=D:\Backup\Projects\React Native\tailwind config\tailwind\node_modules\.bin;D:\Backup\Projects\React Native\tailwind config\tailwind\node_modules\.bin;D:\Backup\Projects\React Native\tailwind config\node_modules\.bin;D:\Backup\Projects\React Native\node_modules\.bin;D:\Backup\Projects\node_modules\.bin;D:\Backup\node_modules\.bin;D:\node_modules\.bin;C:\Users\Kasher Shahzad\AppData\Roaming\npm\node_modules\npm\node_modules\@npmcli\run-script\lib\node-gyp-bin;C:\Program Files\Microsoft\jdk-17.0.13.11-hotspot\bin;C:\Windows\system32;C:\Windows;C:\Windows\System32\Wbem;C:\Windows\System32\WindowsPowerShell\v1.0\;C:\Windows\System32\OpenSSH\;C:\Program Files\dotnet\;C:\Program Files (x86)\Intel\Intel(R) Management Engine Components\DAL;C:\Program Files\Intel\Intel(R) Management Engine Components\DAL;C:\ProgramData\chocolatey\bin;C:\Program Files (x86)\Git\cmd;C:\Users\Kasher Shahzad\AppData\Local\Android\Sdk;C:\Users\Kasher Shahzad\AppData\Local\Android\Sdk\platforms;C:\Users\Kasher Shahzad\AppData\Local\Android\Sdk\platform-tools;C:\Users\Kasher Shahzad\AppData\Local\Android\Sdk\emulator;C:\Users\Kasher Shahzad\AppData\Roaming\nvm;C:\Program Files\nodejs;C:\Program Files (x86)\dotnet\;C:\Users\Kasher Shahzad\AppData\Local\Android\Sdk\ndk\27.1.12297006;C:\Users\Kasher Shahzad\AppData\Local\Android\Sdk\tools;C:\Users\Kasher Shahzad\AppData\Local\Microsoft\WindowsApps;C:\Users\Kasher Shahzad\AppData\Roaming\npm;C:\Users\Kasher Shahzad\AppData\Local\Android\Sdk;C:\Users\Kasher Shahzad\AppData\Local\Android\Sdk\platforms;C:\Users\Kasher Shahzad\AppData\Local\Android\Sdk\emulator;C:\Users\Kasher Shahzad\AppData\Local\Android\Sdk\platform-tools;C:\Users\Kasher Shahzad\AppData\Local\Programs\Microsoft VS Code\bin;C:\Users\Kasher Shahzad\AppData\Roaming\nvm;C:\Program Files\nodejs;C:\Users\Kasher Shahzad\AppData\Local\Android\Sdk\ndk\27.1.12297006;
USERNAME=Kasher Shahzad
OS=Windows_NT
PROCESSOR_IDENTIFIER=Intel64 Family 6 Model 78 Stepping 3, GenuineIntel
TMP=C:\Users\KASHER~1\AppData\Local\Temp
TEMP=C:\Users\KASHER~1\AppData\Local\Temp



Periodic native trim disabled


---------------  S Y S T E M  ---------------

OS:
 Windows 11 , 64 bit Build 22000 (10.0.22000.2538)
OS uptime: 4 days 21:08 hours

CPU: total 4 (initial active 4) (2 cores per cpu, 2 threads per core) family 6 model 78 stepping 3 microcode 0xec, cx8, cmov, fxsr, ht, mmx, 3dnowpref, sse, sse2, sse3, ssse3, sse4.1, sse4.2, popcnt, lzcnt, tsc, tscinvbit, avx, avx2, aes, erms, clmul, bmi1, bmi2, rtm, adx, fma, vzeroupper, clflush, clflushopt
Processor Information for the first 4 processors :
  Max Mhz: 2808, Current Mhz: 2607, Mhz Limit: 2583

Memory: 4k page, system-wide physical 8072M (402M free)
TotalPageFile size 24456M (AvailPageFile size 58M)
current process WorkingSet (physical memory assigned to process): 10M, peak: 10M
current process commit charge ("private bytes"): 51M, peak: 115M

vm_info: OpenJDK 64-Bit Server VM (17.0.13+11-LTS) for windows-amd64 JRE (17.0.13+11-LTS), built on Oct 11 2024 23:25:05 by "MicrosoftCorporation" with unknown MS VC++:1939

END.
