#
# There is insufficient memory for the Java Runtime Environment to continue.
# Native memory allocation (malloc) failed to allocate 2120464 bytes. Error detail: Chunk::new
# Possible reasons:
#   The system is out of physical RAM or swap space
#   This process is running with CompressedOops enabled, and the Java Heap may be blocking the growth of the native heap
# Possible solutions:
#   Reduce memory load on the system
#   Increase physical memory or swap space
#   Check if swap backing store is full
#   Decrease Java heap size (-Xmx/-Xms)
#   Decrease number of Java threads
#   Decrease Java thread stack sizes (-Xss)
#   Set larger code cache with -XX:ReservedCodeCacheSize=
#   JVM is running with Unscaled Compressed Oops mode in which the Java heap is
#     placed in the first 4GB address space. The Java Heap base address is the
#     maximum limit for the native heap growth. Please use -XX:HeapBaseMinAddress
#     to set the Java Heap base and to place the Java Heap above 4GB virtual address.
# This output file may be truncated or incomplete.
#
#  Out of Memory Error (arena.cpp:191), pid=15208, tid=10080
#
# JRE version: OpenJDK Runtime Environment Microsoft-10376486 (17.0.13+11) (build 17.0.13+11-LTS)
# Java VM: OpenJDK 64-Bit Server VM Microsoft-10376486 (17.0.13+11-LTS, mixed mode, sharing, tiered, compressed oops, compressed class ptrs, g1 gc, windows-amd64)
# No core dump will be written. Minidumps are not enabled by default on client versions of Windows
#

---------------  S U M M A R Y ------------

Command Line: --add-opens=java.base/java.lang=ALL-UNNAMED --add-opens=java.base/java.lang.invoke=ALL-UNNAMED --add-opens=java.base/java.util=ALL-UNNAMED --add-opens=java.prefs/java.util.prefs=ALL-UNNAMED --add-exports=jdk.compiler/com.sun.tools.javac.api=ALL-UNNAMED --add-exports=jdk.compiler/com.sun.tools.javac.util=ALL-UNNAMED --add-opens=java.base/java.util=ALL-UNNAMED --add-opens=java.prefs/java.util.prefs=ALL-UNNAMED --add-opens=java.base/java.nio.charset=ALL-UNNAMED --add-opens=java.base/java.net=ALL-UNNAMED --add-opens=java.base/java.util.concurrent.atomic=ALL-UNNAMED --add-opens=java.xml/javax.xml.namespace=ALL-UNNAMED -XX:MaxMetaspaceSize=512m -Xmx2048m -Dfile.encoding=windows-1252 -Duser.country=US -Duser.language=en -Duser.variant -javaagent:C:\Users\Kasher Shahzad\.gradle\wrapper\dists\gradle-8.13-bin\5xuhj0ry160q40clulazy9h7d\gradle-8.13\lib\agents\gradle-instrumentation-agent-8.13.jar org.gradle.launcher.daemon.bootstrap.GradleDaemon 8.13

Host: Intel(R) Core(TM) i7-6600U CPU @ 2.60GHz, 4 cores, 7G,  Windows 11 , 64 bit Build 22000 (10.0.22000.2538)
Time: Tue May  6 19:22:52 2025 Pakistan Standard Time elapsed time: 8.847279 seconds (0d 0h 0m 8s)

---------------  T H R E A D  ---------------

Current thread (0x0000020c69ae6db0):  JavaThread "C2 CompilerThread1" daemon [_thread_in_native, id=10080, stack(0x000000ff2d900000,0x000000ff2da00000)]


Current CompileTask:
C2:   8847 4133       4       java.net.URLClassLoader$1::run (5 bytes)

Stack: [0x000000ff2d900000,0x000000ff2da00000]
Native frames: (J=compiled Java code, j=interpreted, Vv=VM code, C=native code)
V  [jvm.dll+0x687fc9]
V  [jvm.dll+0x83eeb8]
V  [jvm.dll+0x840963]
V  [jvm.dll+0x840fd3]
V  [jvm.dll+0x24951f]
V  [jvm.dll+0xad0c4]
V  [jvm.dll+0xad75c]
V  [jvm.dll+0x36aafe]
V  [jvm.dll+0x335153]
V  [jvm.dll+0x3345ea]
V  [jvm.dll+0x21a748]
V  [jvm.dll+0x219b7f]
V  [jvm.dll+0x1a5506]
V  [jvm.dll+0x22a1ca]
V  [jvm.dll+0x22830b]
V  [jvm.dll+0x7f4708]
V  [jvm.dll+0x7eea6c]
V  [jvm.dll+0x686ea7]
C  [ucrtbase.dll+0x26c0c]
C  [KERNEL32.DLL+0x153e0]
C  [ntdll.dll+0x485b]


---------------  P R O C E S S  ---------------

Threads class SMR info:
_java_thread_list=0x0000020c711bc8a0, length=35, elements={
0x0000020c4bed48c0, 0x0000020c69ab1a60, 0x0000020c69ab28e0, 0x0000020c69ace620,
0x0000020c69acefe0, 0x0000020c69acf9a0, 0x0000020c69ad0360, 0x0000020c69ad1d90,
0x0000020c69ae92e0, 0x0000020c69ad2790, 0x0000020c69a9e120, 0x0000020c69c7b940,
0x0000020c6ed97510, 0x0000020c6ed087e0, 0x0000020c6ecf2d40, 0x0000020c6f217180,
0x0000020c6f158a80, 0x0000020c6ecaa1f0, 0x0000020c6eca6a40, 0x0000020c6eca7460,
0x0000020c6eca7970, 0x0000020c6eca9ce0, 0x0000020c6eca7e80, 0x0000020c6eca8390,
0x0000020c6eca8db0, 0x0000020c6eca88a0, 0x0000020c6eca97d0, 0x0000020c69ae6db0,
0x0000020c6fada960, 0x0000020c6fadeb30, 0x0000020c6fadae70, 0x0000020c6fad9f40,
0x0000020c6fade620, 0x0000020c6fadd1e0, 0x0000020c6fada450
}

Java Threads: ( => current thread )
  0x0000020c4bed48c0 JavaThread "main" [_thread_blocked, id=11448, stack(0x000000ff2b400000,0x000000ff2b500000)]
  0x0000020c69ab1a60 JavaThread "Reference Handler" daemon [_thread_blocked, id=14616, stack(0x000000ff2bb00000,0x000000ff2bc00000)]
  0x0000020c69ab28e0 JavaThread "Finalizer" daemon [_thread_blocked, id=11172, stack(0x000000ff2bc00000,0x000000ff2bd00000)]
  0x0000020c69ace620 JavaThread "Signal Dispatcher" daemon [_thread_blocked, id=1572, stack(0x000000ff2bd00000,0x000000ff2be00000)]
  0x0000020c69acefe0 JavaThread "Attach Listener" daemon [_thread_blocked, id=16376, stack(0x000000ff2be00000,0x000000ff2bf00000)]
  0x0000020c69acf9a0 JavaThread "Service Thread" daemon [_thread_blocked, id=19300, stack(0x000000ff2bf00000,0x000000ff2c000000)]
  0x0000020c69ad0360 JavaThread "Monitor Deflation Thread" daemon [_thread_blocked, id=13168, stack(0x000000ff2c000000,0x000000ff2c100000)]
  0x0000020c69ad1d90 JavaThread "C2 CompilerThread0" daemon [_thread_in_native, id=21240, stack(0x000000ff2c100000,0x000000ff2c200000)]
  0x0000020c69ae92e0 JavaThread "C1 CompilerThread0" daemon [_thread_blocked, id=20400, stack(0x000000ff2c200000,0x000000ff2c300000)]
  0x0000020c69ad2790 JavaThread "Sweeper thread" daemon [_thread_blocked, id=20172, stack(0x000000ff2c300000,0x000000ff2c400000)]
  0x0000020c69a9e120 JavaThread "Common-Cleaner" daemon [_thread_blocked, id=8800, stack(0x000000ff2c400000,0x000000ff2c500000)]
  0x0000020c69c7b940 JavaThread "Notification Thread" daemon [_thread_blocked, id=5908, stack(0x000000ff2c500000,0x000000ff2c600000)]
  0x0000020c6ed97510 JavaThread "Daemon health stats" [_thread_blocked, id=9160, stack(0x000000ff2ca00000,0x000000ff2cb00000)]
  0x0000020c6ed087e0 JavaThread "Incoming local TCP Connector on port 65138" [_thread_in_native, id=21364, stack(0x000000ff2cb00000,0x000000ff2cc00000)]
  0x0000020c6ecf2d40 JavaThread "Daemon periodic checks" [_thread_blocked, id=7224, stack(0x000000ff2cc00000,0x000000ff2cd00000)]
  0x0000020c6f217180 JavaThread "Daemon" [_thread_blocked, id=18736, stack(0x000000ff2cd00000,0x000000ff2ce00000)]
  0x0000020c6f158a80 JavaThread "Handler for socket connection from /127.0.0.1:65138 to /127.0.0.1:65139" [_thread_in_native, id=18120, stack(0x000000ff2ce00000,0x000000ff2cf00000)]
  0x0000020c6ecaa1f0 JavaThread "Cancel handler" [_thread_blocked, id=19312, stack(0x000000ff2cf00000,0x000000ff2d000000)]
  0x0000020c6eca6a40 JavaThread "Daemon worker" [_thread_in_Java, id=17080, stack(0x000000ff2d000000,0x000000ff2d100000)]
  0x0000020c6eca7460 JavaThread "Asynchronous log dispatcher for DefaultDaemonConnection: socket connection from /127.0.0.1:65138 to /127.0.0.1:65139" [_thread_blocked, id=8240, stack(0x000000ff2d100000,0x000000ff2d200000)]
  0x0000020c6eca7970 JavaThread "Stdin handler" [_thread_blocked, id=20004, stack(0x000000ff2d200000,0x000000ff2d300000)]
  0x0000020c6eca9ce0 JavaThread "Daemon client event forwarder" [_thread_blocked, id=3756, stack(0x000000ff2d300000,0x000000ff2d400000)]
  0x0000020c6eca7e80 JavaThread "Cache worker for journal cache (C:\Users\Kasher Shahzad\.gradle\caches\journal-1)" [_thread_blocked, id=10964, stack(0x000000ff2d400000,0x000000ff2d500000)]
  0x0000020c6eca8390 JavaThread "File lock request listener" [_thread_in_native, id=7236, stack(0x000000ff2d500000,0x000000ff2d600000)]
  0x0000020c6eca8db0 JavaThread "Cache worker for file hash cache (C:\Users\Kasher Shahzad\.gradle\caches\8.13\fileHashes)" [_thread_blocked, id=7336, stack(0x000000ff2d600000,0x000000ff2d700000)]
  0x0000020c6eca88a0 JavaThread "Cache worker for file hash cache (D:\Backup\Projects\React Native\tailwind config\tailwind\android\.gradle\8.13\fileHashes)" [_thread_blocked, id=18092, stack(0x000000ff2d700000,0x000000ff2d800000)]
  0x0000020c6eca97d0 JavaThread "Cache worker for Build Output Cleanup Cache (D:\Backup\Projects\React Native\tailwind config\tailwind\android\.gradle\buildOutputCleanup)" [_thread_blocked, id=20168, stack(0x000000ff2d800000,0x000000ff2d900000)]
=>0x0000020c69ae6db0 JavaThread "C2 CompilerThread1" daemon [_thread_in_native, id=10080, stack(0x000000ff2d900000,0x000000ff2da00000)]
  0x0000020c6fada960 JavaThread "File watcher server" daemon [_thread_in_native, id=11076, stack(0x000000ff2da00000,0x000000ff2db00000)]
  0x0000020c6fadeb30 JavaThread "File watcher consumer" daemon [_thread_blocked, id=13404, stack(0x000000ff2db00000,0x000000ff2dc00000)]
  0x0000020c6fadae70 JavaThread "jar transforms" [_thread_blocked, id=12680, stack(0x000000ff2dc00000,0x000000ff2dd00000)]
  0x0000020c6fad9f40 JavaThread "Cache worker for checksums cache (D:\Backup\Projects\React Native\tailwind config\tailwind\android\.gradle\8.13\checksums)" [_thread_blocked, id=16756, stack(0x000000ff2dd00000,0x000000ff2de00000)]
  0x0000020c6fade620 JavaThread "Cache worker for file content cache (C:\Users\Kasher Shahzad\.gradle\caches\8.13\fileContent)" [_thread_blocked, id=9256, stack(0x000000ff2de00000,0x000000ff2df00000)]
  0x0000020c6fadd1e0 JavaThread "Cache worker for cache directory md-supplier (C:\Users\Kasher Shahzad\.gradle\caches\8.13\md-supplier)" [_thread_blocked, id=16296, stack(0x000000ff2df00000,0x000000ff2e000000)]
  0x0000020c6fada450 JavaThread "Cache worker for cache directory md-rule (C:\Users\Kasher Shahzad\.gradle\caches\8.13\md-rule)" [_thread_blocked, id=10488, stack(0x000000ff2e000000,0x000000ff2e100000)]

Other Threads:
  0x0000020c69aad3c0 VMThread "VM Thread" [stack: 0x000000ff2ba00000,0x000000ff2bb00000] [id=20832]
  0x0000020c4bed5740 WatcherThread [stack: 0x000000ff2c600000,0x000000ff2c700000] [id=1816]
  0x0000020c49c5e830 GCTaskThread "GC Thread#0" [stack: 0x000000ff2b500000,0x000000ff2b600000] [id=3904]
  0x0000020c69dfda60 GCTaskThread "GC Thread#1" [stack: 0x000000ff2c700000,0x000000ff2c800000] [id=9152]
  0x0000020c69dfdd20 GCTaskThread "GC Thread#2" [stack: 0x000000ff2c800000,0x000000ff2c900000] [id=17764]
  0x0000020c6e769960 GCTaskThread "GC Thread#3" [stack: 0x000000ff2c900000,0x000000ff2ca00000] [id=7260]
  0x0000020c4bf3ea40 ConcurrentGCThread "G1 Main Marker" [stack: 0x000000ff2b600000,0x000000ff2b700000] [id=13136]
  0x0000020c4bf3f370 ConcurrentGCThread "G1 Conc#0" [stack: 0x000000ff2b700000,0x000000ff2b800000] [id=3860]
  0x0000020c4bf8e7e0 ConcurrentGCThread "G1 Refine#0" [stack: 0x000000ff2b800000,0x000000ff2b900000] [id=17072]
  0x0000020c69968340 ConcurrentGCThread "G1 Service" [stack: 0x000000ff2b900000,0x000000ff2ba00000] [id=17768]

Threads with active compile tasks:
C2 CompilerThread0     8896 4134   !   4       java.net.URLClassLoader$1::run (81 bytes)
C2 CompilerThread1     8896 4133       4       java.net.URLClassLoader$1::run (5 bytes)

VM state: not at safepoint (normal execution)

VM Mutex/Monitor currently owned by a thread: None

Heap address: 0x0000000080000000, size: 2048 MB, Compressed Oops mode: 32-bit

CDS archive(s) mapped at: [0x0000020c00000000-0x0000020c00bb0000-0x0000020c00bb0000), size 12255232, SharedBaseAddress: 0x0000020c00000000, ArchiveRelocationMode: 1.
Compressed class space mapped at: 0x0000020c01000000-0x0000020c1b000000, reserved size: 436207616
Narrow klass base: 0x0000020c00000000, Narrow klass shift: 0, Narrow klass range: 0x100000000

GC Precious Log:
 CPUs: 4 total, 4 available
 Memory: 8072M
 Large Page Support: Disabled
 NUMA Support: Disabled
 Compressed Oops: Enabled (32-bit)
 Heap Region Size: 1M
 Heap Min Capacity: 8M
 Heap Initial Capacity: 128M
 Heap Max Capacity: 2G
 Pre-touch: Disabled
 Parallel Workers: 4
 Concurrent Workers: 1
 Concurrent Refinement Workers: 4
 Periodic GC: Disabled

Heap:
 garbage-first heap   total 86016K, used 65719K [0x0000000080000000, 0x0000000100000000)
  region size 1024K, 36 young (36864K), 4 survivors (4096K)
 Metaspace       used 35430K, committed 35840K, reserved 491520K
  class space    used 4915K, committed 5120K, reserved 425984K

Heap Regions: E=young(eden), S=young(survivor), O=old, HS=humongous(starts), HC=humongous(continues), CS=collection set, F=free, OA=open archive, CA=closed archive, TAMS=top-at-mark-start (previous, next)
|   0|0x0000000080000000, 0x0000000080100000, 0x0000000080100000|100%|HS|  |TAMS 0x0000000080100000, 0x0000000080000000| Complete 
|   1|0x0000000080100000, 0x0000000080200000, 0x0000000080200000|100%|HC|  |TAMS 0x0000000080200000, 0x0000000080100000| Complete 
|   2|0x0000000080200000, 0x0000000080300000, 0x0000000080300000|100%|HC|  |TAMS 0x0000000080300000, 0x0000000080200000| Complete 
|   3|0x0000000080300000, 0x0000000080400000, 0x0000000080400000|100%| O|  |TAMS 0x0000000080400000, 0x0000000080300000| Untracked 
|   4|0x0000000080400000, 0x0000000080500000, 0x0000000080500000|100%| O|  |TAMS 0x0000000080500000, 0x0000000080400000| Untracked 
|   5|0x0000000080500000, 0x0000000080600000, 0x0000000080600000|100%| O|  |TAMS 0x0000000080600000, 0x0000000080500000| Untracked 
|   6|0x0000000080600000, 0x0000000080700000, 0x0000000080700000|100%| O|  |TAMS 0x0000000080700000, 0x0000000080600000| Untracked 
|   7|0x0000000080700000, 0x0000000080800000, 0x0000000080800000|100%|HS|  |TAMS 0x0000000080800000, 0x0000000080700000| Complete 
|   8|0x0000000080800000, 0x0000000080900000, 0x0000000080900000|100%| O|  |TAMS 0x0000000080900000, 0x0000000080800000| Untracked 
|   9|0x0000000080900000, 0x0000000080a00000, 0x0000000080a00000|100%| O|  |TAMS 0x0000000080a00000, 0x0000000080900000| Untracked 
|  10|0x0000000080a00000, 0x0000000080b00000, 0x0000000080b00000|100%| O|  |TAMS 0x0000000080b00000, 0x0000000080a00000| Untracked 
|  11|0x0000000080b00000, 0x0000000080c00000, 0x0000000080c00000|100%| O|  |TAMS 0x0000000080c00000, 0x0000000080b00000| Untracked 
|  12|0x0000000080c00000, 0x0000000080d00000, 0x0000000080d00000|100%| O|  |TAMS 0x0000000080d00000, 0x0000000080c00000| Untracked 
|  13|0x0000000080d00000, 0x0000000080e00000, 0x0000000080e00000|100%| O|  |TAMS 0x0000000080e00000, 0x0000000080d00000| Untracked 
|  14|0x0000000080e00000, 0x0000000080f00000, 0x0000000080f00000|100%| O|  |TAMS 0x0000000080f00000, 0x0000000080e00000| Untracked 
|  15|0x0000000080f00000, 0x0000000081000000, 0x0000000081000000|100%|HS|  |TAMS 0x0000000080f00000, 0x0000000080f00000| Complete 
|  16|0x0000000081000000, 0x0000000081100000, 0x0000000081100000|100%| O|  |TAMS 0x0000000081000000, 0x0000000081000000| Untracked 
|  17|0x0000000081100000, 0x0000000081200000, 0x0000000081200000|100%| O|  |TAMS 0x0000000081100000, 0x0000000081100000| Untracked 
|  18|0x0000000081200000, 0x0000000081300000, 0x0000000081300000|100%| O|  |TAMS 0x0000000081200000, 0x0000000081200000| Untracked 
|  19|0x0000000081300000, 0x0000000081400000, 0x0000000081400000|100%| O|  |TAMS 0x0000000081300000, 0x0000000081300000| Untracked 
|  20|0x0000000081400000, 0x0000000081500000, 0x0000000081500000|100%| O|  |TAMS 0x0000000081400000, 0x0000000081400000| Untracked 
|  21|0x0000000081500000, 0x0000000081600000, 0x0000000081600000|100%| O|  |TAMS 0x0000000081500000, 0x0000000081500000| Untracked 
|  22|0x0000000081600000, 0x0000000081700000, 0x0000000081700000|100%| O|  |TAMS 0x0000000081600000, 0x0000000081600000| Untracked 
|  23|0x0000000081700000, 0x0000000081800000, 0x0000000081800000|100%| O|  |TAMS 0x0000000081700000, 0x0000000081700000| Untracked 
|  24|0x0000000081800000, 0x0000000081900000, 0x0000000081900000|100%| O|  |TAMS 0x0000000081800000, 0x0000000081800000| Untracked 
|  25|0x0000000081900000, 0x0000000081a00000, 0x0000000081a00000|100%| O|  |TAMS 0x0000000081900000, 0x0000000081900000| Untracked 
|  26|0x0000000081a00000, 0x0000000081ab7c00, 0x0000000081b00000| 71%| O|  |TAMS 0x0000000081a00000, 0x0000000081a00000| Untracked 
|  27|0x0000000081b00000, 0x0000000081c00000, 0x0000000081c00000|100%|HS|  |TAMS 0x0000000081b00000, 0x0000000081b00000| Complete 
|  28|0x0000000081c00000, 0x0000000081d00000, 0x0000000081d00000|100%|HC|  |TAMS 0x0000000081c00000, 0x0000000081c00000| Complete 
|  29|0x0000000081d00000, 0x0000000081e00000, 0x0000000081e00000|100%|HS|  |TAMS 0x0000000081d00000, 0x0000000081d00000| Complete 
|  30|0x0000000081e00000, 0x0000000081f00000, 0x0000000081f00000|100%|HC|  |TAMS 0x0000000081e00000, 0x0000000081e00000| Complete 
|  31|0x0000000081f00000, 0x0000000081f00000, 0x0000000082000000|  0%| F|  |TAMS 0x0000000081f00000, 0x0000000081f00000| Untracked 
|  32|0x0000000082000000, 0x0000000082000000, 0x0000000082100000|  0%| F|  |TAMS 0x0000000082000000, 0x0000000082000000| Untracked 
|  33|0x0000000082100000, 0x0000000082100000, 0x0000000082200000|  0%| F|  |TAMS 0x0000000082100000, 0x0000000082100000| Untracked 
|  34|0x0000000082200000, 0x0000000082200000, 0x0000000082300000|  0%| F|  |TAMS 0x0000000082200000, 0x0000000082200000| Untracked 
|  35|0x0000000082300000, 0x0000000082300000, 0x0000000082400000|  0%| F|  |TAMS 0x0000000082300000, 0x0000000082300000| Untracked 
|  36|0x0000000082400000, 0x0000000082400000, 0x0000000082500000|  0%| F|  |TAMS 0x0000000082400000, 0x0000000082400000| Untracked 
|  37|0x0000000082500000, 0x0000000082500000, 0x0000000082600000|  0%| F|  |TAMS 0x0000000082500000, 0x0000000082500000| Untracked 
|  38|0x0000000082600000, 0x0000000082600000, 0x0000000082700000|  0%| F|  |TAMS 0x0000000082600000, 0x0000000082600000| Untracked 
|  39|0x0000000082700000, 0x0000000082700000, 0x0000000082800000|  0%| F|  |TAMS 0x0000000082700000, 0x0000000082700000| Untracked 
|  40|0x0000000082800000, 0x0000000082800000, 0x0000000082900000|  0%| F|  |TAMS 0x0000000082800000, 0x0000000082800000| Untracked 
|  41|0x0000000082900000, 0x0000000082976190, 0x0000000082a00000| 46%| S|CS|TAMS 0x0000000082900000, 0x0000000082900000| Complete 
|  42|0x0000000082a00000, 0x0000000082b00000, 0x0000000082b00000|100%| S|CS|TAMS 0x0000000082a00000, 0x0000000082a00000| Complete 
|  43|0x0000000082b00000, 0x0000000082c00000, 0x0000000082c00000|100%| S|CS|TAMS 0x0000000082b00000, 0x0000000082b00000| Complete 
|  44|0x0000000082c00000, 0x0000000082d00000, 0x0000000082d00000|100%| S|CS|TAMS 0x0000000082c00000, 0x0000000082c00000| Complete 
|  45|0x0000000082d00000, 0x0000000082d00000, 0x0000000082e00000|  0%| F|  |TAMS 0x0000000082d00000, 0x0000000082d00000| Untracked 
|  46|0x0000000082e00000, 0x0000000082e00000, 0x0000000082f00000|  0%| F|  |TAMS 0x0000000082e00000, 0x0000000082e00000| Untracked 
|  47|0x0000000082f00000, 0x0000000082f00000, 0x0000000083000000|  0%| F|  |TAMS 0x0000000082f00000, 0x0000000082f00000| Untracked 
|  48|0x0000000083000000, 0x0000000083000000, 0x0000000083100000|  0%| F|  |TAMS 0x0000000083000000, 0x0000000083000000| Untracked 
|  49|0x0000000083100000, 0x0000000083100000, 0x0000000083200000|  0%| F|  |TAMS 0x0000000083100000, 0x0000000083100000| Untracked 
|  50|0x0000000083200000, 0x0000000083200000, 0x0000000083300000|  0%| F|  |TAMS 0x0000000083200000, 0x0000000083200000| Untracked 
|  51|0x0000000083300000, 0x0000000083300000, 0x0000000083400000|  0%| F|  |TAMS 0x0000000083300000, 0x0000000083300000| Untracked 
|  52|0x0000000083400000, 0x000000008349eb98, 0x0000000083500000| 62%| E|  |TAMS 0x0000000083400000, 0x0000000083400000| Complete 
|  53|0x0000000083500000, 0x0000000083600000, 0x0000000083600000|100%| E|CS|TAMS 0x0000000083500000, 0x0000000083500000| Complete 
|  54|0x0000000083600000, 0x0000000083700000, 0x0000000083700000|100%| E|CS|TAMS 0x0000000083600000, 0x0000000083600000| Complete 
|  55|0x0000000083700000, 0x0000000083800000, 0x0000000083800000|100%| E|CS|TAMS 0x0000000083700000, 0x0000000083700000| Complete 
|  56|0x0000000083800000, 0x0000000083900000, 0x0000000083900000|100%| E|CS|TAMS 0x0000000083800000, 0x0000000083800000| Complete 
|  57|0x0000000083900000, 0x0000000083a00000, 0x0000000083a00000|100%| E|CS|TAMS 0x0000000083900000, 0x0000000083900000| Complete 
|  58|0x0000000083a00000, 0x0000000083b00000, 0x0000000083b00000|100%| E|CS|TAMS 0x0000000083a00000, 0x0000000083a00000| Complete 
|  59|0x0000000083b00000, 0x0000000083c00000, 0x0000000083c00000|100%| E|CS|TAMS 0x0000000083b00000, 0x0000000083b00000| Complete 
|  60|0x0000000083c00000, 0x0000000083d00000, 0x0000000083d00000|100%| E|CS|TAMS 0x0000000083c00000, 0x0000000083c00000| Complete 
|  61|0x0000000083d00000, 0x0000000083e00000, 0x0000000083e00000|100%| E|CS|TAMS 0x0000000083d00000, 0x0000000083d00000| Complete 
|  62|0x0000000083e00000, 0x0000000083f00000, 0x0000000083f00000|100%| E|CS|TAMS 0x0000000083e00000, 0x0000000083e00000| Complete 
|  63|0x0000000083f00000, 0x0000000084000000, 0x0000000084000000|100%| E|CS|TAMS 0x0000000083f00000, 0x0000000083f00000| Complete 
|  64|0x0000000084000000, 0x0000000084100000, 0x0000000084100000|100%| E|CS|TAMS 0x0000000084000000, 0x0000000084000000| Complete 
|  65|0x0000000084100000, 0x0000000084200000, 0x0000000084200000|100%| E|CS|TAMS 0x0000000084100000, 0x0000000084100000| Complete 
|  66|0x0000000084200000, 0x0000000084300000, 0x0000000084300000|100%| E|CS|TAMS 0x0000000084200000, 0x0000000084200000| Complete 
|  67|0x0000000084300000, 0x0000000084400000, 0x0000000084400000|100%| E|CS|TAMS 0x0000000084300000, 0x0000000084300000| Complete 
|  68|0x0000000084400000, 0x0000000084500000, 0x0000000084500000|100%| E|CS|TAMS 0x0000000084400000, 0x0000000084400000| Complete 
|  69|0x0000000084500000, 0x0000000084600000, 0x0000000084600000|100%| E|CS|TAMS 0x0000000084500000, 0x0000000084500000| Complete 
|  70|0x0000000084600000, 0x0000000084700000, 0x0000000084700000|100%| E|CS|TAMS 0x0000000084600000, 0x0000000084600000| Complete 
|  71|0x0000000084700000, 0x0000000084800000, 0x0000000084800000|100%| E|CS|TAMS 0x0000000084700000, 0x0000000084700000| Complete 
|  72|0x0000000084800000, 0x0000000084900000, 0x0000000084900000|100%| E|CS|TAMS 0x0000000084800000, 0x0000000084800000| Complete 
|  73|0x0000000084900000, 0x0000000084a00000, 0x0000000084a00000|100%| E|CS|TAMS 0x0000000084900000, 0x0000000084900000| Complete 
|  74|0x0000000084a00000, 0x0000000084b00000, 0x0000000084b00000|100%| E|CS|TAMS 0x0000000084a00000, 0x0000000084a00000| Complete 
|  79|0x0000000084f00000, 0x0000000085000000, 0x0000000085000000|100%| E|CS|TAMS 0x0000000084f00000, 0x0000000084f00000| Complete 
|  80|0x0000000085000000, 0x0000000085100000, 0x0000000085100000|100%| E|CS|TAMS 0x0000000085000000, 0x0000000085000000| Complete 
|  81|0x0000000085100000, 0x0000000085200000, 0x0000000085200000|100%| E|CS|TAMS 0x0000000085100000, 0x0000000085100000| Complete 
|  82|0x0000000085200000, 0x0000000085300000, 0x0000000085300000|100%| E|CS|TAMS 0x0000000085200000, 0x0000000085200000| Complete 
|  83|0x0000000085300000, 0x0000000085400000, 0x0000000085400000|100%| E|  |TAMS 0x0000000085300000, 0x0000000085300000| Complete 
|  84|0x0000000085400000, 0x0000000085500000, 0x0000000085500000|100%| E|CS|TAMS 0x0000000085400000, 0x0000000085400000| Complete 
|  85|0x0000000085500000, 0x0000000085600000, 0x0000000085600000|100%| E|CS|TAMS 0x0000000085500000, 0x0000000085500000| Complete 
|  86|0x0000000085600000, 0x0000000085700000, 0x0000000085700000|100%| E|CS|TAMS 0x0000000085600000, 0x0000000085600000| Complete 
| 127|0x0000000087f00000, 0x0000000088000000, 0x0000000088000000|100%| E|CS|TAMS 0x0000000087f00000, 0x0000000087f00000| Complete 

Card table byte_map: [0x0000020c62e10000,0x0000020c63210000] _byte_map_base: 0x0000020c62a10000

Marking Bits (Prev, Next): (CMBitMap*) 0x0000020c4bf2d9b0, (CMBitMap*) 0x0000020c4bf2d970
 Prev Bits: [0x0000020c65610000, 0x0000020c67610000)
 Next Bits: [0x0000020c63610000, 0x0000020c65610000)

Polling page: 0x0000020c49cf0000

Metaspace:

Usage:
  Non-class:     29.81 MB used.
      Class:      4.80 MB used.
       Both:     34.61 MB used.

Virtual space:
  Non-class space:       64.00 MB reserved,      30.00 MB ( 47%) committed,  1 nodes.
      Class space:      416.00 MB reserved,       5.00 MB (  1%) committed,  1 nodes.
             Both:      480.00 MB reserved,      35.00 MB (  7%) committed. 

Chunk freelists:
   Non-Class:  1.75 MB
       Class:  11.05 MB
        Both:  12.80 MB

MaxMetaspaceSize: 512.00 MB
CompressedClassSpaceSize: 416.00 MB
Initial GC threshold: 21.00 MB
Current GC threshold: 35.25 MB
CDS: on
MetaspaceReclaimPolicy: balanced
 - commit_granule_bytes: 65536.
 - commit_granule_words: 8192.
 - virtual_space_node_default_size: 8388608.
 - enlarge_chunks_in_place: 1.
 - new_chunks_are_fully_committed: 0.
 - uncommit_free_chunks: 1.
 - use_allocation_guard: 0.
 - handle_deallocations: 1.


Internal statistics:

num_allocs_failed_limit: 3.
num_arena_births: 428.
num_arena_deaths: 0.
num_vsnodes_births: 2.
num_vsnodes_deaths: 0.
num_space_committed: 560.
num_space_uncommitted: 0.
num_chunks_returned_to_freelist: 3.
num_chunks_taken_from_freelist: 1761.
num_chunk_merges: 3.
num_chunk_splits: 1160.
num_chunks_enlarged: 815.
num_inconsistent_stats: 0.

CodeHeap 'non-profiled nmethods': size=120000Kb used=2325Kb max_used=2325Kb free=117674Kb
 bounds [0x0000020c5b4e0000, 0x0000020c5b750000, 0x0000020c62a10000]
CodeHeap 'profiled nmethods': size=120000Kb used=8770Kb max_used=8770Kb free=111229Kb
 bounds [0x0000020c53a10000, 0x0000020c542b0000, 0x0000020c5af40000]
CodeHeap 'non-nmethods': size=5760Kb used=2298Kb max_used=2336Kb free=3461Kb
 bounds [0x0000020c5af40000, 0x0000020c5b1b0000, 0x0000020c5b4e0000]
 total_blobs=5013 nmethods=4207 adapters=718
 compilation: enabled
              stopped_count=0, restarted_count=0
 full_count=0

Compilation events (20 events):
Event: 8.748 Thread 0x0000020c69ae92e0 4200       3       org.gradle.internal.instantiation.generator.AbstractClassGenerator$$Lambda$134/0x0000020c011b5798::<init> (10 bytes)
Event: 8.748 Thread 0x0000020c69ae92e0 nmethod 4200 0x0000020c54294810 code [0x0000020c542949a0, 0x0000020c54294b58]
Event: 8.750 Thread 0x0000020c69ae92e0 4201       3       org.gradle.model.internal.asm.MethodVisitorScope::_PUTFIELD (11 bytes)
Event: 8.750 Thread 0x0000020c69ae92e0 nmethod 4201 0x0000020c54294c10 code [0x0000020c54294de0, 0x0000020c542951a8]
Event: 8.752 Thread 0x0000020c69ae92e0 4202       3       java.lang.reflect.AccessibleObject::checkAccess (40 bytes)
Event: 8.752 Thread 0x0000020c69ae92e0 nmethod 4202 0x0000020c54295390 code [0x0000020c54295560, 0x0000020c54295898]
Event: 8.756 Thread 0x0000020c69ae92e0 4203       1       org.slf4j.impl.StaticLoggerBinder::getLoggerFactory (5 bytes)
Event: 8.756 Thread 0x0000020c69ae92e0 nmethod 4203 0x0000020c5b724690 code [0x0000020c5b724820, 0x0000020c5b7248f8]
Event: 8.756 Thread 0x0000020c69ae92e0 4204       3       org.gradle.internal.service.DefaultServiceRegistry$ConstructorService::getConstructor (46 bytes)
Event: 8.757 Thread 0x0000020c69ae92e0 nmethod 4204 0x0000020c54295a10 code [0x0000020c54295c60, 0x0000020c54296368]
Event: 8.759 Thread 0x0000020c69ae92e0 4205       3       com.google.common.collect.ImmutableList::of (4 bytes)
Event: 8.759 Thread 0x0000020c69ae92e0 nmethod 4205 0x0000020c54296690 code [0x0000020c54296820, 0x0000020c54296918]
Event: 8.759 Thread 0x0000020c69ae92e0 4206       3       java.lang.reflect.ProxyGenerator::checkReturnTypes (281 bytes)
Event: 8.761 Thread 0x0000020c69ae92e0 nmethod 4206 0x0000020c54296990 code [0x0000020c54296ec0, 0x0000020c542995f8]
Event: 8.761 Thread 0x0000020c69ae92e0 4207   !   3       java.lang.Class::desiredAssertionStatus (54 bytes)
Event: 8.762 Thread 0x0000020c69ae92e0 nmethod 4207 0x0000020c5429a310 code [0x0000020c5429a500, 0x0000020c5429aa18]
Event: 8.787 Thread 0x0000020c69ae92e0 4210  s    3       java.lang.invoke.MethodTypeForm::setCachedLambdaForm (44 bytes)
Event: 8.787 Thread 0x0000020c69ae92e0 nmethod 4210 0x0000020c5429ac10 code [0x0000020c5429ae20, 0x0000020c5429b768]
Event: 8.803 Thread 0x0000020c69ae92e0 4212       3       jdk.internal.org.objectweb.asm.Type::getType (10 bytes)
Event: 8.803 Thread 0x0000020c69ae92e0 nmethod 4212 0x0000020c5429ba10 code [0x0000020c5429bbc0, 0x0000020c5429bde8]

GC Heap History (16 events):
Event: 0.277 GC heap before
{Heap before GC invocations=0 (full 0):
 garbage-first heap   total 131072K, used 13312K [0x0000000080000000, 0x0000000100000000)
  region size 1024K, 13 young (13312K), 0 survivors (0K)
 Metaspace       used 755K, committed 896K, reserved 491520K
  class space    used 62K, committed 128K, reserved 425984K
}
Event: 0.280 GC heap after
{Heap after GC invocations=1 (full 0):
 garbage-first heap   total 131072K, used 1241K [0x0000000080000000, 0x0000000100000000)
  region size 1024K, 2 young (2048K), 2 survivors (2048K)
 Metaspace       used 755K, committed 896K, reserved 491520K
  class space    used 62K, committed 128K, reserved 425984K
}
Event: 0.682 GC heap before
{Heap before GC invocations=1 (full 0):
 garbage-first heap   total 131072K, used 22745K [0x0000000080000000, 0x0000000100000000)
  region size 1024K, 21 young (21504K), 2 survivors (2048K)
 Metaspace       used 1929K, committed 2112K, reserved 491520K
  class space    used 193K, committed 320K, reserved 425984K
}
Event: 0.688 GC heap after
{Heap after GC invocations=2 (full 0):
 garbage-first heap   total 131072K, used 9443K [0x0000000080000000, 0x0000000100000000)
  region size 1024K, 3 young (3072K), 3 survivors (3072K)
 Metaspace       used 1929K, committed 2112K, reserved 491520K
  class space    used 193K, committed 320K, reserved 425984K
}
Event: 1.975 GC heap before
{Heap before GC invocations=2 (full 0):
 garbage-first heap   total 131072K, used 86243K [0x0000000080000000, 0x0000000100000000)
  region size 1024K, 76 young (77824K), 3 survivors (3072K)
 Metaspace       used 4800K, committed 4992K, reserved 491520K
  class space    used 609K, committed 704K, reserved 425984K
}
Event: 1.987 GC heap after
{Heap after GC invocations=3 (full 0):
 garbage-first heap   total 131072K, used 16208K [0x0000000080000000, 0x0000000100000000)
  region size 1024K, 9 young (9216K), 9 survivors (9216K)
 Metaspace       used 4800K, committed 4992K, reserved 491520K
  class space    used 609K, committed 704K, reserved 425984K
}
Event: 4.406 GC heap before
{Heap before GC invocations=3 (full 0):
 garbage-first heap   total 131072K, used 84816K [0x0000000080000000, 0x0000000100000000)
  region size 1024K, 76 young (77824K), 9 survivors (9216K)
 Metaspace       used 16554K, committed 16896K, reserved 491520K
  class space    used 2315K, committed 2496K, reserved 425984K
}
Event: 4.427 GC heap after
{Heap after GC invocations=4 (full 0):
 garbage-first heap   total 131072K, used 20943K [0x0000000080000000, 0x0000000100000000)
  region size 1024K, 6 young (6144K), 6 survivors (6144K)
 Metaspace       used 16554K, committed 16896K, reserved 491520K
  class space    used 2315K, committed 2496K, reserved 425984K
}
Event: 5.916 GC heap before
{Heap before GC invocations=4 (full 0):
 garbage-first heap   total 131072K, used 61903K [0x0000000080000000, 0x0000000100000000)
  region size 1024K, 47 young (48128K), 6 survivors (6144K)
 Metaspace       used 21129K, committed 21504K, reserved 491520K
  class space    used 3071K, committed 3264K, reserved 425984K
}
Event: 5.928 GC heap after
{Heap after GC invocations=5 (full 0):
 garbage-first heap   total 131072K, used 23261K [0x0000000080000000, 0x0000000100000000)
  region size 1024K, 8 young (8192K), 8 survivors (8192K)
 Metaspace       used 21129K, committed 21504K, reserved 491520K
  class space    used 3071K, committed 3264K, reserved 425984K
}
Event: 7.254 GC heap before
{Heap before GC invocations=6 (full 0):
 garbage-first heap   total 86016K, used 66269K [0x0000000080000000, 0x0000000100000000)
  region size 1024K, 50 young (51200K), 8 survivors (8192K)
 Metaspace       used 28169K, committed 28544K, reserved 491520K
  class space    used 3970K, committed 4160K, reserved 425984K
}
Event: 7.272 GC heap after
{Heap after GC invocations=7 (full 0):
 garbage-first heap   total 86016K, used 27293K [0x0000000080000000, 0x0000000100000000)
  region size 1024K, 7 young (7168K), 7 survivors (7168K)
 Metaspace       used 28169K, committed 28544K, reserved 491520K
  class space    used 3970K, committed 4160K, reserved 425984K
}
Event: 7.301 GC heap before
{Heap before GC invocations=7 (full 0):
 garbage-first heap   total 86016K, used 28317K [0x0000000080000000, 0x0000000100000000)
  region size 1024K, 8 young (8192K), 7 survivors (7168K)
 Metaspace       used 28363K, committed 28736K, reserved 491520K
  class space    used 4002K, committed 4224K, reserved 425984K
}
Event: 7.316 GC heap after
{Heap after GC invocations=8 (full 0):
 garbage-first heap   total 86016K, used 27225K [0x0000000080000000, 0x0000000100000000)
  region size 1024K, 1 young (1024K), 1 survivors (1024K)
 Metaspace       used 28363K, committed 28736K, reserved 491520K
  class space    used 4002K, committed 4224K, reserved 425984K
}
Event: 8.023 GC heap before
{Heap before GC invocations=8 (full 0):
 garbage-first heap   total 86016K, used 65113K [0x0000000080000000, 0x0000000100000000)
  region size 1024K, 39 young (39936K), 1 survivors (1024K)
 Metaspace       used 31619K, committed 32064K, reserved 491520K
  class space    used 4442K, committed 4608K, reserved 425984K
}
Event: 8.029 GC heap after
{Heap after GC invocations=9 (full 0):
 garbage-first heap   total 86016K, used 29879K [0x0000000080000000, 0x0000000100000000)
  region size 1024K, 4 young (4096K), 4 survivors (4096K)
 Metaspace       used 31619K, committed 32064K, reserved 491520K
  class space    used 4442K, committed 4608K, reserved 425984K
}

Dll operation events (15 events):
Event: 0.007 Loaded shared library C:\Program Files\Microsoft\jdk-17.0.13.11-hotspot\bin\java.dll
Event: 0.024 Loaded shared library C:\Program Files\Microsoft\jdk-17.0.13.11-hotspot\bin\jsvml.dll
Event: 0.074 Loaded shared library C:\Program Files\Microsoft\jdk-17.0.13.11-hotspot\bin\zip.dll
Event: 0.077 Loaded shared library C:\Program Files\Microsoft\jdk-17.0.13.11-hotspot\bin\instrument.dll
Event: 0.082 Loaded shared library C:\Program Files\Microsoft\jdk-17.0.13.11-hotspot\bin\net.dll
Event: 0.083 Loaded shared library C:\Program Files\Microsoft\jdk-17.0.13.11-hotspot\bin\nio.dll
Event: 0.086 Loaded shared library C:\Program Files\Microsoft\jdk-17.0.13.11-hotspot\bin\zip.dll
Event: 0.375 Loaded shared library C:\Program Files\Microsoft\jdk-17.0.13.11-hotspot\bin\jimage.dll
Event: 0.587 Loaded shared library C:\Program Files\Microsoft\jdk-17.0.13.11-hotspot\bin\verify.dll
Event: 0.697 Loaded shared library C:\Users\Kasher Shahzad\.gradle\native\1def1411415f61bf3af743bc5b6707747c0891f09f0c88961ee8f79bc544acac\windows-amd64\native-platform.dll
Event: 0.714 Loaded shared library C:\Users\Kasher Shahzad\.gradle\native\0.2.7\x86_64-windows-gnu\gradle-fileevents.dll
Event: 2.290 Loaded shared library C:\Program Files\Microsoft\jdk-17.0.13.11-hotspot\bin\management.dll
Event: 2.293 Loaded shared library C:\Program Files\Microsoft\jdk-17.0.13.11-hotspot\bin\management_ext.dll
Event: 2.835 Loaded shared library C:\Program Files\Microsoft\jdk-17.0.13.11-hotspot\bin\extnet.dll
Event: 3.266 Loaded shared library C:\Program Files\Microsoft\jdk-17.0.13.11-hotspot\bin\sunmscapi.dll

Deoptimization events (20 events):
Event: 8.497 Thread 0x0000020c6eca6a40 Uncommon trap: trap_request=0xffffffc6 fr.pc=0x0000020c5b6ec83c relative=0x000000000000023c
Event: 8.497 Thread 0x0000020c6eca6a40 Uncommon trap: reason=bimorphic_or_optimized_type_check action=maybe_recompile pc=0x0000020c5b6ec83c method=java.util.stream.ReferencePipeline.forEachWithCancel(Ljava/util/Spliterator;Ljava/util/stream/Sink;)Z @ 1 c2
Event: 8.497 Thread 0x0000020c6eca6a40 DEOPT PACKING pc=0x0000020c5b6ec83c sp=0x000000ff2d0f91d0
Event: 8.497 Thread 0x0000020c6eca6a40 DEOPT UNPACKING pc=0x0000020c5af969a3 sp=0x000000ff2d0f9178 mode 2
Event: 8.829 Thread 0x0000020c6eca6a40 Uncommon trap: trap_request=0xffffffc6 fr.pc=0x0000020c5b712770 relative=0x0000000000000350
Event: 8.829 Thread 0x0000020c6eca6a40 Uncommon trap: reason=bimorphic_or_optimized_type_check action=maybe_recompile pc=0x0000020c5b712770 method=java.util.stream.AbstractPipeline.copyIntoWithCancel(Ljava/util/stream/Sink;Ljava/util/Spliterator;)Z @ 24 c2
Event: 8.829 Thread 0x0000020c6eca6a40 DEOPT PACKING pc=0x0000020c5b712770 sp=0x000000ff2d0f8280
Event: 8.829 Thread 0x0000020c6eca6a40 DEOPT UNPACKING pc=0x0000020c5af969a3 sp=0x000000ff2d0f8208 mode 2
Event: 8.829 Thread 0x0000020c6eca6a40 Uncommon trap: trap_request=0xffffffc6 fr.pc=0x0000020c5b6ec83c relative=0x000000000000023c
Event: 8.829 Thread 0x0000020c6eca6a40 Uncommon trap: reason=bimorphic_or_optimized_type_check action=maybe_recompile pc=0x0000020c5b6ec83c method=java.util.stream.ReferencePipeline.forEachWithCancel(Ljava/util/Spliterator;Ljava/util/stream/Sink;)Z @ 1 c2
Event: 8.829 Thread 0x0000020c6eca6a40 DEOPT PACKING pc=0x0000020c5b6ec83c sp=0x000000ff2d0f81f0
Event: 8.829 Thread 0x0000020c6eca6a40 DEOPT UNPACKING pc=0x0000020c5af969a3 sp=0x000000ff2d0f8198 mode 2
Event: 8.833 Thread 0x0000020c6eca6a40 Uncommon trap: trap_request=0xffffffc6 fr.pc=0x0000020c5b712770 relative=0x0000000000000350
Event: 8.833 Thread 0x0000020c6eca6a40 Uncommon trap: reason=bimorphic_or_optimized_type_check action=maybe_recompile pc=0x0000020c5b712770 method=java.util.stream.AbstractPipeline.copyIntoWithCancel(Ljava/util/stream/Sink;Ljava/util/Spliterator;)Z @ 24 c2
Event: 8.833 Thread 0x0000020c6eca6a40 DEOPT PACKING pc=0x0000020c5b712770 sp=0x000000ff2d0f8280
Event: 8.833 Thread 0x0000020c6eca6a40 DEOPT UNPACKING pc=0x0000020c5af969a3 sp=0x000000ff2d0f8208 mode 2
Event: 8.833 Thread 0x0000020c6eca6a40 Uncommon trap: trap_request=0xffffffc6 fr.pc=0x0000020c5b6ec83c relative=0x000000000000023c
Event: 8.833 Thread 0x0000020c6eca6a40 Uncommon trap: reason=bimorphic_or_optimized_type_check action=maybe_recompile pc=0x0000020c5b6ec83c method=java.util.stream.ReferencePipeline.forEachWithCancel(Ljava/util/Spliterator;Ljava/util/stream/Sink;)Z @ 1 c2
Event: 8.833 Thread 0x0000020c6eca6a40 DEOPT PACKING pc=0x0000020c5b6ec83c sp=0x000000ff2d0f81f0
Event: 8.833 Thread 0x0000020c6eca6a40 DEOPT UNPACKING pc=0x0000020c5af969a3 sp=0x000000ff2d0f8198 mode 2

Classes loaded (20 events):
Event: 7.888 Loading class java/util/stream/Nodes$FixedNodeBuilder
Event: 7.889 Loading class java/util/stream/Nodes$ArrayNode
Event: 7.889 Loading class java/util/stream/Nodes$ArrayNode done
Event: 7.889 Loading class java/util/stream/Nodes$FixedNodeBuilder done
Event: 7.907 Loading class java/lang/ProcessBuilder
Event: 7.907 Loading class java/lang/ProcessBuilder done
Event: 8.110 Loading class com/sun/beans/finder/MethodFinder
Event: 8.110 Loading class com/sun/beans/finder/AbstractFinder
Event: 8.111 Loading class com/sun/beans/finder/AbstractFinder done
Event: 8.111 Loading class com/sun/beans/finder/MethodFinder done
Event: 8.111 Loading class com/sun/beans/finder/MethodFinder$1
Event: 8.111 Loading class com/sun/beans/finder/MethodFinder$1 done
Event: 8.111 Loading class com/sun/beans/finder/FinderUtils
Event: 8.111 Loading class com/sun/beans/finder/FinderUtils done
Event: 8.252 Loading class java/util/function/IntBinaryOperator
Event: 8.252 Loading class java/util/function/IntBinaryOperator done
Event: 8.285 Loading class sun/reflect/MagicAccessorImpl
Event: 8.285 Loading class sun/reflect/MagicAccessorImpl done
Event: 8.425 Loading class java/util/DualPivotQuicksort
Event: 8.426 Loading class java/util/DualPivotQuicksort done

Classes unloaded (0 events):
No events

Classes redefined (0 events):
No events

Internal exceptions (20 events):
Event: 8.189 Thread 0x0000020c6eca6a40 Exception <a 'java/lang/ClassNotFoundException'{0x000000008517c700}: org/gradle/initialization/DefaultSettingsBeanInfo> (0x000000008517c700) 
thrown [s\src\hotspot\share\classfile\systemDictionary.cpp, line 256]
Event: 8.190 Thread 0x0000020c6eca6a40 Exception <a 'java/lang/ClassNotFoundException'{0x000000008518d118}: org/gradle/api/internal/project/AbstractPluginAwareBeanInfo> (0x000000008518d118) 
thrown [s\src\hotspot\share\classfile\systemDictionary.cpp, line 256]
Event: 8.191 Thread 0x0000020c6eca6a40 Exception <a 'java/lang/ClassNotFoundException'{0x000000008519d268}: org/gradle/api/internal/project/AbstractPluginAwareCustomizer> (0x000000008519d268) 
thrown [s\src\hotspot\share\classfile\systemDictionary.cpp, line 256]
Event: 8.193 Thread 0x0000020c6eca6a40 Exception <a 'java/lang/ClassNotFoundException'{0x00000000851b2e30}: org/gradle/initialization/DefaultSettingsCustomizer> (0x00000000851b2e30) 
thrown [s\src\hotspot\share\classfile\systemDictionary.cpp, line 256]
Event: 8.197 Thread 0x0000020c6eca6a40 Exception <a 'java/lang/ClassNotFoundException'{0x00000000851fac10}: org/gradle/initialization/DefaultSettings_DecoratedCustomizer> (0x00000000851fac10) 
thrown [s\src\hotspot\share\classfile\systemDictionary.cpp, line 256]
Event: 8.239 Thread 0x0000020c6eca6a40 Exception <a 'java/lang/ClassNotFoundException'{0x0000000084fdc5f8}: org/gradle/internal/metaobject/ConfigureDelegateBeanInfo> (0x0000000084fdc5f8) 
thrown [s\src\hotspot\share\classfile\systemDictionary.cpp, line 256]
Event: 8.240 Thread 0x0000020c6eca6a40 Exception <a 'java/lang/ClassNotFoundException'{0x0000000084fed4a8}: org/gradle/internal/metaobject/ConfigureDelegateCustomizer> (0x0000000084fed4a8) 
thrown [s\src\hotspot\share\classfile\systemDictionary.cpp, line 256]
Event: 8.261 Thread 0x0000020c6eca6a40 Exception <a 'java/lang/ClassNotFoundException'{0x0000000084ad1d98}: org/gradle/plugin/management/internal/DefaultPluginManagementSpec_DecoratedBeanInfo> (0x0000000084ad1d98) 
thrown [s\src\hotspot\share\classfile\systemDictionary.cpp, line 256]
Event: 8.262 Thread 0x0000020c6eca6a40 Exception <a 'java/lang/ClassNotFoundException'{0x0000000084ae6f10}: org/gradle/plugin/management/internal/DefaultPluginManagementSpecBeanInfo> (0x0000000084ae6f10) 
thrown [s\src\hotspot\share\classfile\systemDictionary.cpp, line 256]
Event: 8.263 Thread 0x0000020c6eca6a40 Exception <a 'java/lang/ClassNotFoundException'{0x0000000084afb340}: org/gradle/plugin/management/internal/DefaultPluginManagementSpecCustomizer> (0x0000000084afb340) 
thrown [s\src\hotspot\share\classfile\systemDictionary.cpp, line 256]
Event: 8.266 Thread 0x0000020c6eca6a40 Exception <a 'java/lang/ClassNotFoundException'{0x000000008491ffd0}: org/gradle/plugin/management/internal/DefaultPluginManagementSpec_DecoratedCustomizer> (0x000000008491ffd0) 
thrown [s\src\hotspot\share\classfile\systemDictionary.cpp, line 256]
Event: 8.409 Thread 0x0000020c6eca6a40 Exception <a 'java/lang/ClassNotFoundException'{0x0000000084738a00}: org/gradle/plugin/use/internal/PluginRequestCollector$PluginDependenciesSpecImplBeanInfo> (0x0000000084738a00) 
thrown [s\src\hotspot\share\classfile\systemDictionary.cpp, line 256]
Event: 8.414 Thread 0x0000020c6eca6a40 Exception <a 'java/lang/ClassNotFoundException'{0x0000000084749f78}: org/gradle/plugin/use/internal/PluginRequestCollector$PluginDependenciesSpecImplCustomizer> (0x0000000084749f78) 
thrown [s\src\hotspot\share\classfile\systemDictionary.cpp, line 256]
Event: 8.532 Thread 0x0000020c6eca6a40 Exception <a 'java/lang/IncompatibleClassChangeError'{0x000000008446d4a0}: Found class java.lang.Object, but interface was expected> (0x000000008446d4a0) 
thrown [s\src\hotspot\share\interpreter\linkResolver.cpp, line 826]
Event: 8.786 Thread 0x0000020c6eca6a40 Exception <a 'java/lang/NoSuchMethodError'{0x00000000839bd6a0}: 'java.lang.Object java.lang.invoke.DirectMethodHandle$Holder.newInvokeSpecial(java.lang.Object, java.lang.Object, java.lang.Object, java.lang.Object, java.lang.Object, java.lang.Object, java.lang.Object, java.lang.Object, java.lang.Object, java.lang.Object, java.lang.Object)'> (0x00000000839bd6a0) 
thrown [s\src\hotspot\share\interpreter\linkResolver.cpp, line 759]
Event: 8.787 Thread 0x0000020c6eca6a40 Exception <a 'java/lang/NoSuchMethodError'{0x00000000839c31d8}: 'java.lang.Object java.lang.invoke.DirectMethodHandle$Holder.invokeSpecial(java.lang.Object, java.lang.Object, java.lang.Object, java.lang.Object, java.lang.Object, java.lang.Object, java.lang.Object, java.lang.Object, java.lang.Object, java.lang.Object, java.lang.Object, java.lang.Object)'> (0x00000000839c31d8) 
thrown [s\src\hotspot\share\interpreter\linkResolver.cpp, line 759]
Event: 8.787 Thread 0x0000020c6eca6a40 Exception <a 'java/lang/NoSuchMethodError'{0x00000000839c8870}: 'java.lang.Object java.lang.invoke.Invokers$Holder.linkToTargetMethod(java.lang.Object, java.lang.Object, java.lang.Object, java.lang.Object, java.lang.Object, java.lang.Object, java.lang.Object, java.lang.Object, java.lang.Object, java.lang.Object, java.lang.Object)'> (0x00000000839c8870) 
thrown [s\src\hotspot\share\interpreter\linkResolver.cpp, line 759]
Event: 8.802 Thread 0x0000020c6eca6a40 Exception <a 'java/lang/NoSuchMethodError'{0x00000000838616a8}: 'java.lang.Object java.lang.invoke.DirectMethodHandle$Holder.newInvokeSpecial(java.lang.Object, java.lang.Object, java.lang.Object, java.lang.Object, java.lang.Object, java.lang.Object, java.lang.Object, java.lang.Object, java.lang.Object, java.lang.Object, java.lang.Object, java.lang.Object)'> (0x00000000838616a8) 
thrown [s\src\hotspot\share\interpreter\linkResolver.cpp, line 759]
Event: 8.803 Thread 0x0000020c6eca6a40 Exception <a 'java/lang/NoSuchMethodError'{0x00000000838673c8}: 'java.lang.Object java.lang.invoke.DirectMethodHandle$Holder.invokeSpecial(java.lang.Object, java.lang.Object, java.lang.Object, java.lang.Object, java.lang.Object, java.lang.Object, java.lang.Object, java.lang.Object, java.lang.Object, java.lang.Object, java.lang.Object, java.lang.Object, java.lang.Object)'> (0x00000000838673c8) 
thrown [s\src\hotspot\share\interpreter\linkResolver.cpp, line 759]
Event: 8.803 Thread 0x0000020c6eca6a40 Exception <a 'java/lang/NoSuchMethodError'{0x000000008386cbe8}: 'java.lang.Object java.lang.invoke.Invokers$Holder.linkToTargetMethod(java.lang.Object, java.lang.Object, java.lang.Object, java.lang.Object, java.lang.Object, java.lang.Object, java.lang.Object, java.lang.Object, java.lang.Object, java.lang.Object, java.lang.Object, java.lang.Object)'> (0x000000008386cbe8) 
thrown [s\src\hotspot\share\interpreter\linkResolver.cpp, line 759]

VM Operations (20 events):
Event: 7.301 Executing VM operation: G1CollectForAllocation
Event: 7.316 Executing VM operation: G1CollectForAllocation done
Event: 7.368 Executing VM operation: HandshakeAllThreads
Event: 7.368 Executing VM operation: HandshakeAllThreads done
Event: 7.369 Executing VM operation: HandshakeAllThreads
Event: 7.369 Executing VM operation: HandshakeAllThreads done
Event: 7.377 Executing VM operation: HandshakeAllThreads
Event: 7.377 Executing VM operation: HandshakeAllThreads done
Event: 7.490 Executing VM operation: HandshakeAllThreads
Event: 7.490 Executing VM operation: HandshakeAllThreads done
Event: 7.745 Executing VM operation: HandshakeAllThreads
Event: 7.745 Executing VM operation: HandshakeAllThreads done
Event: 7.763 Executing VM operation: HandshakeAllThreads
Event: 7.764 Executing VM operation: HandshakeAllThreads done
Event: 7.765 Executing VM operation: HandshakeAllThreads
Event: 7.765 Executing VM operation: HandshakeAllThreads done
Event: 7.873 Executing VM operation: ICBufferFull
Event: 7.873 Executing VM operation: ICBufferFull done
Event: 8.023 Executing VM operation: G1CollectForAllocation
Event: 8.029 Executing VM operation: G1CollectForAllocation done

Memory protections (0 events):
No events

Nmethod flushes (0 events):
No events

Events (20 events):
Event: 3.251 Thread 0x0000020c4bed48c0 Thread added: 0x0000020c6ecf2d40
Event: 3.315 Thread 0x0000020c6ed087e0 Thread added: 0x0000020c6f217180
Event: 3.328 Thread 0x0000020c6f217180 Thread added: 0x0000020c6f158a80
Event: 3.401 Thread 0x0000020c6f217180 Thread added: 0x0000020c6ecaa1f0
Event: 3.413 Thread 0x0000020c6f217180 Thread added: 0x0000020c6eca6a40
Event: 3.427 Thread 0x0000020c6eca6a40 Thread added: 0x0000020c6eca7460
Event: 3.431 Thread 0x0000020c6eca6a40 Thread added: 0x0000020c6eca7970
Event: 3.436 Thread 0x0000020c6eca6a40 Thread added: 0x0000020c6eca9ce0
Event: 3.928 Thread 0x0000020c6eca6a40 Thread added: 0x0000020c6eca7e80
Event: 3.941 Thread 0x0000020c6eca6a40 Thread added: 0x0000020c6eca8390
Event: 3.985 Thread 0x0000020c6eca6a40 Thread added: 0x0000020c6eca8db0
Event: 5.202 Thread 0x0000020c6eca6a40 Thread added: 0x0000020c6eca88a0
Event: 5.236 Thread 0x0000020c6eca6a40 Thread added: 0x0000020c6eca97d0
Event: 5.672 Thread 0x0000020c69ae92e0 Thread added: 0x0000020c69ae6db0
Event: 6.099 Thread 0x0000020c6eca6a40 Thread added: 0x0000020c6fada960
Event: 6.111 Thread 0x0000020c6eca6a40 Thread added: 0x0000020c6fadeb30
Event: 7.848 Thread 0x0000020c6eca6a40 Thread added: 0x0000020c6fadae70
Event: 8.023 Thread 0x0000020c6eca6a40 Thread added: 0x0000020c6fad9f40
Event: 8.063 Thread 0x0000020c6eca6a40 Thread added: 0x0000020c6fade620
Event: 8.816 Thread 0x0000020c6eca6a40 Thread added: 0x0000020c6fadd1e0


Dynamic libraries:
0x00007ff7472b0000 - 0x00007ff7472be000 	C:\Program Files\Microsoft\jdk-17.0.13.11-hotspot\bin\java.exe
0x00007ffab2360000 - 0x00007ffab2569000 	C:\Windows\SYSTEM32\ntdll.dll
0x00007ffab0a90000 - 0x00007ffab0b4d000 	C:\Windows\System32\KERNEL32.DLL
0x00007ffaafcc0000 - 0x00007ffab0044000 	C:\Windows\System32\KERNELBASE.dll
0x00007ffaafba0000 - 0x00007ffaafcb1000 	C:\Windows\System32\ucrtbase.dll
0x00007ffaa0b10000 - 0x00007ffaa0b2d000 	C:\Program Files\Microsoft\jdk-17.0.13.11-hotspot\bin\VCRUNTIME140.dll
0x00007ffaa0840000 - 0x00007ffaa0857000 	C:\Program Files\Microsoft\jdk-17.0.13.11-hotspot\bin\jli.dll
0x00007ffab1e70000 - 0x00007ffab201d000 	C:\Windows\System32\USER32.dll
0x00007ffa9b2c0000 - 0x00007ffa9b565000 	C:\Windows\WinSxS\amd64_microsoft.windows.common-controls_6595b64144ccf1df_6.0.22000.120_none_9d947278b86cc467\COMCTL32.dll
0x00007ffab0050000 - 0x00007ffab0076000 	C:\Windows\System32\win32u.dll
0x00007ffab1590000 - 0x00007ffab1633000 	C:\Windows\System32\msvcrt.dll
0x00007ffab1550000 - 0x00007ffab157a000 	C:\Windows\System32\GDI32.dll
0x00007ffaaf960000 - 0x00007ffaafa7e000 	C:\Windows\System32\gdi32full.dll
0x00007ffaafb00000 - 0x00007ffaafb9d000 	C:\Windows\System32\msvcp_win.dll
0x00007ffab03d0000 - 0x00007ffab0401000 	C:\Windows\System32\IMM32.DLL
0x00007ffaab2c0000 - 0x00007ffaab2cc000 	C:\Program Files\Microsoft\jdk-17.0.13.11-hotspot\bin\vcruntime140_1.dll
0x00007ffa9d520000 - 0x00007ffa9d5ad000 	C:\Program Files\Microsoft\jdk-17.0.13.11-hotspot\bin\msvcp140.dll
0x00007ffa62130000 - 0x00007ffa62da1000 	C:\Program Files\Microsoft\jdk-17.0.13.11-hotspot\bin\server\jvm.dll
0x00007ffab05d0000 - 0x00007ffab067e000 	C:\Windows\System32\ADVAPI32.dll
0x00007ffab0260000 - 0x00007ffab02fe000 	C:\Windows\System32\sechost.dll
0x00007ffab1d40000 - 0x00007ffab1e61000 	C:\Windows\System32\RPCRT4.dll
0x00007ffab1cd0000 - 0x00007ffab1d3f000 	C:\Windows\System32\WS2_32.dll
0x00007ffaaf6c0000 - 0x00007ffaaf70d000 	C:\Windows\SYSTEM32\POWRPROF.dll
0x00007ffaa7b80000 - 0x00007ffaa7bb3000 	C:\Windows\SYSTEM32\WINMM.dll
0x00007ffaa2170000 - 0x00007ffaa217a000 	C:\Windows\SYSTEM32\VERSION.dll
0x00007ffaaf6a0000 - 0x00007ffaaf6b3000 	C:\Windows\SYSTEM32\UMPDC.dll
0x00007ffaae860000 - 0x00007ffaae878000 	C:\Windows\SYSTEM32\kernel.appcore.dll
0x00007ffaa8660000 - 0x00007ffaa866a000 	C:\Program Files\Microsoft\jdk-17.0.13.11-hotspot\bin\jimage.dll
0x00007ffaad190000 - 0x00007ffaad3b1000 	C:\Windows\SYSTEM32\DBGHELP.DLL
0x00007ffa93950000 - 0x00007ffa93981000 	C:\Windows\SYSTEM32\dbgcore.DLL
0x00007ffaafa80000 - 0x00007ffaafaff000 	C:\Windows\System32\bcryptPrimitives.dll
0x00007ffa9e420000 - 0x00007ffa9e42e000 	C:\Program Files\Microsoft\jdk-17.0.13.11-hotspot\bin\instrument.dll
0x00007ffa9fcb0000 - 0x00007ffa9fcd5000 	C:\Program Files\Microsoft\jdk-17.0.13.11-hotspot\bin\java.dll
0x00007ffa9a490000 - 0x00007ffa9a567000 	C:\Program Files\Microsoft\jdk-17.0.13.11-hotspot\bin\jsvml.dll
0x00007ffab0cf0000 - 0x00007ffab14b5000 	C:\Windows\System32\SHELL32.dll
0x00007ffaad8c0000 - 0x00007ffaae122000 	C:\Windows\SYSTEM32\windows.storage.dll
0x00007ffab0690000 - 0x00007ffab0a06000 	C:\Windows\System32\combase.dll
0x00007ffaad750000 - 0x00007ffaad8b7000 	C:\Windows\SYSTEM32\wintypes.dll
0x00007ffab2020000 - 0x00007ffab210a000 	C:\Windows\System32\SHCORE.dll
0x00007ffab0a30000 - 0x00007ffab0a8d000 	C:\Windows\System32\shlwapi.dll
0x00007ffaaf720000 - 0x00007ffaaf745000 	C:\Windows\SYSTEM32\profapi.dll
0x00007ffa9f3e0000 - 0x00007ffa9f3f8000 	C:\Program Files\Microsoft\jdk-17.0.13.11-hotspot\bin\zip.dll
0x00007ffaa0760000 - 0x00007ffaa077a000 	C:\Program Files\Microsoft\jdk-17.0.13.11-hotspot\bin\net.dll
0x00007ffaa7e20000 - 0x00007ffaa7f34000 	C:\Windows\SYSTEM32\WINHTTP.dll
0x00007ffaaed10000 - 0x00007ffaaed77000 	C:\Windows\system32\mswsock.dll
0x00007ffaa06e0000 - 0x00007ffaa06f6000 	C:\Program Files\Microsoft\jdk-17.0.13.11-hotspot\bin\nio.dll
0x00007ffaa0c80000 - 0x00007ffaa0c90000 	C:\Program Files\Microsoft\jdk-17.0.13.11-hotspot\bin\verify.dll
0x00007ffa9e430000 - 0x00007ffa9e457000 	C:\Users\Kasher Shahzad\.gradle\native\1def1411415f61bf3af743bc5b6707747c0891f09f0c88961ee8f79bc544acac\windows-amd64\native-platform.dll
0x00007ffa9ce20000 - 0x00007ffa9ce98000 	C:\Users\Kasher Shahzad\.gradle\native\0.2.7\x86_64-windows-gnu\gradle-fileevents.dll
0x00007ffaa0aa0000 - 0x00007ffaa0aaa000 	C:\Program Files\Microsoft\jdk-17.0.13.11-hotspot\bin\management.dll
0x00007ffaa0630000 - 0x00007ffaa063b000 	C:\Program Files\Microsoft\jdk-17.0.13.11-hotspot\bin\management_ext.dll
0x00007ffab17b0000 - 0x00007ffab17b8000 	C:\Windows\System32\PSAPI.DLL
0x00007ffaae380000 - 0x00007ffaae3ad000 	C:\Windows\SYSTEM32\IPHLPAPI.DLL
0x00007ffab1540000 - 0x00007ffab1549000 	C:\Windows\System32\NSI.dll
0x00007ffaa7fb0000 - 0x00007ffaa7fc9000 	C:\Windows\SYSTEM32\dhcpcsvc6.DLL
0x00007ffaa8170000 - 0x00007ffaa818e000 	C:\Windows\SYSTEM32\dhcpcsvc.DLL
0x00007ffaae3f0000 - 0x00007ffaae4d7000 	C:\Windows\SYSTEM32\DNSAPI.dll
0x00007ffa9ec90000 - 0x00007ffa9ec99000 	C:\Program Files\Microsoft\jdk-17.0.13.11-hotspot\bin\extnet.dll
0x00007ffaaef50000 - 0x00007ffaaef68000 	C:\Windows\SYSTEM32\CRYPTSP.dll
0x00007ffaae7c0000 - 0x00007ffaae7f5000 	C:\Windows\system32\rsaenh.dll
0x00007ffaaee00000 - 0x00007ffaaee2c000 	C:\Windows\SYSTEM32\USERENV.dll
0x00007ffaaf0d0000 - 0x00007ffaaf0f7000 	C:\Windows\SYSTEM32\bcrypt.dll
0x00007ffaaef70000 - 0x00007ffaaef7c000 	C:\Windows\SYSTEM32\CRYPTBASE.dll
0x00007ffa9e3d0000 - 0x00007ffa9e3de000 	C:\Program Files\Microsoft\jdk-17.0.13.11-hotspot\bin\sunmscapi.dll
0x00007ffaaf7f0000 - 0x00007ffaaf952000 	C:\Windows\System32\CRYPT32.dll
0x00007ffaaf0a0000 - 0x00007ffaaf0c8000 	C:\Windows\SYSTEM32\ncrypt.dll
0x00007ffaaf060000 - 0x00007ffaaf097000 	C:\Windows\SYSTEM32\NTASN1.dll
0x00007ffa8d060000 - 0x00007ffa8d068000 	C:\Windows\system32\wshunix.dll

dbghelp: loaded successfully - version: 4.0.5 - missing functions: none
symbol engine: initialized successfully - sym options: 0x614 - pdb path: .;C:\Program Files\Microsoft\jdk-17.0.13.11-hotspot\bin;C:\Windows\SYSTEM32;C:\Windows\WinSxS\amd64_microsoft.windows.common-controls_6595b64144ccf1df_6.0.22000.120_none_9d947278b86cc467;C:\Program Files\Microsoft\jdk-17.0.13.11-hotspot\bin\server;C:\Users\Kasher Shahzad\.gradle\native\1def1411415f61bf3af743bc5b6707747c0891f09f0c88961ee8f79bc544acac\windows-amd64;C:\Users\Kasher Shahzad\.gradle\native\0.2.7\x86_64-windows-gnu

VM Arguments:
jvm_args: --add-opens=java.base/java.lang=ALL-UNNAMED --add-opens=java.base/java.lang.invoke=ALL-UNNAMED --add-opens=java.base/java.util=ALL-UNNAMED --add-opens=java.prefs/java.util.prefs=ALL-UNNAMED --add-exports=jdk.compiler/com.sun.tools.javac.api=ALL-UNNAMED --add-exports=jdk.compiler/com.sun.tools.javac.util=ALL-UNNAMED --add-opens=java.base/java.util=ALL-UNNAMED --add-opens=java.prefs/java.util.prefs=ALL-UNNAMED --add-opens=java.base/java.nio.charset=ALL-UNNAMED --add-opens=java.base/java.net=ALL-UNNAMED --add-opens=java.base/java.util.concurrent.atomic=ALL-UNNAMED --add-opens=java.xml/javax.xml.namespace=ALL-UNNAMED -XX:MaxMetaspaceSize=512m -Xmx2048m -Dfile.encoding=windows-1252 -Duser.country=US -Duser.language=en -Duser.variant -javaagent:C:\Users\Kasher Shahzad\.gradle\wrapper\dists\gradle-8.13-bin\5xuhj0ry160q40clulazy9h7d\gradle-8.13\lib\agents\gradle-instrumentation-agent-8.13.jar 
java_command: org.gradle.launcher.daemon.bootstrap.GradleDaemon 8.13
java_class_path (initial): C:\Users\Kasher Shahzad\.gradle\wrapper\dists\gradle-8.13-bin\5xuhj0ry160q40clulazy9h7d\gradle-8.13\lib\gradle-daemon-main-8.13.jar
Launcher Type: SUN_STANDARD

[Global flags]
     intx CICompilerCount                          = 3                                         {product} {ergonomic}
   size_t CompressedClassSpaceSize                 = 436207616                                 {product} {ergonomic}
     uint ConcGCThreads                            = 1                                         {product} {ergonomic}
     uint G1ConcRefinementThreads                  = 4                                         {product} {ergonomic}
   size_t G1HeapRegionSize                         = 1048576                                   {product} {ergonomic}
    uintx GCDrainStackTargetSize                   = 64                                        {product} {ergonomic}
   size_t InitialHeapSize                          = 134217728                                 {product} {ergonomic}
   size_t MarkStackSize                            = 4194304                                   {product} {ergonomic}
   size_t MaxHeapSize                              = 2147483648                                {product} {command line}
   size_t MaxMetaspaceSize                         = 536870912                                 {product} {command line}
   size_t MaxNewSize                               = 1287651328                                {product} {ergonomic}
   size_t MinHeapDeltaBytes                        = 1048576                                   {product} {ergonomic}
   size_t MinHeapSize                              = 8388608                                   {product} {ergonomic}
    uintx NonNMethodCodeHeapSize                   = 5832780                                {pd product} {ergonomic}
    uintx NonProfiledCodeHeapSize                  = 122912730                              {pd product} {ergonomic}
    uintx ProfiledCodeHeapSize                     = 122912730                              {pd product} {ergonomic}
    uintx ReservedCodeCacheSize                    = 251658240                              {pd product} {ergonomic}
     bool SegmentedCodeCache                       = true                                      {product} {ergonomic}
   size_t SoftMaxHeapSize                          = 2147483648                             {manageable} {ergonomic}
     bool UseCompressedClassPointers               = true                           {product lp64_product} {ergonomic}
     bool UseCompressedOops                        = true                           {product lp64_product} {ergonomic}
     bool UseG1GC                                  = true                                      {product} {ergonomic}
     bool UseLargePagesIndividualAllocation        = false                                  {pd product} {ergonomic}

Logging:
Log output configuration:
 #0: stdout all=warning uptime,level,tags
 #1: stderr all=off uptime,level,tags

Environment Variables:
JAVA_HOME=C:\Program Files\Microsoft\jdk-17.0.13.11-hotspot\
CLASSPATH=D:\Backup\Projects\React Native\tailwind config\tailwind\android\\gradle\wrapper\gradle-wrapper.jar
PATH=D:\Backup\Projects\React Native\tailwind config\tailwind\node_modules\.bin;D:\Backup\Projects\React Native\tailwind config\tailwind\node_modules\.bin;D:\Backup\Projects\React Native\tailwind config\node_modules\.bin;D:\Backup\Projects\React Native\node_modules\.bin;D:\Backup\Projects\node_modules\.bin;D:\Backup\node_modules\.bin;D:\node_modules\.bin;C:\Users\Kasher Shahzad\AppData\Roaming\npm\node_modules\npm\node_modules\@npmcli\run-script\lib\node-gyp-bin;C:\Program Files\Microsoft\jdk-17.0.13.11-hotspot\bin;C:\Windows\system32;C:\Windows;C:\Windows\System32\Wbem;C:\Windows\System32\WindowsPowerShell\v1.0\;C:\Windows\System32\OpenSSH\;C:\Program Files\dotnet\;C:\Program Files (x86)\Intel\Intel(R) Management Engine Components\DAL;C:\Program Files\Intel\Intel(R) Management Engine Components\DAL;C:\ProgramData\chocolatey\bin;C:\Program Files (x86)\Git\cmd;C:\Users\Kasher Shahzad\AppData\Local\Android\Sdk;C:\Users\Kasher Shahzad\AppData\Local\Android\Sdk\platforms;C:\Users\Kasher Shahzad\AppData\Local\Android\Sdk\platform-tools;C:\Users\Kasher Shahzad\AppData\Local\Android\Sdk\emulator;C:\Users\Kasher Shahzad\AppData\Roaming\nvm;C:\Program Files\nodejs;C:\Program Files (x86)\dotnet\;C:\Users\Kasher Shahzad\AppData\Local\Android\Sdk\ndk\27.1.12297006;C:\Users\Kasher Shahzad\AppData\Local\Android\Sdk\tools;C:\Users\Kasher Shahzad\AppData\Local\Microsoft\WindowsApps;C:\Users\Kasher Shahzad\AppData\Roaming\npm;C:\Users\Kasher Shahzad\AppData\Local\Android\Sdk;C:\Users\Kasher Shahzad\AppData\Local\Android\Sdk\platforms;C:\Users\Kasher Shahzad\AppData\Local\Android\Sdk\emulator;C:\Users\Kasher Shahzad\AppData\Local\Android\Sdk\platform-tools;C:\Users\Kasher Shahzad\AppData\Local\Programs\Microsoft VS Code\bin;C:\Users\Kasher Shahzad\AppData\Roaming\nvm;C:\Program Files\nodejs;C:\Users\Kasher Shahzad\AppData\Local\Android\Sdk\ndk\27.1.12297006;
USERNAME=Kasher Shahzad
OS=Windows_NT
PROCESSOR_IDENTIFIER=Intel64 Family 6 Model 78 Stepping 3, GenuineIntel
TMP=C:\Users\KASHER~1\AppData\Local\Temp
TEMP=C:\Users\KASHER~1\AppData\Local\Temp



Periodic native trim disabled


---------------  S Y S T E M  ---------------

OS:
 Windows 11 , 64 bit Build 22000 (10.0.22000.2538)
OS uptime: 6 days 4:05 hours

CPU: total 4 (initial active 4) (2 cores per cpu, 2 threads per core) family 6 model 78 stepping 3 microcode 0xec, cx8, cmov, fxsr, ht, mmx, 3dnowpref, sse, sse2, sse3, ssse3, sse4.1, sse4.2, popcnt, lzcnt, tsc, tscinvbit, avx, avx2, aes, erms, clmul, bmi1, bmi2, rtm, adx, fma, vzeroupper, clflush, clflushopt
Processor Information for the first 4 processors :
  Max Mhz: 2808, Current Mhz: 2607, Mhz Limit: 2583

Memory: 4k page, system-wide physical 8072M (441M free)
TotalPageFile size 24456M (AvailPageFile size 11M)
current process WorkingSet (physical memory assigned to process): 234M, peak: 237M
current process commit charge ("private bytes"): 269M, peak: 275M

vm_info: OpenJDK 64-Bit Server VM (17.0.13+11-LTS) for windows-amd64 JRE (17.0.13+11-LTS), built on Oct 11 2024 23:25:05 by "MicrosoftCorporation" with unknown MS VC++:1939

END.
